[2025-09-07 13:17:06] This is codeql database create db-emailservice --language=python --source-root=src/emailservice
[2025-09-07 13:17:06] Log file was started late.
[2025-09-07 13:17:06] [PROGRESS] database create> Initializing database at /workspaces/demo-private/db-emailservice.
[2025-09-07 13:17:06] Running plumbing command: codeql database init --language=python --extractor-options-verbosity=1 --qlconfig-file=/workspaces/demo-private/qlconfig.yml --source-root=/workspaces/demo-private/src/emailservice --allow-missing-source-root=false --allow-already-existing -- /workspaces/demo-private/db-emailservice
[2025-09-07 13:17:06] Calling plumbing command: codeql resolve languages --extractor-options-verbosity=1 --format=betterjson
[2025-09-07 13:17:06] [DETAILS] resolve languages> Scanning for [codeql-extractor.yml] from /opt/codeql-latest/codeql/.codeqlmanifest.json
[2025-09-07 13:17:06] [DETAILS] resolve languages> Parsing /opt/codeql-latest/codeql/go/codeql-extractor.yml.
[2025-09-07 13:17:06] [DETAILS] resolve languages> Parsing /opt/codeql-latest/codeql/ruby/codeql-extractor.yml.
[2025-09-07 13:17:06] [DETAILS] resolve languages> Parsing /opt/codeql-latest/codeql/swift/codeql-extractor.yml.
[2025-09-07 13:17:06] [DETAILS] resolve languages> Parsing /opt/codeql-latest/codeql/xml/codeql-extractor.yml.
[2025-09-07 13:17:06] [DETAILS] resolve languages> Parsing /opt/codeql-latest/codeql/actions/codeql-extractor.yml.
[2025-09-07 13:17:06] [DETAILS] resolve languages> Parsing /opt/codeql-latest/codeql/html/codeql-extractor.yml.
[2025-09-07 13:17:06] [DETAILS] resolve languages> Parsing /opt/codeql-latest/codeql/javascript/codeql-extractor.yml.
[2025-09-07 13:17:06] [DETAILS] resolve languages> Parsing /opt/codeql-latest/codeql/properties/codeql-extractor.yml.
[2025-09-07 13:17:06] [DETAILS] resolve languages> Parsing /opt/codeql-latest/codeql/cpp/codeql-extractor.yml.
[2025-09-07 13:17:06] [DETAILS] resolve languages> Parsing /opt/codeql-latest/codeql/rust/codeql-extractor.yml.
[2025-09-07 13:17:06] [DETAILS] resolve languages> Parsing /opt/codeql-latest/codeql/csharp/codeql-extractor.yml.
[2025-09-07 13:17:06] [DETAILS] resolve languages> Parsing /opt/codeql-latest/codeql/csv/codeql-extractor.yml.
[2025-09-07 13:17:06] [DETAILS] resolve languages> Parsing /opt/codeql-latest/codeql/python/codeql-extractor.yml.
[2025-09-07 13:17:06] [DETAILS] resolve languages> Parsing /opt/codeql-latest/codeql/java/codeql-extractor.yml.
[2025-09-07 13:17:06] [DETAILS] resolve languages> Parsing /opt/codeql-latest/codeql/yaml/codeql-extractor.yml.
[2025-09-07 13:17:06] Plumbing command codeql resolve languages completed:
                      {
                        "aliases" : {
                          "c" : "cpp",
                          "c++" : "cpp",
                          "c-c++" : "cpp",
                          "c-cpp" : "cpp",
                          "c#" : "csharp",
                          "java-kotlin" : "java",
                          "kotlin" : "java",
                          "javascript-typescript" : "javascript",
                          "typescript" : "javascript"
                        },
                        "extractors" : {
                          "go" : [
                            {
                              "extractor_root" : "/opt/codeql-latest/codeql/go",
                              "extractor_options" : {
                                "extract_tests" : {
                                  "title" : "Whether to include Go test files in the CodeQL database.",
                                  "description" : "A value indicating whether Go test files should be included in the CodeQL database. The default is 'false'.\n",
                                  "type" : "string",
                                  "pattern" : "^(false|true)$"
                                },
                                "extract_vendor_dirs" : {
                                  "title" : "Whether to include Go vendor directories in the CodeQL database.",
                                  "description" : "A value indicating whether Go vendor directories should be included in the CodeQL database. The default is 'false'.\n",
                                  "type" : "string",
                                  "pattern" : "^(false|true)$"
                                }
                              }
                            }
                          ],
                          "ruby" : [
                            {
                              "extractor_root" : "/opt/codeql-latest/codeql/ruby",
                              "extractor_options" : {
                                "trap" : {
                                  "title" : "Options pertaining to TRAP.",
                                  "description" : "Options pertaining to TRAP.",
                                  "type" : "object",
                                  "properties" : {
                                    "compression" : {
                                      "title" : "Controls compression for the TRAP files written by the extractor.",
                                      "description" : "This option is only intended for use in debugging the extractor. Accepted values are 'gzip' (the default, to write gzip-compressed TRAP) 'zstd' (to write Zstandard-compressed TRAP) and 'none' (to write uncompressed TRAP).\n",
                                      "type" : "string",
                                      "pattern" : "^(none|gzip|zstd)$"
                                    }
                                  }
                                }
                              }
                            }
                          ],
                          "swift" : [
                            {
                              "extractor_root" : "/opt/codeql-latest/codeql/swift"
                            }
                          ],
                          "xml" : [
                            {
                              "extractor_root" : "/opt/codeql-latest/codeql/xml"
                            }
                          ],
                          "actions" : [
                            {
                              "extractor_root" : "/opt/codeql-latest/codeql/actions",
                              "extractor_options" : { }
                            }
                          ],
                          "html" : [
                            {
                              "extractor_root" : "/opt/codeql-latest/codeql/html"
                            }
                          ],
                          "javascript" : [
                            {
                              "extractor_root" : "/opt/codeql-latest/codeql/javascript",
                              "extractor_options" : {
                                "skip_types" : {
                                  "title" : "Skip type extraction for TypeScript",
                                  "description" : "Whether to skip the extraction of types in a TypeScript application",
                                  "type" : "string",
                                  "pattern" : "^(false|true)$"
                                }
                              }
                            }
                          ],
                          "properties" : [
                            {
                              "extractor_root" : "/opt/codeql-latest/codeql/properties"
                            }
                          ],
                          "cpp" : [
                            {
                              "extractor_root" : "/opt/codeql-latest/codeql/cpp",
                              "extractor_options" : {
                                "scale_timeouts" : {
                                  "title" : "Value to scale compiler introspection timeouts with",
                                  "description" : "The extractor attempts to determine what compiler the source code being extracted is compiled with. To this end the extractor makes additional calls to the compiler, some of which are expected to return within a certain fixed time (either 10s or 15s). On some systems that are under high load this time might be too short, and can be scaled up using this option.\n",
                                  "type" : "string",
                                  "pattern" : "[0-9]+"
                                },
                                "log_verbosity" : {
                                  "title" : "Verbosity of the extractor logging",
                                  "description" : "Set the verbosity of the extractor logging to 'quiet' (0), 'normal' (1), 'chatty' (2), or 'noisy' (3). The default is 'normal'.\n",
                                  "type" : "string",
                                  "pattern" : "[0-3]"
                                }
                              }
                            }
                          ],
                          "rust" : [
                            {
                              "extractor_root" : "/opt/codeql-latest/codeql/rust",
                              "extractor_options" : {
                                "trap" : {
                                  "title" : "Options pertaining to TRAP.",
                                  "description" : "Options pertaining to TRAP.",
                                  "type" : "object",
                                  "properties" : {
                                    "compression" : {
                                      "title" : "Controls compression for the TRAP files written by the extractor.",
                                      "description" : "This option is only intended for use in debugging the extractor. Accepted values are 'gzip' (to write gzip-compressed TRAP) 'zstd' (to write Zstandard-compressed TRAP) and 'none' (the default, to write uncompressed TRAP).\n",
                                      "type" : "string",
                                      "pattern" : "^(none|gzip|zstd)$"
                                    }
                                  }
                                },
                                "cargo_target_dir" : {
                                  "title" : "Directory to use for cargo output files.",
                                  "description" : "This value is an optional path to use as `CARGO_TARGET_DIR` for the internal cargo commands the extractor uses. Pointing it to a persistent directory may reduce execution time of consecutive extractor runs. By default, a new scratch directory is used for each run.\n",
                                  "type" : "string"
                                },
                                "cargo_target" : {
                                  "title" : "Target architecture",
                                  "description" : "Target architecture to use for analysis, analogous to `cargo --target`. By default the host architecture is used.\n",
                                  "type" : "string"
                                },
                                "cargo_features" : {
                                  "title" : "Cargo features to turn on",
                                  "description" : "Comma-separated list of features to turn on. By default all features are enabled. If any features are specified, then only those features are enabled. The `default` feature must be explicitly specified if only default features are desired. Can be repeated.\n",
                                  "type" : "array"
                                },
                                "cargo_cfg_overrides" : {
                                  "title" : "Cargo cfg overrides",
                                  "description" : "Comma-separated list of cfg settings to enable, or disable if prefixed with `-`. Can be repeated.\n",
                                  "type" : "array"
                                },
                                "logging" : {
                                  "title" : "Options pertaining to logging.",
                                  "description" : "Options pertaining to logging.",
                                  "type" : "object",
                                  "properties" : {
                                    "verbosity" : {
                                      "title" : "Extractor logging verbosity level.",
                                      "description" : "Controls the level of verbosity of the extractor. The supported levels are (in order of increasing verbosity):\n  - off\n  - errors\n  - warnings\n  - info or progress\n  - debug or progress+\n  - trace or progress++\n  - progress+++\n",
                                      "type" : "string",
                                      "pattern" : "^(off|errors|warnings|(info|progress)|(debug|progress\\+)|(trace|progress\\+\\+)|progress\\+\\+\\+)$"
                                    },
                                    "flamegraph" : {
                                      "title" : "[Experimental] File path for write flame graph log",
                                      "description" : "Collect flame graph data using the `tracing-flame` crate. To render a flame graph or chart, run the `inferno-flamegraph` command. See also: https://crates.io/crates/tracing-flame\n",
                                      "type" : "string"
                                    }
                                  }
                                },
                                "extract_dependencies_as_source" : {
                                  "title" : "Extract dependencies as source code",
                                  "description" : "Extract the full source code of dependencies instead of only extracting signatures.\n",
                                  "type" : "string",
                                  "pattern" : "^(false|true)$"
                                }
                              }
                            }
                          ],
                          "csharp" : [
                            {
                              "extractor_root" : "/opt/codeql-latest/codeql/csharp",
                              "extractor_options" : {
                                "trap" : {
                                  "title" : "Options pertaining to TRAP.",
                                  "description" : "Options pertaining to TRAP.",
                                  "type" : "object",
                                  "properties" : {
                                    "compression" : {
                                      "title" : "Controls compression for the TRAP files written by the extractor.",
                                      "description" : "This option is only intended for use in debugging the extractor. Accepted values are 'brotli' (the default, to write brotli-compressed TRAP), 'gzip', and 'none' (to write uncompressed TRAP).\n",
                                      "type" : "string",
                                      "pattern" : "^(none|gzip|brotli)$"
                                    }
                                  }
                                },
                                "buildless" : {
                                  "title" : "DEPRECATED - Whether to use buildless (standalone) extraction.",
                                  "description" : "DEPRECATED: Use `--build-mode none` instead.\nA value indicating, which type of extraction the autobuilder should perform. If 'true', then the standalone extractor will be used, otherwise tracing extraction will be performed. The default is 'false'. Note that buildless extraction will generally yield less accurate analysis results, and should only be used in cases where it is not possible to build the code (for example if it uses inaccessible dependencies).\n",
                                  "type" : "string",
                                  "pattern" : "^(false|true)$"
                                },
                                "logging" : {
                                  "title" : "Options pertaining to logging.",
                                  "description" : "Options pertaining to logging.",
                                  "type" : "object",
                                  "properties" : {
                                    "verbosity" : {
                                      "title" : "Extractor logging verbosity level.",
                                      "description" : "Controls the level of verbosity of the extractor. The supported levels are (in order of increasing verbosity):\n  - off\n  - errors\n  - warnings\n  - info or progress\n  - debug or progress+\n  - trace or progress++\n  - progress+++\n",
                                      "type" : "string",
                                      "pattern" : "^(off|errors|warnings|(info|progress)|(debug|progress\\+)|(trace|progress\\+\\+)|progress\\+\\+\\+)$"
                                    }
                                  }
                                },
                                "binlog" : {
                                  "title" : "Binlog",
                                  "description" : "[EXPERIMENTAL] The value is a path to the MsBuild binary log file that should be extracted. This option only works when `--build-mode none` is also specified.\n",
                                  "type" : "array"
                                }
                              }
                            }
                          ],
                          "csv" : [
                            {
                              "extractor_root" : "/opt/codeql-latest/codeql/csv"
                            }
                          ],
                          "python" : [
                            {
                              "extractor_root" : "/opt/codeql-latest/codeql/python",
                              "extractor_options" : {
                                "logging" : {
                                  "title" : "Options pertaining to logging.",
                                  "description" : "Options pertaining to logging.",
                                  "type" : "object",
                                  "properties" : {
                                    "verbosity" : {
                                      "title" : "Python extractor logging verbosity level.",
                                      "description" : "Controls the level of verbosity of the CodeQL Python extractor.\nThe supported levels are (in order of increasing verbosity):\n\n  - off\n  - errors\n  - warnings\n  - info or progress\n  - debug or progress+\n  - trace or progress++\n  - progress+++\n",
                                      "type" : "string",
                                      "pattern" : "^(off|errors|warnings|(info|progress)|(debug|progress\\+)|(trace|progress\\+\\+)|progress\\+\\+\\+)$"
                                    }
                                  }
                                },
                                "python_executable_name" : {
                                  "title" : "Controls the name of the Python executable used by the Python extractor.",
                                  "description" : "The Python extractor uses platform-dependent heuristics to determine the name of the Python executable to use. Specifying a value for this option overrides the name of the Python executable used by the extractor. Accepted values are py, python and python3. Use this setting with caution, the Python extractor requires Python 3 to run.\n",
                                  "type" : "string",
                                  "pattern" : "^(py|python|python3)$"
                                }
                              }
                            }
                          ],
                          "java" : [
                            {
                              "extractor_root" : "/opt/codeql-latest/codeql/java",
                              "extractor_options" : {
                                "exclude" : {
                                  "title" : "A glob excluding files from analysis.",
                                  "description" : "A glob indicating what files to exclude from the analysis. This accepts glob patterns that are supported by Java's 'getPathMatcher' implementation.\n",
                                  "type" : "string"
                                },
                                "add_prefer_source" : {
                                  "title" : "Whether to always prefer source files over class files.",
                                  "description" : "A value indicating whether source files should be preferred over class files. If set to 'true', the extraction adds '-Xprefer:source' to the javac command line. If set to 'false', the extraction uses the default javac behavior ('-Xprefer:newer'). The default is 'true'.\n",
                                  "type" : "string",
                                  "pattern" : "^(false|true)$"
                                },
                                "buildless" : {
                                  "title" : "Whether to use buildless (standalone) extraction (experimental).",
                                  "description" : "A value indicating, which type of extraction the autobuilder should perform. If 'true', then the standalone extractor will be used, otherwise tracing extraction will be performed. The default is 'false'. Note that buildless extraction will generally yield less accurate analysis results, and should only be used in cases where it is not possible to build the code (for example if it uses inaccessible dependencies).\n",
                                  "type" : "string",
                                  "pattern" : "^(false|true)$"
                                },
                                "buildless_dependency_dir" : {
                                  "title" : "The path where buildless (standalone) extraction should keep dependencies.",
                                  "description" : "If set, the buildless (standalone) extractor will store dependencies in this directory.\n",
                                  "type" : "string"
                                },
                                "minimize_dependency_jars" : {
                                  "title" : "Whether to rewrite and minimize downloaded JAR dependencies (experimental).",
                                  "description" : "If 'true', JAR dependencies downloaded during extraction will be rewritten to remove unneeded data, such as method bodies. The default is 'false'.\n",
                                  "type" : "string",
                                  "pattern" : "^(false|true)$"
                                }
                              }
                            }
                          ],
                          "yaml" : [
                            {
                              "extractor_root" : "/opt/codeql-latest/codeql/yaml"
                            }
                          ]
                        }
                      }
[2025-09-07 13:17:06] [PROGRESS] database init> Calculating baseline information in /workspaces/demo-private/src/emailservice
[2025-09-07 13:17:07] [SPAMMY] database init> Ignoring the following directories when processing baseline information: .git, .hg, .svn.
[2025-09-07 13:17:07] [DETAILS] database init> Running command in /workspaces/demo-private/src/emailservice: /opt/codeql-latest/codeql/tools/linux64/scc --by-file --exclude-dir .git,.hg,.svn --format json --no-large --no-min .
[2025-09-07 13:17:07] [SPAMMY] database init> Found 8 baseline files for python.
[2025-09-07 13:17:07] [PROGRESS] database init> Calculated baseline information for languages: python (51ms).
[2025-09-07 13:17:07] [PROGRESS] database init> Resolving extractor python.
[2025-09-07 13:17:07] [DETAILS] database init> Found candidate extractor root for python: /opt/codeql-latest/codeql/python.
[2025-09-07 13:17:07] [PROGRESS] database init> Successfully loaded extractor Python (python) from /opt/codeql-latest/codeql/python.
[2025-09-07 13:17:07] [PROGRESS] database init> Created skeleton CodeQL database at /workspaces/demo-private/db-emailservice. This in-progress database is ready to be populated by an extractor.
[2025-09-07 13:17:07] Plumbing command codeql database init completed.
[2025-09-07 13:17:07] [PROGRESS] database create> Running build command: []
[2025-09-07 13:17:07] Running plumbing command: codeql database trace-command --working-dir=/workspaces/demo-private/src/emailservice --index-traceless-dbs --no-db-cluster -- /workspaces/demo-private/db-emailservice
[2025-09-07 13:17:07] Using autobuild script /opt/codeql-latest/codeql/python/tools/autobuild.sh.
[2025-09-07 13:17:07] [PROGRESS] database trace-command> Running command in /workspaces/demo-private/src/emailservice: [/opt/codeql-latest/codeql/python/tools/autobuild.sh]
[2025-09-07 13:17:08] [build-stderr] /bin/sh: 1: python2: not found
[2025-09-07 13:17:08] [build-stdout] Source root appears to be the real root.
[2025-09-07 13:17:08] [build-stdout] Will try to guess Python version, as it was not specified in `lgtm.yml`
[2025-09-07 13:17:08] [build-stdout] Trying to guess Python version based on Trove classifiers in setup.py
[2025-09-07 13:17:08] [build-stdout] Did not find setup.py (expected it to be at /workspaces/demo-private/src/emailservice/setup.py)
[2025-09-07 13:17:08] [build-stdout] Trying to guess Python version based on travis file
[2025-09-07 13:17:08] [build-stdout] Did not find any travis files (expected them at either ['/workspaces/demo-private/src/emailservice/.travis.yml', '/workspaces/demo-private/src/emailservice/travis.yml'])
[2025-09-07 13:17:08] [build-stdout] Trying to guess Python version based on installed versions
[2025-09-07 13:17:08] [build-stdout] Wanted to run Python 2, but it is not available. Using Python 3 instead
[2025-09-07 13:17:08] [build-stdout] This script is running Python 3, but Python 2 is also available (as 'python3')
[2025-09-07 13:17:08] [build-stdout] Could not guess Python version, will use default: Python 3
[2025-09-07 13:17:08] [build-stdout] Calling python3 -S /opt/codeql-latest/codeql/python/tools/python_tracer.py --verbosity 3 -z all -c /workspaces/demo-private/db-emailservice/working/trap_cache -R /workspaces/demo-private/src/emailservice
[2025-09-07 13:17:09] [build-stdout] INFO: The Python extractor has recently stopped extracting the standard library by default. If you encounter problems, please let us know by submitting an issue to https://github.com/github/codeql. It is possible to re-enable extraction of the standard library by setting the environment variable CODEQL_EXTRACTOR_PYTHON_EXTRACT_STDLIB.
[2025-09-07 13:17:09] [build-stdout] [INFO] Extraction will use the Python 3 standard library.
[2025-09-07 13:17:09] [build-stdout] [INFO] sys_path is: ['/opt/codeql-latest/codeql/python/tools', '/home/codespace/.python/current/lib/python312.zip', '/home/codespace/.python/current/lib/python3.12', '/home/codespace/.python/current/lib/python3.12/lib-dynload']
[2025-09-07 13:17:09] [build-stdout] [INFO] Python version 3.12.1
[2025-09-07 13:17:09] [build-stdout] [INFO] Python extractor version 7.1.3
[2025-09-07 13:17:09] [build-stdout] [INFO] [1] Extracted file /workspaces/demo-private/src/emailservice/logger.py in 43ms
[2025-09-07 13:17:09] [build-stdout] [INFO] [1] Extracted file /workspaces/demo-private/src/emailservice/test_send_demo_smtp.py in 51ms
[2025-09-07 13:17:09] [build-stdout] [INFO] [1] Extracted file /workspaces/demo-private/src/emailservice/email_client.py in 25ms
[2025-09-07 13:17:09] [build-stdout] [INFO] [1] Extracted file /workspaces/demo-private/src/emailservice/send_demo.py in 29ms
[2025-09-07 13:17:09] [build-stdout] [INFO] [1] Extracted file /workspaces/demo-private/src/emailservice/mail_helpers.py in 17ms
[2025-09-07 13:17:09] [build-stdout] [INFO] [2] Extracted file /workspaces/demo-private/src/emailservice/email_server.py in 207ms
[2025-09-07 13:17:09] [build-stdout] [INFO] [2] Skipped built-in file /home/codespace/.python/current/lib/python3.12/logging/__init__.py
[2025-09-07 13:17:09] [build-stdout] [INFO] [2] Extracted folder /home/codespace/.python/current/lib/python3.12/logging in 2ms
[2025-09-07 13:17:09] [build-stdout] [INFO] [2] Skipped built-in file /home/codespace/.python/current/lib/python3.12/email/message.py
[2025-09-07 13:17:09] [build-stdout] [INFO] [2] Extracted module sys in 0ms
[2025-09-07 13:17:09] [build-stdout] [INFO] [2] Extracted folder /home/codespace/.python/current/lib/python3.12/email in 1ms
[2025-09-07 13:17:09] [build-stdout] [INFO] [2] Skipped built-in file /home/codespace/.python/current/lib/python3.12/email/__init__.py
[2025-09-07 13:17:09] [build-stdout] [INFO] [2] Skipped built-in file /home/codespace/.python/current/lib/python3.12/argparse.py
[2025-09-07 13:17:09] [build-stdout] [INFO] [2] Extracted module builtins in 0ms
[2025-09-07 13:17:09] [build-stdout] [INFO] [2] Skipped built-in file /home/codespace/.python/current/lib/python3.12/smtplib.py
[2025-09-07 13:17:09] [build-stdout] [INFO] [2] Skipped built-in file /home/codespace/.python/current/lib/python3.12/concurrent/futures/__init__.py
[2025-09-07 13:17:09] [build-stdout] [INFO] [2] Skipped built-in file /home/codespace/.python/current/lib/python3.12/traceback.py
[2025-09-07 13:17:09] [build-stdout] [INFO] [2] Extracted folder /home/codespace/.python/current/lib/python3.12/concurrent in 1ms
[2025-09-07 13:17:09] [build-stdout] [INFO] [2] Extracted folder /home/codespace/.python/current/lib/python3.12/concurrent/futures in 5ms
[2025-09-07 13:17:09] [build-stdout] [INFO] [2] Extracted file /workspaces/demo-private/src/emailservice/demo_pb2.py in 80ms
[2025-09-07 13:17:09] [build-stdout] [INFO] [2] Skipped built-in file /home/codespace/.python/current/lib/python3.12/os.py
[2025-09-07 13:17:09] [build-stdout] [INFO] [2] Skipped built-in file /home/codespace/.python/current/lib/python3.12/concurrent/__init__.py
[2025-09-07 13:17:09] [build-stdout] [INFO] [2] Extracted module time in 11ms
[2025-09-07 13:17:09] [build-stdout] [INFO] [2] Skipped built-in file /home/codespace/.python/current/lib/python3.12/types.py
[2025-09-07 13:17:09] [build-stdout] [INFO] [1] Extracted file /workspaces/demo-private/src/emailservice/demo_pb2_grpc.py in 347ms
[2025-09-07 13:17:09] [build-stdout] [INFO] Processed 25 modules in 0.69s
[2025-09-07 13:17:09] Plumbing command codeql database trace-command completed.
[2025-09-07 13:17:09] [PROGRESS] database create> Finalizing database at /workspaces/demo-private/db-emailservice.
[2025-09-07 13:17:09] Running plumbing command: codeql database finalize --no-db-cluster -- /workspaces/demo-private/db-emailservice
[2025-09-07 13:17:09] Using pre-finalize script /opt/codeql-latest/codeql/python/tools/pre-finalize.sh.
[2025-09-07 13:17:09] [PROGRESS] database finalize> Running pre-finalize script /opt/codeql-latest/codeql/python/tools/pre-finalize.sh in /workspaces/demo-private/src/emailservice.
[2025-09-07 13:17:09] Running plumbing command: codeql database trace-command --working-dir=/workspaces/demo-private/src/emailservice --no-tracing -- /workspaces/demo-private/db-emailservice /opt/codeql-latest/codeql/python/tools/pre-finalize.sh
[2025-09-07 13:17:09] [PROGRESS] database trace-command> Running command in /workspaces/demo-private/src/emailservice: [/opt/codeql-latest/codeql/python/tools/pre-finalize.sh]
[2025-09-07 13:17:11] [build-stderr] Scanning for files in /workspaces/demo-private/src/emailservice...
[2025-09-07 13:17:11] Plumbing command codeql database trace-command completed.
[2025-09-07 13:17:11] [PROGRESS] database finalize> Pre-finalize script /opt/codeql-latest/codeql/python/tools/pre-finalize.sh completed in 1518 ms.
[2025-09-07 13:17:11] [PROGRESS] database finalize> Running TRAP import for CodeQL database at /workspaces/demo-private/db-emailservice...
[2025-09-07 13:17:11] Running plumbing command: codeql dataset import --dbscheme=/opt/codeql-latest/codeql/python/semmlecode.python.dbscheme -- /workspaces/demo-private/db-emailservice/db-python /workspaces/demo-private/db-emailservice/trap/python
[2025-09-07 13:17:11] Clearing disk cache since the version file /workspaces/demo-private/db-emailservice/db-python/default/cache/version does not exist
[2025-09-07 13:17:11] Tuple pool not found. Clearing relations with cached strings
[2025-09-07 13:17:11] Trimming disk cache at /workspaces/demo-private/db-emailservice/db-python/default/cache in mode clear.
[2025-09-07 13:17:11] Sequence stamp origin is -6006550281967387222
[2025-09-07 13:17:11] Pausing evaluation to hard-clear memory at sequence stamp o+0
[2025-09-07 13:17:11] Unpausing evaluation
[2025-09-07 13:17:11] Pausing evaluation to quickly trim disk at sequence stamp o+1
[2025-09-07 13:17:11] Unpausing evaluation
[2025-09-07 13:17:11] Pausing evaluation to zealously trim disk at sequence stamp o+2
[2025-09-07 13:17:11] Unpausing evaluation
[2025-09-07 13:17:11] Trimming completed (12ms): Purged everything.
[2025-09-07 13:17:11] Scanning for files in /workspaces/demo-private/db-emailservice/trap/python
[2025-09-07 13:17:11] Found 21 TRAP files (719.02 KiB)
[2025-09-07 13:17:11] [PROGRESS] dataset import> Importing TRAP files
[2025-09-07 13:17:12] Importing $files.egNbXk3MSepyTofMWkXuRlLp0lc=.trap.gz (1 of 21)
[2025-09-07 13:17:12] Importing $files.zzKVjaAO6qDDMJyFNv6oEbzNJ3Q=.trap.gz (2 of 21)
[2025-09-07 13:17:12] Importing $flags.DvA2ORngrib8DepmGGGAmktoY00=.trap.gz (3 of 21)
[2025-09-07 13:17:12] Importing $interpreter3.qDaeWuNBwx3b8Yemli0d5tyhUiA=.trap.gz (4 of 21)
[2025-09-07 13:17:12] Importing $stdlib_33.ij-gx92zFMwsYYNPqdRpD0gCwmU=.trap (5 of 21)
[2025-09-07 13:17:12] Importing builtins.wgvHdfr-g21NF4PRu9JW31G6bqk=.trap.gz (6 of 21)
[2025-09-07 13:17:12] Importing concurrent.zIX02E52FHjYDmFw0aQlHbkjpJo=.trap.gz (7 of 21)
[2025-09-07 13:17:12] Importing demo_pb2.py.HYl_iG-5j0T0cppfmJB97n_c9wQ=.trap.gz (8 of 21)
[2025-09-07 13:17:12] Importing demo_pb2_grpc.py.ILaXqFEfaKL56ZrP0k6zt5guW7Y=.trap.gz (9 of 21)
[2025-09-07 13:17:12] Importing email.XRXuOhPSw-46YmZ_8SAelkZkvd8=.trap.gz (10 of 21)
[2025-09-07 13:17:12] Importing email_client.py.DGUTRsteAB0nTmTnsf4ajAKQKfY=.trap.gz (11 of 21)
[2025-09-07 13:17:12] Importing email_server.py.QUq_fCDkfV0joIlk8X4-2OxYF1A=.trap.gz (12 of 21)
[2025-09-07 13:17:12] Importing futures.GGa_3rjSla-lJxn3YTf1DwiihHI=.trap.gz (13 of 21)
[2025-09-07 13:17:12] Importing logger.py.-hvEKjy2HYNgPzr_GoXETxFlegw=.trap.gz (14 of 21)
[2025-09-07 13:17:12] Importing logging._jag1vk5ggqarzP8F0OKMDK6A68=.trap.gz (15 of 21)
[2025-09-07 13:17:12] Importing mail_helpers.py.VNw3t2SkFkpDeXEezEdGMKDzeZ8=.trap.gz (16 of 21)
[2025-09-07 13:17:12] Importing metadata.trap.gz (17 of 21)
[2025-09-07 13:17:12] Importing send_demo.py.j0LQLdj7lVDXo_Wes8FcKCeFJnM=.trap.gz (18 of 21)
[2025-09-07 13:17:12] Importing sys.VOlkUSbTg9bgFbGRZiPV2Jk6yUk=.trap.gz (19 of 21)
[2025-09-07 13:17:12] Importing test_send_demo_smtp.py.nHa1qHsY91HTZxreTqrLxE3jK08=.trap.gz (20 of 21)
[2025-09-07 13:17:12] Importing time.fE4uzrjGE6ptVo5zyB-upt1B9Io=.trap.gz (21 of 21)
[2025-09-07 13:17:12] [PROGRESS] dataset import> Merging relations
[2025-09-07 13:17:13] Merging 1 fragment for 'files'.
[2025-09-07 13:17:13] Merged 42 bytes for 'files'.
[2025-09-07 13:17:13] Merging 1 fragment for 'folders'.
[2025-09-07 13:17:13] Merged 59 bytes for 'folders'.
[2025-09-07 13:17:13] Merging 1 fragment for 'containerparent'.
[2025-09-07 13:17:13] Merged 72 bytes for 'containerparent'.
[2025-09-07 13:17:13] Merging 1 fragment for 'py_flags_versioned'.
[2025-09-07 13:17:13] Merged 182 bytes for 'py_flags_versioned'.
[2025-09-07 13:17:13] Merging 1 fragment for 'py_cobjects'.
[2025-09-07 13:17:13] Merged 4880 bytes (4.77 KiB) for 'py_cobjects'.
[2025-09-07 13:17:13] Merging 1 fragment for 'py_cobjecttypes'.
[2025-09-07 13:17:13] Merged 5496 bytes (5.37 KiB) for 'py_cobjecttypes'.
[2025-09-07 13:17:13] Merging 1 fragment for 'py_cobject_sources'.
[2025-09-07 13:17:13] Merged 7053 bytes (6.89 KiB) for 'py_cobject_sources'.
[2025-09-07 13:17:13] Merging 1 fragment for 'py_cobjectnames'.
[2025-09-07 13:17:13] Merged 6556 bytes (6.40 KiB) for 'py_cobjectnames'.
[2025-09-07 13:17:13] Merging 1 fragment for 'py_cmembers_versioned'.
[2025-09-07 13:17:13] Merged 6799 bytes (6.64 KiB) for 'py_cmembers_versioned'.
[2025-09-07 13:17:13] Merging 1 fragment for 'py_special_objects'.
[2025-09-07 13:17:13] Merged 135 bytes for 'py_special_objects'.
[2025-09-07 13:17:13] Merging 1 fragment for 'py_citems'.
[2025-09-07 13:17:13] Merged 477 bytes for 'py_citems'.
[2025-09-07 13:17:13] Merging 1 fragment for 'ext_rettype'.
[2025-09-07 13:17:13] Merged 4038 bytes (3.94 KiB) for 'ext_rettype'.
[2025-09-07 13:17:13] Merging 1 fragment for 'ext_argtype'.
[2025-09-07 13:17:13] Merged 6820 bytes (6.66 KiB) for 'ext_argtype'.
[2025-09-07 13:17:13] Merging 1 fragment for 'ext_argreturn'.
[2025-09-07 13:17:13] Merged 41 bytes for 'ext_argreturn'.
[2025-09-07 13:17:13] Merging 1 fragment for 'ext_proptype'.
[2025-09-07 13:17:13] Merged 343 bytes for 'ext_proptype'.
[2025-09-07 13:17:13] Merging 1 fragment for 'py_Modules'.
[2025-09-07 13:17:13] Merged 29 bytes for 'py_Modules'.
[2025-09-07 13:17:13] Merging 1 fragment for 'py_module_path'.
[2025-09-07 13:17:13] Merged 57 bytes for 'py_module_path'.
[2025-09-07 13:17:13] Merging 1 fragment for 'py_flow_bb_node'.
[2025-09-07 13:17:13] Merged 10427 bytes (10.18 KiB) for 'py_flow_bb_node'.
[2025-09-07 13:17:13] Merging 1 fragment for 'py_scope_flow'.
[2025-09-07 13:17:13] Merged 1506 bytes (1.47 KiB) for 'py_scope_flow'.
[2025-09-07 13:17:13] Merging 1 fragment for 'locations_ast'.
[2025-09-07 13:17:13] Merged 17190 bytes (16.79 KiB) for 'locations_ast'.
[2025-09-07 13:17:13] Merging 1 fragment for 'variable'.
[2025-09-07 13:17:13] Merged 2154 bytes (2.10 KiB) for 'variable'.
[2025-09-07 13:17:13] Merging 1 fragment for 'py_extracted_version'.
[2025-09-07 13:17:13] Merged 36 bytes for 'py_extracted_version'.
[2025-09-07 13:17:13] Merging 1 fragment for 'py_stmt_lists'.
[2025-09-07 13:17:13] Merged 603 bytes for 'py_stmt_lists'.
[2025-09-07 13:17:13] Merging 1 fragment for 'py_stmts'.
[2025-09-07 13:17:13] Merged 2146 bytes (2.10 KiB) for 'py_stmts'.
[2025-09-07 13:17:13] Merging 1 fragment for 'py_scopes'.
[2025-09-07 13:17:13] Merged 4231 bytes (4.13 KiB) for 'py_scopes'.
[2025-09-07 13:17:13] Merging 1 fragment for 'py_exprs'.
[2025-09-07 13:17:13] Merged 11258 bytes (10.99 KiB) for 'py_exprs'.
[2025-09-07 13:17:13] Merging 1 fragment for 'py_strs'.
[2025-09-07 13:17:13] Merged 3486 bytes (3.40 KiB) for 'py_strs'.
[2025-09-07 13:17:13] Merging 1 fragment for 'py_alias_lists'.
[2025-09-07 13:17:13] Merged 130 bytes for 'py_alias_lists'.
[2025-09-07 13:17:13] Merging 1 fragment for 'py_aliases'.
[2025-09-07 13:17:13] Merged 151 bytes for 'py_aliases'.
[2025-09-07 13:17:13] Merging 1 fragment for 'py_ints'.
[2025-09-07 13:17:13] Merged 82 bytes for 'py_ints'.
[2025-09-07 13:17:13] Merging 1 fragment for 'py_variables'.
[2025-09-07 13:17:13] Merged 3020 bytes (2.95 KiB) for 'py_variables'.
[2025-09-07 13:17:13] Merging 1 fragment for 'py_expr_contexts'.
[2025-09-07 13:17:13] Merged 5107 bytes (4.99 KiB) for 'py_expr_contexts'.
[2025-09-07 13:17:13] Merging 1 fragment for 'py_expr_lists'.
[2025-09-07 13:17:13] Merged 2176 bytes (2.12 KiB) for 'py_expr_lists'.
[2025-09-07 13:17:13] Merging 1 fragment for 'py_cmpop_lists'.
[2025-09-07 13:17:13] Merged 70 bytes for 'py_cmpop_lists'.
[2025-09-07 13:17:13] Merging 1 fragment for 'py_cmpops'.
[2025-09-07 13:17:13] Merged 103 bytes for 'py_cmpops'.
[2025-09-07 13:17:13] Merging 1 fragment for 'py_numbers'.
[2025-09-07 13:17:13] Merged 832 bytes for 'py_numbers'.
[2025-09-07 13:17:13] Merging 1 fragment for 'py_exports'.
[2025-09-07 13:17:13] Merged 106 bytes for 'py_exports'.
[2025-09-07 13:17:13] Merging 1 fragment for 'py_successors'.
[2025-09-07 13:17:13] Merged 6434 bytes (6.28 KiB) for 'py_successors'.
[2025-09-07 13:17:13] Merging 1 fragment for 'py_true_successors'.
[2025-09-07 13:17:13] Merged 89 bytes for 'py_true_successors'.
[2025-09-07 13:17:13] Merging 1 fragment for 'py_false_successors'.
[2025-09-07 13:17:13] Merged 90 bytes for 'py_false_successors'.
[2025-09-07 13:17:13] Merging 1 fragment for 'py_idoms'.
[2025-09-07 13:17:13] Merged 6167 bytes (6.02 KiB) for 'py_idoms'.
[2025-09-07 13:17:13] Merging 1 fragment for 'py_ssa_var'.
[2025-09-07 13:17:13] Merged 1132 bytes (1.11 KiB) for 'py_ssa_var'.
[2025-09-07 13:17:13] Merging 1 fragment for 'py_ssa_defn'.
[2025-09-07 13:17:13] Merged 944 bytes for 'py_ssa_defn'.
[2025-09-07 13:17:13] Merging 1 fragment for 'py_ssa_use'.
[2025-09-07 13:17:13] Merged 1386 bytes (1.35 KiB) for 'py_ssa_use'.
[2025-09-07 13:17:13] Merging 1 fragment for 'py_scope_location'.
[2025-09-07 13:17:13] Merged 326 bytes for 'py_scope_location'.
[2025-09-07 13:17:13] Merging 1 fragment for 'py_comments'.
[2025-09-07 13:17:13] Merged 341 bytes for 'py_comments'.
[2025-09-07 13:17:13] Merging 1 fragment for 'py_codelines'.
[2025-09-07 13:17:13] Merged 280 bytes for 'py_codelines'.
[2025-09-07 13:17:13] Merging 1 fragment for 'py_commentlines'.
[2025-09-07 13:17:13] Merged 164 bytes for 'py_commentlines'.
[2025-09-07 13:17:13] Merging 1 fragment for 'py_docstringlines'.
[2025-09-07 13:17:13] Merged 241 bytes for 'py_docstringlines'.
[2025-09-07 13:17:13] Merging 1 fragment for 'py_alllines'.
[2025-09-07 13:17:13] Merged 272 bytes for 'py_alllines'.
[2025-09-07 13:17:13] Merging 1 fragment for 'numlines'.
[2025-09-07 13:17:13] Merged 83 bytes for 'numlines'.
[2025-09-07 13:17:13] Merging 1 fragment for 'py_locations'.
[2025-09-07 13:17:13] Merged 6897 bytes (6.74 KiB) for 'py_locations'.
[2025-09-07 13:17:13] Merging 1 fragment for 'py_bools'.
[2025-09-07 13:17:13] Merged 90 bytes for 'py_bools'.
[2025-09-07 13:17:13] Merging 1 fragment for 'py_Classes'.
[2025-09-07 13:17:13] Merged 140 bytes for 'py_Classes'.
[2025-09-07 13:17:13] Merging 1 fragment for 'py_arguments'.
[2025-09-07 13:17:13] Merged 214 bytes for 'py_arguments'.
[2025-09-07 13:17:13] Merging 1 fragment for 'py_Functions'.
[2025-09-07 13:17:13] Merged 216 bytes for 'py_Functions'.
[2025-09-07 13:17:13] Merging 1 fragment for 'py_parameter_lists'.
[2025-09-07 13:17:13] Merged 212 bytes for 'py_parameter_lists'.
[2025-09-07 13:17:13] Merging 1 fragment for 'py_dict_item_lists'.
[2025-09-07 13:17:13] Merged 185 bytes for 'py_dict_item_lists'.
[2025-09-07 13:17:13] Merging 1 fragment for 'py_dict_items'.
[2025-09-07 13:17:13] Merged 528 bytes for 'py_dict_items'.
[2025-09-07 13:17:13] Merging 1 fragment for 'py_exception_successors'.
[2025-09-07 13:17:13] Merged 228 bytes for 'py_exception_successors'.
[2025-09-07 13:17:13] Merging 1 fragment for 'py_operators'.
[2025-09-07 13:17:13] Merged 55 bytes for 'py_operators'.
[2025-09-07 13:17:13] Merging 1 fragment for 'py_ssa_phi'.
[2025-09-07 13:17:13] Merged 74 bytes for 'py_ssa_phi'.
[2025-09-07 13:17:13] Merging 1 fragment for 'py_unaryops'.
[2025-09-07 13:17:13] Merged 42 bytes for 'py_unaryops'.
[2025-09-07 13:17:13] Merging 1 fragment for 'py_boolops'.
[2025-09-07 13:17:13] Merged 53 bytes for 'py_boolops'.
[2025-09-07 13:17:13] Merging 1 fragment for 'sourceLocationPrefix'.
[2025-09-07 13:17:13] Merged 17 bytes for 'sourceLocationPrefix'.
[2025-09-07 13:17:13] Saving string and id pools to disk.
[2025-09-07 13:17:13] Finished importing TRAP files.
[2025-09-07 13:17:13] Read 2.32 MiB of uncompressed TRAP data.
[2025-09-07 13:17:13] Uncompressed relation data size: 579.41 KiB
[2025-09-07 13:17:13] Relation data size: 131.63 KiB (merge rate: 895.50 KiB/s)
[2025-09-07 13:17:13] String pool size: 2.08 MiB
[2025-09-07 13:17:13] ID pool size: 1.09 MiB
[2025-09-07 13:17:13] [PROGRESS] dataset import> Finished writing database (relations: 131.63 KiB; string pool: 2.08 MiB).
[2025-09-07 13:17:13] Pausing evaluation to close the cache at sequence stamp o+133
[2025-09-07 13:17:13] The disk cache is freshly trimmed; leave it be.
[2025-09-07 13:17:13] Unpausing evaluation
[2025-09-07 13:17:13] Plumbing command codeql dataset import completed.
[2025-09-07 13:17:13] [PROGRESS] database finalize> TRAP import complete (1.8s).
[2025-09-07 13:17:13] Running plumbing command: codeql database cleanup -- /workspaces/demo-private/db-emailservice
[2025-09-07 13:17:13] [PROGRESS] database cleanup> Cleaning up existing TRAP files after import...
[2025-09-07 13:17:13] [PROGRESS] database cleanup> TRAP files cleaned up (3ms).
[2025-09-07 13:17:13] [PROGRESS] database cleanup> Cleaning up scratch directory...
[2025-09-07 13:17:13] [PROGRESS] database cleanup> Scratch directory cleaned up (3ms).
[2025-09-07 13:17:13] Running plumbing command: codeql dataset cleanup -- /workspaces/demo-private/db-emailservice/db-python
[2025-09-07 13:17:13] [PROGRESS] dataset cleanup> Cleaning up dataset in /workspaces/demo-private/db-emailservice/db-python.
[2025-09-07 13:17:13] Trimming disk cache at /workspaces/demo-private/db-emailservice/db-python/default/cache in mode trim.
[2025-09-07 13:17:13] Sequence stamp origin is -6006550274925057105
[2025-09-07 13:17:13] Pausing evaluation to quickly trim memory at sequence stamp o+0
[2025-09-07 13:17:13] Unpausing evaluation
[2025-09-07 13:17:13] Pausing evaluation to zealously trim disk at sequence stamp o+1
[2025-09-07 13:17:13] Unpausing evaluation
[2025-09-07 13:17:13] Trimming completed (6ms): Trimmed disposable data from cache.
[2025-09-07 13:17:13] Pausing evaluation to close the cache at sequence stamp o+2
[2025-09-07 13:17:13] The disk cache is freshly trimmed; leave it be.
[2025-09-07 13:17:13] Unpausing evaluation
[2025-09-07 13:17:13] [PROGRESS] dataset cleanup> Trimmed disposable data from cache.
[2025-09-07 13:17:13] [PROGRESS] dataset cleanup> Finalizing dataset in /workspaces/demo-private/db-emailservice/db-python
[2025-09-07 13:17:13] [DETAILS] dataset cleanup> Finished deleting ID pool from /workspaces/demo-private/db-emailservice/db-python (2ms).
[2025-09-07 13:17:13] Plumbing command codeql dataset cleanup completed.
[2025-09-07 13:17:13] Plumbing command codeql database cleanup completed with status 0.
[2025-09-07 13:17:13] [PROGRESS] database finalize> Finished zipping source archive (11.67 KiB).
[2025-09-07 13:17:13] Plumbing command codeql database finalize completed.
[2025-09-07 13:17:13] [PROGRESS] database create> Successfully created database at /workspaces/demo-private/db-emailservice.
[2025-09-07 13:17:13] Terminating normally.
