[2025-09-05 20:12:01] This is codeql execute queries -J-Xmx1390M --verbosity=progress --logdir=/workspaces/demo-private/codeql-database/log --evaluator-log-level=5 --warnings=show --qlconfig-file=/workspaces/demo-private/qlconfig.yml --dynamic-join-order-mode=none --no-rerun --interpret-passthrough=null,--format=csv,-o=/workspaces/demo-private/standard-results.csv,--max-paths=4,--csv-location-format=line-column,--print-diagnostics-summary,--print-metrics-summary,--qlconfig-file=/workspaces/demo-private/qlconfig.yml,--,/workspaces/demo-private/codeql-database,codeql/python-queries:codeql-suites/python-security-extended.qls --output=/workspaces/demo-private/codeql-database/results -- /workspaces/demo-private/codeql-database/db-python codeql/python-queries:codeql-suites/python-security-extended.qls
[2025-09-05 20:12:01] Calling plumbing command: codeql resolve queries --qlconfig-file=/workspaces/demo-private/qlconfig.yml --format=json -- codeql/python-queries:codeql-suites/python-security-extended.qls
[2025-09-05 20:12:01] Exception caught at top level: Query pack codeql/python-queries:codeql-suites/python-security-extended.qls cannot be found. Check the spelling of the pack.
                      com.semmle.cli2.resolve.ResolveQueriesCommand.resolveQuerySpecifier(ResolveQueriesCommand.java:298)
                      com.semmle.cli2.resolve.ResolveQueriesCommand.executeJSON(ResolveQueriesCommand.java:211)
                      com.semmle.cli2.resolve.ResolveQueriesCommand.executeJSON(ResolveQueriesCommand.java:68)
                      com.semmle.cli2.picocli.SimpleJsonSubcommand.executeInsistingOnJSONWithExistingMessages(SimpleJsonSubcommand.java:121)
                      com.semmle.cli2.picocli.SubcommandCommon.withCompilationMessages(SubcommandCommon.java:444)
                      com.semmle.cli2.picocli.SimpleJsonSubcommand.executeInsistingOnJSON(SimpleJsonSubcommand.java:110)
                      com.semmle.cli2.picocli.PlumbingRunner.call(PlumbingRunner.java:61)
                      com.semmle.cli2.picocli.SubcommandCommon.callPlumbingInProcess(SubcommandCommon.java:170)
                      com.semmle.cli2.execute.ExecuteQueriesCommand.executeSubcommand(ExecuteQueriesCommand.java:424)
                      com.semmle.cli2.picocli.SubcommandCommon.lambda$executeSubcommandWithMessages$5(SubcommandCommon.java:892)
                      com.semmle.cli2.picocli.SubcommandCommon.withCompilationMessages(SubcommandCommon.java:444)
                      com.semmle.cli2.picocli.SubcommandCommon.executeSubcommandWithMessages(SubcommandCommon.java:890)
                      com.semmle.cli2.picocli.SubcommandCommon.toplevelMain(SubcommandCommon.java:777)
                      com.semmle.cli2.picocli.SubcommandCommon.call(SubcommandCommon.java:757)
                      com.semmle.cli2.picocli.SubcommandMaker.runMain(SubcommandMaker.java:238)
                      com.semmle.cli2.picocli.SubcommandMaker.runMain(SubcommandMaker.java:259)
                      com.semmle.cli2.CodeQL.main(CodeQL.java:113)
