[2025-09-05 20:15:23] This is codeql execute queries -J-Xmx1390M --verbosity=progress --logdir=/workspaces/demo-private/codeql-database/log --evaluator-log-level=5 --warnings=show --qlconfig-file=/workspaces/demo-private/qlconfig.yml --dynamic-join-order-mode=none --no-rerun --interpret-passthrough=null,--format=csv,-o=/workspaces/demo-private/custom-results.csv,--max-paths=4,--csv-location-format=line-column,--print-diagnostics-summary,--print-metrics-summary,--qlconfig-file=/workspaces/demo-private/qlconfig.yml,--,/workspaces/demo-private/codeql-database,.github/codeql/ryudes-python-email/queries/EmailHeaderInjection.ql --output=/workspaces/demo-private/codeql-database/results -- /workspaces/demo-private/codeql-database/db-python .github/codeql/ryudes-python-email/queries/EmailHeaderInjection.ql
[2025-09-05 20:15:23] Calling plumbing command: codeql resolve queries --qlconfig-file=/workspaces/demo-private/qlconfig.yml --format=json -- .github/codeql/ryudes-python-email/queries/EmailHeaderInjection.ql
[2025-09-05 20:15:24] [PROGRESS] resolve queries> Recording pack reference ryudes/python-email at /workspaces/demo-private/.github/codeql/ryudes-python-email.
[2025-09-05 20:15:24] Plumbing command codeql resolve queries completed:
                      [
                        "/workspaces/demo-private/.github/codeql/ryudes-python-email/queries/EmailHeaderInjection.ql"
                      ]
[2025-09-05 20:15:24] Refusing fancy output: terminal size is too small 8x41, minimum value 10x10
[2025-09-05 20:15:24] Creating executor with 1 threads.
[2025-09-05 20:15:24] Calling plumbing command: codeql resolve extensions --qlconfig-file=/workspaces/demo-private/qlconfig.yml --include-extension-row-locations .github/codeql/ryudes-python-email/queries/EmailHeaderInjection.ql
[2025-09-05 20:15:24] Calling plumbing command: codeql resolve queries --qlconfig-file=/workspaces/demo-private/qlconfig.yml --allow-library-packs --format startingpacks -- .github/codeql/ryudes-python-email/queries/EmailHeaderInjection.ql
[2025-09-05 20:15:24] [PROGRESS] resolve queries> Recording pack reference ryudes/python-email at /workspaces/demo-private/.github/codeql/ryudes-python-email.
[2025-09-05 20:15:24] Plumbing command codeql resolve queries completed:
                      [
                        "/workspaces/demo-private/.github/codeql/ryudes-python-email"
                      ]
[2025-09-05 20:15:24] Calling plumbing command: codeql resolve extensions-by-pack --qlconfig-file=/workspaces/demo-private/qlconfig.yml --include-extension-row-locations -- /workspaces/demo-private/.github/codeql/ryudes-python-email
[2025-09-05 20:15:24] [SPAMMY] resolve extensions-by-pack> [INCOMPATIBILITY] ryudes/python-email: not 0.0.1 {root: ryudes/python-email@0.0.1}
[2025-09-05 20:15:24] [SPAMMY] resolve extensions-by-pack> [DERIVATION] ryudes/python-email: 0.0.1 {ryudes/python-email: not 0.0.1 {root: ryudes/python-email@0.0.1}}
[2025-09-05 20:15:24] [SPAMMY] resolve extensions-by-pack> [INCOMPATIBILITY] ryudes/python-email: * [*], codeql/python-all: not * [*] {dependency: ryudes/python-email@* [*] requires codeql/python-all@*}
[2025-09-05 20:15:24] [SPAMMY] resolve extensions-by-pack> [DECISION 1] ryudes/python-email: 0.0.1
[2025-09-05 20:15:24] [SPAMMY] resolve extensions-by-pack> [DERIVATION] codeql/python-all: * [*] {ryudes/python-email: * [*], codeql/python-all: not * [*] {dependency: ryudes/python-email@* [*] requires codeql/python-all@*}}
[2025-09-05 20:15:24] [SPAMMY] resolve extensions-by-pack> [INCOMPATIBILITY] codeql/python-all: * [*], codeql/concepts: not * [*] {dependency: codeql/python-all@* [*] requires codeql/concepts@0.0.4}
[2025-09-05 20:15:24] [SPAMMY] resolve extensions-by-pack> [INCOMPATIBILITY] codeql/python-all: * [*], codeql/dataflow: not * [*] {dependency: codeql/python-all@* [*] requires codeql/dataflow@2.0.14}
[2025-09-05 20:15:24] [SPAMMY] resolve extensions-by-pack> [INCOMPATIBILITY] codeql/python-all: * [*], codeql/mad: not * [*] {dependency: codeql/python-all@* [*] requires codeql/mad@1.0.30}
[2025-09-05 20:15:24] [SPAMMY] resolve extensions-by-pack> [INCOMPATIBILITY] codeql/python-all: * [*], codeql/regex: not * [*] {dependency: codeql/python-all@* [*] requires codeql/regex@1.0.30}
[2025-09-05 20:15:24] [SPAMMY] resolve extensions-by-pack> [INCOMPATIBILITY] codeql/python-all: * [*], codeql/threat-models: not * [*] {dependency: codeql/python-all@* [*] requires codeql/threat-models@1.0.30}
[2025-09-05 20:15:24] [SPAMMY] resolve extensions-by-pack> [INCOMPATIBILITY] codeql/python-all: * [*], codeql/tutorial: not * [*] {dependency: codeql/python-all@* [*] requires codeql/tutorial@1.0.30}
[2025-09-05 20:15:24] [SPAMMY] resolve extensions-by-pack> [INCOMPATIBILITY] codeql/python-all: * [*], codeql/util: not * [*] {dependency: codeql/python-all@* [*] requires codeql/util@2.0.17}
[2025-09-05 20:15:24] [SPAMMY] resolve extensions-by-pack> [INCOMPATIBILITY] codeql/python-all: * [*], codeql/xml: not * [*] {dependency: codeql/python-all@* [*] requires codeql/xml@1.0.30}
[2025-09-05 20:15:24] [SPAMMY] resolve extensions-by-pack> [INCOMPATIBILITY] codeql/python-all: * [*], codeql/yaml: not * [*] {dependency: codeql/python-all@* [*] requires codeql/yaml@1.0.30}
[2025-09-05 20:15:24] [SPAMMY] resolve extensions-by-pack> [DECISION 2] codeql/python-all: 4.0.14
[2025-09-05 20:15:24] [SPAMMY] resolve extensions-by-pack> [DERIVATION] codeql/yaml: * [*] {codeql/python-all: * [*], codeql/yaml: not * [*] {dependency: codeql/python-all@* [*] requires codeql/yaml@1.0.30}}
[2025-09-05 20:15:24] [SPAMMY] resolve extensions-by-pack> [DERIVATION] codeql/xml: * [*] {codeql/python-all: * [*], codeql/xml: not * [*] {dependency: codeql/python-all@* [*] requires codeql/xml@1.0.30}}
[2025-09-05 20:15:24] [SPAMMY] resolve extensions-by-pack> [DERIVATION] codeql/util: * [*] {codeql/python-all: * [*], codeql/util: not * [*] {dependency: codeql/python-all@* [*] requires codeql/util@2.0.17}}
[2025-09-05 20:15:24] [SPAMMY] resolve extensions-by-pack> [DERIVATION] codeql/tutorial: * [*] {codeql/python-all: * [*], codeql/tutorial: not * [*] {dependency: codeql/python-all@* [*] requires codeql/tutorial@1.0.30}}
[2025-09-05 20:15:24] [SPAMMY] resolve extensions-by-pack> [DERIVATION] codeql/threat-models: * [*] {codeql/python-all: * [*], codeql/threat-models: not * [*] {dependency: codeql/python-all@* [*] requires codeql/threat-models@1.0.30}}
[2025-09-05 20:15:24] [SPAMMY] resolve extensions-by-pack> [DERIVATION] codeql/regex: * [*] {codeql/python-all: * [*], codeql/regex: not * [*] {dependency: codeql/python-all@* [*] requires codeql/regex@1.0.30}}
[2025-09-05 20:15:24] [SPAMMY] resolve extensions-by-pack> [DERIVATION] codeql/mad: * [*] {codeql/python-all: * [*], codeql/mad: not * [*] {dependency: codeql/python-all@* [*] requires codeql/mad@1.0.30}}
[2025-09-05 20:15:24] [SPAMMY] resolve extensions-by-pack> [DERIVATION] codeql/dataflow: * [*] {codeql/python-all: * [*], codeql/dataflow: not * [*] {dependency: codeql/python-all@* [*] requires codeql/dataflow@2.0.14}}
[2025-09-05 20:15:24] [SPAMMY] resolve extensions-by-pack> [DERIVATION] codeql/concepts: * [*] {codeql/python-all: * [*], codeql/concepts: not * [*] {dependency: codeql/python-all@* [*] requires codeql/concepts@0.0.4}}
[2025-09-05 20:15:24] [SPAMMY] resolve extensions-by-pack> [INCOMPATIBILITY] codeql/concepts: * [*], codeql/dataflow: not * [*] {dependency: codeql/concepts@* [*] requires codeql/dataflow@2.0.14}
[2025-09-05 20:15:24] [SPAMMY] resolve extensions-by-pack> [INCOMPATIBILITY] codeql/concepts: * [*], codeql/util: not * [*] {dependency: codeql/concepts@* [*] requires codeql/util@2.0.17}
[2025-09-05 20:15:24] [SPAMMY] resolve extensions-by-pack> [DECISION 3] codeql/concepts: 0.0.4
[2025-09-05 20:15:24] [SPAMMY] resolve extensions-by-pack> [INCOMPATIBILITY] codeql/dataflow: * [*], codeql/controlflow: not * [*] {dependency: codeql/dataflow@* [*] requires codeql/controlflow@2.0.14}
[2025-09-05 20:15:24] [SPAMMY] resolve extensions-by-pack> [INCOMPATIBILITY] codeql/dataflow: * [*], codeql/ssa: not * [*] {dependency: codeql/dataflow@* [*] requires codeql/ssa@2.0.6}
[2025-09-05 20:15:24] [SPAMMY] resolve extensions-by-pack> [INCOMPATIBILITY] codeql/dataflow: * [*], codeql/typetracking: not * [*] {dependency: codeql/dataflow@* [*] requires codeql/typetracking@2.0.14}
[2025-09-05 20:15:24] [SPAMMY] resolve extensions-by-pack> [INCOMPATIBILITY] codeql/dataflow: * [*], codeql/util: not * [*] {dependency: codeql/dataflow@* [*] requires codeql/util@2.0.17}
[2025-09-05 20:15:24] [SPAMMY] resolve extensions-by-pack> [DECISION 4] codeql/dataflow: 2.0.14
[2025-09-05 20:15:24] [SPAMMY] resolve extensions-by-pack> [DERIVATION] codeql/typetracking: * [*] {codeql/dataflow: * [*], codeql/typetracking: not * [*] {dependency: codeql/dataflow@* [*] requires codeql/typetracking@2.0.14}}
[2025-09-05 20:15:24] [SPAMMY] resolve extensions-by-pack> [DERIVATION] codeql/ssa: * [*] {codeql/dataflow: * [*], codeql/ssa: not * [*] {dependency: codeql/dataflow@* [*] requires codeql/ssa@2.0.6}}
[2025-09-05 20:15:24] [SPAMMY] resolve extensions-by-pack> [DERIVATION] codeql/controlflow: * [*] {codeql/dataflow: * [*], codeql/controlflow: not * [*] {dependency: codeql/dataflow@* [*] requires codeql/controlflow@2.0.14}}
[2025-09-05 20:15:24] [SPAMMY] resolve extensions-by-pack> [INCOMPATIBILITY] codeql/controlflow: * [*], codeql/util: not * [*] {dependency: codeql/controlflow@* [*] requires codeql/util@2.0.17}
[2025-09-05 20:15:24] [SPAMMY] resolve extensions-by-pack> [DECISION 5] codeql/controlflow: 2.0.14
[2025-09-05 20:15:24] [SPAMMY] resolve extensions-by-pack> [INCOMPATIBILITY] codeql/mad: * [*], codeql/dataflow: not * [*] {dependency: codeql/mad@* [*] requires codeql/dataflow@2.0.14}
[2025-09-05 20:15:24] [SPAMMY] resolve extensions-by-pack> [INCOMPATIBILITY] codeql/mad: * [*], codeql/util: not * [*] {dependency: codeql/mad@* [*] requires codeql/util@2.0.17}
[2025-09-05 20:15:24] [SPAMMY] resolve extensions-by-pack> [DECISION 6] codeql/mad: 1.0.30
[2025-09-05 20:15:24] [SPAMMY] resolve extensions-by-pack> [INCOMPATIBILITY] codeql/regex: * [*], codeql/util: not * [*] {dependency: codeql/regex@* [*] requires codeql/util@2.0.17}
[2025-09-05 20:15:24] [SPAMMY] resolve extensions-by-pack> [DECISION 7] codeql/regex: 1.0.30
[2025-09-05 20:15:24] [SPAMMY] resolve extensions-by-pack> [INCOMPATIBILITY] codeql/ssa: * [*], codeql/controlflow: not * [*] {dependency: codeql/ssa@* [*] requires codeql/controlflow@2.0.14}
[2025-09-05 20:15:24] [SPAMMY] resolve extensions-by-pack> [INCOMPATIBILITY] codeql/ssa: * [*], codeql/util: not * [*] {dependency: codeql/ssa@* [*] requires codeql/util@2.0.17}
[2025-09-05 20:15:24] [SPAMMY] resolve extensions-by-pack> [DECISION 8] codeql/ssa: 2.0.6
[2025-09-05 20:15:24] [SPAMMY] resolve extensions-by-pack> [DECISION 9] codeql/threat-models: 1.0.30
[2025-09-05 20:15:24] [SPAMMY] resolve extensions-by-pack> [DECISION 10] codeql/tutorial: 1.0.30
[2025-09-05 20:15:24] [SPAMMY] resolve extensions-by-pack> [INCOMPATIBILITY] codeql/typetracking: * [*], codeql/util: not * [*] {dependency: codeql/typetracking@* [*] requires codeql/util@2.0.17}
[2025-09-05 20:15:24] [SPAMMY] resolve extensions-by-pack> [DECISION 11] codeql/typetracking: 2.0.14
[2025-09-05 20:15:24] [SPAMMY] resolve extensions-by-pack> [DECISION 12] codeql/util: 2.0.17
[2025-09-05 20:15:24] [SPAMMY] resolve extensions-by-pack> [INCOMPATIBILITY] codeql/xml: * [*], codeql/util: not * [*] {dependency: codeql/xml@* [*] requires codeql/util@2.0.17}
[2025-09-05 20:15:24] [SPAMMY] resolve extensions-by-pack> [DECISION 13] codeql/xml: 1.0.30
[2025-09-05 20:15:24] [SPAMMY] resolve extensions-by-pack> [DECISION 14] codeql/yaml: 1.0.30
[2025-09-05 20:15:24] [PROGRESS] resolve extensions-by-pack> Loading data extensions in /home/codespace/.codeql/packages/codeql/python-all/4.0.14/ext/default-threat-models-fixup.model.yml.
[2025-09-05 20:15:24] [DETAILS] resolve extensions-by-pack>   Found extension targeting codeql/threat-models:threatModelConfiguration: 1 tuples.
[2025-09-05 20:15:24] [PROGRESS] resolve extensions-by-pack> Loading data extensions in /home/codespace/.codeql/packages/codeql/python-all/4.0.14/semmle/python/frameworks/Asyncpg.model.yml.
[2025-09-05 20:15:24] [DETAILS] resolve extensions-by-pack>   Found extension targeting codeql/python-all:sinkModel: 5 tuples.
[2025-09-05 20:15:24] [DETAILS] resolve extensions-by-pack>   Found extension targeting codeql/python-all:typeModel: 6 tuples.
[2025-09-05 20:15:24] [PROGRESS] resolve extensions-by-pack> Loading data extensions in /home/codespace/.codeql/packages/codeql/python-all/4.0.14/semmle/python/frameworks/Stdlib.model.yml.
[2025-09-05 20:15:24] [DETAILS] resolve extensions-by-pack>   Found extension targeting codeql/python-all:sourceModel: 12 tuples.
[2025-09-05 20:15:24] [DETAILS] resolve extensions-by-pack>   Found extension targeting codeql/python-all:sinkModel: 1 tuples.
[2025-09-05 20:15:24] [DETAILS] resolve extensions-by-pack>   Found extension targeting codeql/python-all:summaryModel: 66 tuples.
[2025-09-05 20:15:24] [DETAILS] resolve extensions-by-pack>   Found extension targeting codeql/python-all:neutralModel: 0 tuples.
[2025-09-05 20:15:24] [DETAILS] resolve extensions-by-pack>   Found extension targeting codeql/python-all:typeModel: 0 tuples.
[2025-09-05 20:15:24] [DETAILS] resolve extensions-by-pack>   Found extension targeting codeql/python-all:typeVariableModel: 0 tuples.
[2025-09-05 20:15:24] [PROGRESS] resolve extensions-by-pack> Loading data extensions in /home/codespace/.codeql/packages/codeql/python-all/4.0.14/semmle/python/frameworks/data/internal/empty.model.yml.
[2025-09-05 20:15:24] [DETAILS] resolve extensions-by-pack>   Found extension targeting codeql/python-all:sourceModel: 0 tuples.
[2025-09-05 20:15:24] [DETAILS] resolve extensions-by-pack>   Found extension targeting codeql/python-all:sinkModel: 0 tuples.
[2025-09-05 20:15:24] [DETAILS] resolve extensions-by-pack>   Found extension targeting codeql/python-all:summaryModel: 0 tuples.
[2025-09-05 20:15:24] [DETAILS] resolve extensions-by-pack>   Found extension targeting codeql/python-all:neutralModel: 0 tuples.
[2025-09-05 20:15:24] [DETAILS] resolve extensions-by-pack>   Found extension targeting codeql/python-all:typeModel: 0 tuples.
[2025-09-05 20:15:24] [DETAILS] resolve extensions-by-pack>   Found extension targeting codeql/python-all:typeVariableModel: 0 tuples.
[2025-09-05 20:15:27] [PROGRESS] resolve extensions-by-pack> Loading data extensions in /home/codespace/.codeql/packages/codeql/python-all/4.0.14/semmle/python/frameworks/data/internal/subclass-capture/ALL.model.yml.
[2025-09-05 20:15:27] [DETAILS] resolve extensions-by-pack>   Found extension targeting codeql/python-all:typeModel: 58275 tuples.
[2025-09-05 20:15:27] [PROGRESS] resolve extensions-by-pack> Loading data extensions in /home/codespace/.codeql/packages/codeql/threat-models/1.0.30/ext/supported-threat-models.model.yml.
[2025-09-05 20:15:27] [DETAILS] resolve extensions-by-pack>   Found extension targeting codeql/threat-models:threatModelConfiguration: 1 tuples.
[2025-09-05 20:15:27] [PROGRESS] resolve extensions-by-pack> Loading data extensions in /home/codespace/.codeql/packages/codeql/threat-models/1.0.30/ext/threat-model-grouping.model.yml.
[2025-09-05 20:15:27] [DETAILS] resolve extensions-by-pack>   Found extension targeting codeql/threat-models:threatModelGrouping: 15 tuples.
[2025-09-05 20:15:27] [PROGRESS] resolve extensions-by-pack> Loading data extensions in /home/codespace/.codeql/packages/codeql/util/2.0.17/ext/default-alert-filter.yml.
[2025-09-05 20:15:27] [DETAILS] resolve extensions-by-pack>   Found extension targeting codeql/util:restrictAlertsTo: 0 tuples.
[2025-09-05 20:15:27] [DETAILS] resolve extensions-by-pack>   Found extension targeting codeql/util:restrictAlertsToExactLocation: 0 tuples.
[2025-09-05 20:15:27] Plumbing command codeql resolve extensions-by-pack completed:
                      {
                        "models" : [ ],
                        "data" : {
                          "/workspaces/demo-private/.github/codeql/ryudes-python-email" : [
                            {
                              "predicate" : "threatModelConfiguration",
                              "file" : "/home/codespace/.codeql/packages/codeql/python-all/4.0.14/ext/default-threat-models-fixup.model.yml",
                              "index" : 0,
                              "firstRowId" : 0,
                              "rowCount" : 1,
                              "predicateHasOrigin" : false,
                              "locations" : {
                                "lineNumbers" : "A=8",
                                "columnNumbers" : "A=9"
                              }
                            },
                            {
                              "predicate" : "sinkModel",
                              "file" : "/home/codespace/.codeql/packages/codeql/python-all/4.0.14/semmle/python/frameworks/Asyncpg.model.yml",
                              "index" : 0,
                              "firstRowId" : 1,
                              "rowCount" : 5,
                              "predicateHasOrigin" : true,
                              "locations" : {
                                "lineNumbers" : "A=7+1+2+1+2",
                                "columnNumbers" : "A=9*5"
                              }
                            },
                            {
                              "predicate" : "typeModel",
                              "file" : "/home/codespace/.codeql/packages/codeql/python-all/4.0.14/semmle/python/frameworks/Asyncpg.model.yml",
                              "index" : 1,
                              "firstRowId" : 6,
                              "rowCount" : 6,
                              "predicateHasOrigin" : false,
                              "locations" : {
                                "lineNumbers" : "A=20+4+1*2+2+1",
                                "columnNumbers" : "A=9*6"
                              }
                            },
                            {
                              "predicate" : "sourceModel",
                              "file" : "/home/codespace/.codeql/packages/codeql/python-all/4.0.14/semmle/python/frameworks/Stdlib.model.yml",
                              "index" : 0,
                              "firstRowId" : 12,
                              "rowCount" : 12,
                              "predicateHasOrigin" : true,
                              "locations" : {
                                "lineNumbers" : "A=6+1*4+2+1+2+1*2+4+2",
                                "columnNumbers" : "A=9*12"
                              }
                            },
                            {
                              "predicate" : "sinkModel",
                              "file" : "/home/codespace/.codeql/packages/codeql/python-all/4.0.14/semmle/python/frameworks/Stdlib.model.yml",
                              "index" : 1,
                              "firstRowId" : 24,
                              "rowCount" : 1,
                              "predicateHasOrigin" : true,
                              "locations" : {
                                "lineNumbers" : "A=29",
                                "columnNumbers" : "A=9"
                              }
                            },
                            {
                              "predicate" : "summaryModel",
                              "file" : "/home/codespace/.codeql/packages/codeql/python-all/4.0.14/semmle/python/frameworks/Stdlib.model.yml",
                              "index" : 2,
                              "firstRowId" : 25,
                              "rowCount" : 66,
                              "predicateHasOrigin" : true,
                              "locations" : {
                                "lineNumbers" : "A=37+1+2+4+2*2+4+2*3+1+2+1+2+1+2+4+2+4+2*2+3+2*2+3+1+2*4+4+1+4+1+4+1*5+2*4+4+1+2*11+3+2+3+4+1+2*2+1+2",
                                "columnNumbers" : "A=9*66"
                              }
                            },
                            {
                              "predicate" : "neutralModel",
                              "file" : "/home/codespace/.codeql/packages/codeql/python-all/4.0.14/semmle/python/frameworks/Stdlib.model.yml",
                              "index" : 3,
                              "firstRowId" : 91,
                              "rowCount" : 0,
                              "predicateHasOrigin" : false,
                              "locations" : {
                                "lineNumbers" : "A",
                                "columnNumbers" : "A"
                              }
                            },
                            {
                              "predicate" : "typeModel",
                              "file" : "/home/codespace/.codeql/packages/codeql/python-all/4.0.14/semmle/python/frameworks/Stdlib.model.yml",
                              "index" : 4,
                              "firstRowId" : 91,
                              "rowCount" : 0,
                              "predicateHasOrigin" : false,
                              "locations" : {
                                "lineNumbers" : "A",
                                "columnNumbers" : "A"
                              }
                            },
                            {
                              "predicate" : "typeVariableModel",
                              "file" : "/home/codespace/.codeql/packages/codeql/python-all/4.0.14/semmle/python/frameworks/Stdlib.model.yml",
                              "index" : 5,
                              "firstRowId" : 91,
                              "rowCount" : 0,
                              "predicateHasOrigin" : false,
                              "locations" : {
                                "lineNumbers" : "A",
                                "columnNumbers" : "A"
                              }
                            },
                            {
                              "predicate" : "sourceModel",
                              "file" : "/home/codespace/.codeql/packages/codeql/python-all/4.0.14/semmle/python/frameworks/data/internal/empty.model.yml",
                              "index" : 0,
                              "firstRowId" : 91,
                              "rowCount" : 0,
                              "predicateHasOrigin" : true,
                              "locations" : {
                                "lineNumbers" : "A",
                                "columnNumbers" : "A"
                              }
                            },
                            {
                              "predicate" : "sinkModel",
                              "file" : "/home/codespace/.codeql/packages/codeql/python-all/4.0.14/semmle/python/frameworks/data/internal/empty.model.yml",
                              "index" : 1,
                              "firstRowId" : 91,
                              "rowCount" : 0,
                              "predicateHasOrigin" : true,
                              "locations" : {
                                "lineNumbers" : "A",
                                "columnNumbers" : "A"
                              }
                            },
                            {
                              "predicate" : "summaryModel",
                              "file" : "/home/codespace/.codeql/packages/codeql/python-all/4.0.14/semmle/python/frameworks/data/internal/empty.model.yml",
                              "index" : 2,
                              "firstRowId" : 91,
                              "rowCount" : 0,
                              "predicateHasOrigin" : true,
                              "locations" : {
                                "lineNumbers" : "A",
                                "columnNumbers" : "A"
                              }
                            },
                            {
                              "predicate" : "neutralModel",
                              "file" : "/home/codespace/.codeql/packages/codeql/python-all/4.0.14/semmle/python/frameworks/data/internal/empty.model.yml",
                              "index" : 3,
                              "firstRowId" : 91,
                              "rowCount" : 0,
                              "predicateHasOrigin" : false,
                              "locations" : {
                                "lineNumbers" : "A",
                                "columnNumbers" : "A"
                              }
                            },
                            {
                              "predicate" : "typeModel",
                              "file" : "/home/codespace/.codeql/packages/codeql/python-all/4.0.14/semmle/python/frameworks/data/internal/empty.model.yml",
                              "index" : 4,
                              "firstRowId" : 91,
                              "rowCount" : 0,
                              "predicateHasOrigin" : false,
                              "locations" : {
                                "lineNumbers" : "A",
                                "columnNumbers" : "A"
                              }
                            },
                            {
                              "predicate" : "typeVariableModel",
                              "file" : "/home/codespace/.codeql/packages/codeql/python-all/4.0.14/semmle/python/frameworks/data/internal/empty.model.yml",
                              "index" : 5,
                              "firstRowId" : 91,
                              "rowCount" : 0,
                              "predicateHasOrigin" : false,
                              "locations" : {
                                "lineNumbers" : "A",
                                "columnNumbers" : "A"
                              }
                            },
                            {
                              "predicate" : "typeModel",
                              "file" : "/home/codespace/.codeql/packages/codeql/python-all/4.0.14/semmle/python/frameworks/data/internal/subclass-capture/ALL.model.yml",
                              "index" : 0,
                              "firstRowId" : 91,
                              "rowCount" : 58275,
                              "predicateHasOrigin" : false,
                              "locations" : {
                                "lineNumbers" : "A=7+3*58274",
                                "columnNumbers" : "A=5*58275"
                              }
                            },
                            {
                              "predicate" : "threatModelConfiguration",
                              "file" : "/home/codespace/.codeql/packages/codeql/threat-models/1.0.30/ext/supported-threat-models.model.yml",
                              "index" : 0,
                              "firstRowId" : 58366,
                              "rowCount" : 1,
                              "predicateHasOrigin" : false,
                              "locations" : {
                                "lineNumbers" : "A=6",
                                "columnNumbers" : "A=9"
                              }
                            },
                            {
                              "predicate" : "threatModelGrouping",
                              "file" : "/home/codespace/.codeql/packages/codeql/threat-models/1.0.30/ext/threat-model-grouping.model.yml",
                              "index" : 0,
                              "firstRowId" : 58367,
                              "rowCount" : 15,
                              "predicateHasOrigin" : false,
                              "locations" : {
                                "lineNumbers" : "A=8+3+1+3+1*5+3+1+5+1*3",
                                "columnNumbers" : "A=9*15"
                              }
                            },
                            {
                              "predicate" : "restrictAlertsTo",
                              "file" : "/home/codespace/.codeql/packages/codeql/util/2.0.17/ext/default-alert-filter.yml",
                              "index" : 0,
                              "firstRowId" : 58382,
                              "rowCount" : 0,
                              "predicateHasOrigin" : false,
                              "locations" : {
                                "lineNumbers" : "A",
                                "columnNumbers" : "A"
                              }
                            },
                            {
                              "predicate" : "restrictAlertsToExactLocation",
                              "file" : "/home/codespace/.codeql/packages/codeql/util/2.0.17/ext/default-alert-filter.yml",
                              "index" : 1,
                              "firstRowId" : 58382,
                              "rowCount" : 0,
                              "predicateHasOrigin" : false,
                              "locations" : {
                                "lineNumbers" : "A",
                                "columnNumbers" : "A"
                              }
                            }
                          ]
                        },
                        "threatModels" : {
                          "/workspaces/demo-private/.github/codeql/ryudes-python-email" : {
                            "extensions" : [
                              {
                                "data" : [ ],
                                "addsTo" : {
                                  "extensible" : "threatModelConfiguration",
                                  "checkPresence" : true,
                                  "packName" : "codeql/threat-models"
                                }
                              }
                            ]
                          }
                        },
                        "extensionPacks" : [ ]
                      }
[2025-09-05 20:15:27] Plumbing command codeql resolve extensions completed:
                      {
                        "models" : [ ],
                        "data" : {
                          "/workspaces/demo-private/.github/codeql/ryudes-python-email" : [
                            {
                              "predicate" : "threatModelConfiguration",
                              "file" : "/home/codespace/.codeql/packages/codeql/python-all/4.0.14/ext/default-threat-models-fixup.model.yml",
                              "index" : 0,
                              "firstRowId" : 0,
                              "rowCount" : 1,
                              "predicateHasOrigin" : false,
                              "locations" : {
                                "lineNumbers" : "A=8",
                                "columnNumbers" : "A=9"
                              }
                            },
                            {
                              "predicate" : "sinkModel",
                              "file" : "/home/codespace/.codeql/packages/codeql/python-all/4.0.14/semmle/python/frameworks/Asyncpg.model.yml",
                              "index" : 0,
                              "firstRowId" : 1,
                              "rowCount" : 5,
                              "predicateHasOrigin" : true,
                              "locations" : {
                                "lineNumbers" : "A=7+1+2+1+2",
                                "columnNumbers" : "A=9*5"
                              }
                            },
                            {
                              "predicate" : "typeModel",
                              "file" : "/home/codespace/.codeql/packages/codeql/python-all/4.0.14/semmle/python/frameworks/Asyncpg.model.yml",
                              "index" : 1,
                              "firstRowId" : 6,
                              "rowCount" : 6,
                              "predicateHasOrigin" : false,
                              "locations" : {
                                "lineNumbers" : "A=20+4+1*2+2+1",
                                "columnNumbers" : "A=9*6"
                              }
                            },
                            {
                              "predicate" : "sourceModel",
                              "file" : "/home/codespace/.codeql/packages/codeql/python-all/4.0.14/semmle/python/frameworks/Stdlib.model.yml",
                              "index" : 0,
                              "firstRowId" : 12,
                              "rowCount" : 12,
                              "predicateHasOrigin" : true,
                              "locations" : {
                                "lineNumbers" : "A=6+1*4+2+1+2+1*2+4+2",
                                "columnNumbers" : "A=9*12"
                              }
                            },
                            {
                              "predicate" : "sinkModel",
                              "file" : "/home/codespace/.codeql/packages/codeql/python-all/4.0.14/semmle/python/frameworks/Stdlib.model.yml",
                              "index" : 1,
                              "firstRowId" : 24,
                              "rowCount" : 1,
                              "predicateHasOrigin" : true,
                              "locations" : {
                                "lineNumbers" : "A=29",
                                "columnNumbers" : "A=9"
                              }
                            },
                            {
                              "predicate" : "summaryModel",
                              "file" : "/home/codespace/.codeql/packages/codeql/python-all/4.0.14/semmle/python/frameworks/Stdlib.model.yml",
                              "index" : 2,
                              "firstRowId" : 25,
                              "rowCount" : 66,
                              "predicateHasOrigin" : true,
                              "locations" : {
                                "lineNumbers" : "A=37+1+2+4+2*2+4+2*3+1+2+1+2+1+2+4+2+4+2*2+3+2*2+3+1+2*4+4+1+4+1+4+1*5+2*4+4+1+2*11+3+2+3+4+1+2*2+1+2",
                                "columnNumbers" : "A=9*66"
                              }
                            },
                            {
                              "predicate" : "neutralModel",
                              "file" : "/home/codespace/.codeql/packages/codeql/python-all/4.0.14/semmle/python/frameworks/Stdlib.model.yml",
                              "index" : 3,
                              "firstRowId" : 91,
                              "rowCount" : 0,
                              "predicateHasOrigin" : false,
                              "locations" : {
                                "lineNumbers" : "A",
                                "columnNumbers" : "A"
                              }
                            },
                            {
                              "predicate" : "typeModel",
                              "file" : "/home/codespace/.codeql/packages/codeql/python-all/4.0.14/semmle/python/frameworks/Stdlib.model.yml",
                              "index" : 4,
                              "firstRowId" : 91,
                              "rowCount" : 0,
                              "predicateHasOrigin" : false,
                              "locations" : {
                                "lineNumbers" : "A",
                                "columnNumbers" : "A"
                              }
                            },
                            {
                              "predicate" : "typeVariableModel",
                              "file" : "/home/codespace/.codeql/packages/codeql/python-all/4.0.14/semmle/python/frameworks/Stdlib.model.yml",
                              "index" : 5,
                              "firstRowId" : 91,
                              "rowCount" : 0,
                              "predicateHasOrigin" : false,
                              "locations" : {
                                "lineNumbers" : "A",
                                "columnNumbers" : "A"
                              }
                            },
                            {
                              "predicate" : "sourceModel",
                              "file" : "/home/codespace/.codeql/packages/codeql/python-all/4.0.14/semmle/python/frameworks/data/internal/empty.model.yml",
                              "index" : 0,
                              "firstRowId" : 91,
                              "rowCount" : 0,
                              "predicateHasOrigin" : true,
                              "locations" : {
                                "lineNumbers" : "A",
                                "columnNumbers" : "A"
                              }
                            },
                            {
                              "predicate" : "sinkModel",
                              "file" : "/home/codespace/.codeql/packages/codeql/python-all/4.0.14/semmle/python/frameworks/data/internal/empty.model.yml",
                              "index" : 1,
                              "firstRowId" : 91,
                              "rowCount" : 0,
                              "predicateHasOrigin" : true,
                              "locations" : {
                                "lineNumbers" : "A",
                                "columnNumbers" : "A"
                              }
                            },
                            {
                              "predicate" : "summaryModel",
                              "file" : "/home/codespace/.codeql/packages/codeql/python-all/4.0.14/semmle/python/frameworks/data/internal/empty.model.yml",
                              "index" : 2,
                              "firstRowId" : 91,
                              "rowCount" : 0,
                              "predicateHasOrigin" : true,
                              "locations" : {
                                "lineNumbers" : "A",
                                "columnNumbers" : "A"
                              }
                            },
                            {
                              "predicate" : "neutralModel",
                              "file" : "/home/codespace/.codeql/packages/codeql/python-all/4.0.14/semmle/python/frameworks/data/internal/empty.model.yml",
                              "index" : 3,
                              "firstRowId" : 91,
                              "rowCount" : 0,
                              "predicateHasOrigin" : false,
                              "locations" : {
                                "lineNumbers" : "A",
                                "columnNumbers" : "A"
                              }
                            },
                            {
                              "predicate" : "typeModel",
                              "file" : "/home/codespace/.codeql/packages/codeql/python-all/4.0.14/semmle/python/frameworks/data/internal/empty.model.yml",
                              "index" : 4,
                              "firstRowId" : 91,
                              "rowCount" : 0,
                              "predicateHasOrigin" : false,
                              "locations" : {
                                "lineNumbers" : "A",
                                "columnNumbers" : "A"
                              }
                            },
                            {
                              "predicate" : "typeVariableModel",
                              "file" : "/home/codespace/.codeql/packages/codeql/python-all/4.0.14/semmle/python/frameworks/data/internal/empty.model.yml",
                              "index" : 5,
                              "firstRowId" : 91,
                              "rowCount" : 0,
                              "predicateHasOrigin" : false,
                              "locations" : {
                                "lineNumbers" : "A",
                                "columnNumbers" : "A"
                              }
                            },
                            {
                              "predicate" : "typeModel",
                              "file" : "/home/codespace/.codeql/packages/codeql/python-all/4.0.14/semmle/python/frameworks/data/internal/subclass-capture/ALL.model.yml",
                              "index" : 0,
                              "firstRowId" : 91,
                              "rowCount" : 58275,
                              "predicateHasOrigin" : false,
                              "locations" : {
                                "lineNumbers" : "A=7+3*58274",
                                "columnNumbers" : "A=5*58275"
                              }
                            },
                            {
                              "predicate" : "threatModelConfiguration",
                              "file" : "/home/codespace/.codeql/packages/codeql/threat-models/1.0.30/ext/supported-threat-models.model.yml",
                              "index" : 0,
                              "firstRowId" : 58366,
                              "rowCount" : 1,
                              "predicateHasOrigin" : false,
                              "locations" : {
                                "lineNumbers" : "A=6",
                                "columnNumbers" : "A=9"
                              }
                            },
                            {
                              "predicate" : "threatModelGrouping",
                              "file" : "/home/codespace/.codeql/packages/codeql/threat-models/1.0.30/ext/threat-model-grouping.model.yml",
                              "index" : 0,
                              "firstRowId" : 58367,
                              "rowCount" : 15,
                              "predicateHasOrigin" : false,
                              "locations" : {
                                "lineNumbers" : "A=8+3+1+3+1*5+3+1+5+1*3",
                                "columnNumbers" : "A=9*15"
                              }
                            },
                            {
                              "predicate" : "restrictAlertsTo",
                              "file" : "/home/codespace/.codeql/packages/codeql/util/2.0.17/ext/default-alert-filter.yml",
                              "index" : 0,
                              "firstRowId" : 58382,
                              "rowCount" : 0,
                              "predicateHasOrigin" : false,
                              "locations" : {
                                "lineNumbers" : "A",
                                "columnNumbers" : "A"
                              }
                            },
                            {
                              "predicate" : "restrictAlertsToExactLocation",
                              "file" : "/home/codespace/.codeql/packages/codeql/util/2.0.17/ext/default-alert-filter.yml",
                              "index" : 1,
                              "firstRowId" : 58382,
                              "rowCount" : 0,
                              "predicateHasOrigin" : false,
                              "locations" : {
                                "lineNumbers" : "A",
                                "columnNumbers" : "A"
                              }
                            }
                          ]
                        },
                        "threatModels" : {
                          "/workspaces/demo-private/.github/codeql/ryudes-python-email" : {
                            "extensions" : [
                              {
                                "data" : [ ],
                                "addsTo" : {
                                  "extensible" : "threatModelConfiguration",
                                  "checkPresence" : true,
                                  "packName" : "codeql/threat-models"
                                }
                              }
                            ]
                          }
                        },
                        "extensionPacks" : [ ]
                      }
[2025-09-05 20:15:28] Calling plumbing command: codeql resolve library-path --qlconfig-file=/workspaces/demo-private/qlconfig.yml --query=/workspaces/demo-private/.github/codeql/ryudes-python-email/queries/EmailHeaderInjection.ql --format=json
[2025-09-05 20:15:28] [DETAILS] resolve library-path> Resolving query at normalized path /workspaces/demo-private/.github/codeql/ryudes-python-email/queries/EmailHeaderInjection.ql.
[2025-09-05 20:15:28] [DETAILS] resolve library-path> Found enclosing pack 'ryudes/python-email' at /workspaces/demo-private/.github/codeql/ryudes-python-email.
[2025-09-05 20:15:28] [DETAILS] resolve library-path> Adding compilation cache at /home/codespace/.codeql/compile-cache.
[2025-09-05 20:15:28] [DETAILS] resolve library-path> Resolving library dependencies from /workspaces/demo-private/.github/codeql/ryudes-python-email/codeql-pack.yml.
[2025-09-05 20:15:28] [SPAMMY] resolve library-path> [INCOMPATIBILITY] ryudes/python-email: not 0.0.1 {root: ryudes/python-email@0.0.1}
[2025-09-05 20:15:28] [SPAMMY] resolve library-path> [DERIVATION] ryudes/python-email: 0.0.1 {ryudes/python-email: not 0.0.1 {root: ryudes/python-email@0.0.1}}
[2025-09-05 20:15:28] [SPAMMY] resolve library-path> [INCOMPATIBILITY] ryudes/python-email: * [*], codeql/python-all: not * [*] {dependency: ryudes/python-email@* [*] requires codeql/python-all@*}
[2025-09-05 20:15:28] [SPAMMY] resolve library-path> [DECISION 1] ryudes/python-email: 0.0.1
[2025-09-05 20:15:28] [SPAMMY] resolve library-path> [DERIVATION] codeql/python-all: * [*] {ryudes/python-email: * [*], codeql/python-all: not * [*] {dependency: ryudes/python-email@* [*] requires codeql/python-all@*}}
[2025-09-05 20:15:28] [SPAMMY] resolve library-path> [INCOMPATIBILITY] codeql/python-all: * [*], codeql/concepts: not * [*] {dependency: codeql/python-all@* [*] requires codeql/concepts@0.0.4}
[2025-09-05 20:15:28] [SPAMMY] resolve library-path> [INCOMPATIBILITY] codeql/python-all: * [*], codeql/dataflow: not * [*] {dependency: codeql/python-all@* [*] requires codeql/dataflow@2.0.14}
[2025-09-05 20:15:28] [SPAMMY] resolve library-path> [INCOMPATIBILITY] codeql/python-all: * [*], codeql/mad: not * [*] {dependency: codeql/python-all@* [*] requires codeql/mad@1.0.30}
[2025-09-05 20:15:28] [SPAMMY] resolve library-path> [INCOMPATIBILITY] codeql/python-all: * [*], codeql/regex: not * [*] {dependency: codeql/python-all@* [*] requires codeql/regex@1.0.30}
[2025-09-05 20:15:28] [SPAMMY] resolve library-path> [INCOMPATIBILITY] codeql/python-all: * [*], codeql/threat-models: not * [*] {dependency: codeql/python-all@* [*] requires codeql/threat-models@1.0.30}
[2025-09-05 20:15:28] [SPAMMY] resolve library-path> [INCOMPATIBILITY] codeql/python-all: * [*], codeql/tutorial: not * [*] {dependency: codeql/python-all@* [*] requires codeql/tutorial@1.0.30}
[2025-09-05 20:15:28] [SPAMMY] resolve library-path> [INCOMPATIBILITY] codeql/python-all: * [*], codeql/util: not * [*] {dependency: codeql/python-all@* [*] requires codeql/util@2.0.17}
[2025-09-05 20:15:28] [SPAMMY] resolve library-path> [INCOMPATIBILITY] codeql/python-all: * [*], codeql/xml: not * [*] {dependency: codeql/python-all@* [*] requires codeql/xml@1.0.30}
[2025-09-05 20:15:28] [SPAMMY] resolve library-path> [INCOMPATIBILITY] codeql/python-all: * [*], codeql/yaml: not * [*] {dependency: codeql/python-all@* [*] requires codeql/yaml@1.0.30}
[2025-09-05 20:15:28] [SPAMMY] resolve library-path> [DECISION 2] codeql/python-all: 4.0.14
[2025-09-05 20:15:28] [SPAMMY] resolve library-path> [DERIVATION] codeql/yaml: * [*] {codeql/python-all: * [*], codeql/yaml: not * [*] {dependency: codeql/python-all@* [*] requires codeql/yaml@1.0.30}}
[2025-09-05 20:15:28] [SPAMMY] resolve library-path> [DERIVATION] codeql/xml: * [*] {codeql/python-all: * [*], codeql/xml: not * [*] {dependency: codeql/python-all@* [*] requires codeql/xml@1.0.30}}
[2025-09-05 20:15:28] [SPAMMY] resolve library-path> [DERIVATION] codeql/util: * [*] {codeql/python-all: * [*], codeql/util: not * [*] {dependency: codeql/python-all@* [*] requires codeql/util@2.0.17}}
[2025-09-05 20:15:28] [SPAMMY] resolve library-path> [DERIVATION] codeql/tutorial: * [*] {codeql/python-all: * [*], codeql/tutorial: not * [*] {dependency: codeql/python-all@* [*] requires codeql/tutorial@1.0.30}}
[2025-09-05 20:15:28] [SPAMMY] resolve library-path> [DERIVATION] codeql/threat-models: * [*] {codeql/python-all: * [*], codeql/threat-models: not * [*] {dependency: codeql/python-all@* [*] requires codeql/threat-models@1.0.30}}
[2025-09-05 20:15:28] [SPAMMY] resolve library-path> [DERIVATION] codeql/regex: * [*] {codeql/python-all: * [*], codeql/regex: not * [*] {dependency: codeql/python-all@* [*] requires codeql/regex@1.0.30}}
[2025-09-05 20:15:28] [SPAMMY] resolve library-path> [DERIVATION] codeql/mad: * [*] {codeql/python-all: * [*], codeql/mad: not * [*] {dependency: codeql/python-all@* [*] requires codeql/mad@1.0.30}}
[2025-09-05 20:15:28] [SPAMMY] resolve library-path> [DERIVATION] codeql/dataflow: * [*] {codeql/python-all: * [*], codeql/dataflow: not * [*] {dependency: codeql/python-all@* [*] requires codeql/dataflow@2.0.14}}
[2025-09-05 20:15:28] [SPAMMY] resolve library-path> [DERIVATION] codeql/concepts: * [*] {codeql/python-all: * [*], codeql/concepts: not * [*] {dependency: codeql/python-all@* [*] requires codeql/concepts@0.0.4}}
[2025-09-05 20:15:28] [SPAMMY] resolve library-path> [INCOMPATIBILITY] codeql/concepts: * [*], codeql/dataflow: not * [*] {dependency: codeql/concepts@* [*] requires codeql/dataflow@2.0.14}
[2025-09-05 20:15:28] [SPAMMY] resolve library-path> [INCOMPATIBILITY] codeql/concepts: * [*], codeql/util: not * [*] {dependency: codeql/concepts@* [*] requires codeql/util@2.0.17}
[2025-09-05 20:15:28] [SPAMMY] resolve library-path> [DECISION 3] codeql/concepts: 0.0.4
[2025-09-05 20:15:28] [SPAMMY] resolve library-path> [INCOMPATIBILITY] codeql/dataflow: * [*], codeql/controlflow: not * [*] {dependency: codeql/dataflow@* [*] requires codeql/controlflow@2.0.14}
[2025-09-05 20:15:28] [SPAMMY] resolve library-path> [INCOMPATIBILITY] codeql/dataflow: * [*], codeql/ssa: not * [*] {dependency: codeql/dataflow@* [*] requires codeql/ssa@2.0.6}
[2025-09-05 20:15:28] [SPAMMY] resolve library-path> [INCOMPATIBILITY] codeql/dataflow: * [*], codeql/typetracking: not * [*] {dependency: codeql/dataflow@* [*] requires codeql/typetracking@2.0.14}
[2025-09-05 20:15:28] [SPAMMY] resolve library-path> [INCOMPATIBILITY] codeql/dataflow: * [*], codeql/util: not * [*] {dependency: codeql/dataflow@* [*] requires codeql/util@2.0.17}
[2025-09-05 20:15:28] [SPAMMY] resolve library-path> [DECISION 4] codeql/dataflow: 2.0.14
[2025-09-05 20:15:28] [SPAMMY] resolve library-path> [DERIVATION] codeql/typetracking: * [*] {codeql/dataflow: * [*], codeql/typetracking: not * [*] {dependency: codeql/dataflow@* [*] requires codeql/typetracking@2.0.14}}
[2025-09-05 20:15:28] [SPAMMY] resolve library-path> [DERIVATION] codeql/ssa: * [*] {codeql/dataflow: * [*], codeql/ssa: not * [*] {dependency: codeql/dataflow@* [*] requires codeql/ssa@2.0.6}}
[2025-09-05 20:15:28] [SPAMMY] resolve library-path> [DERIVATION] codeql/controlflow: * [*] {codeql/dataflow: * [*], codeql/controlflow: not * [*] {dependency: codeql/dataflow@* [*] requires codeql/controlflow@2.0.14}}
[2025-09-05 20:15:28] [SPAMMY] resolve library-path> [INCOMPATIBILITY] codeql/controlflow: * [*], codeql/util: not * [*] {dependency: codeql/controlflow@* [*] requires codeql/util@2.0.17}
[2025-09-05 20:15:28] [SPAMMY] resolve library-path> [DECISION 5] codeql/controlflow: 2.0.14
[2025-09-05 20:15:28] [SPAMMY] resolve library-path> [INCOMPATIBILITY] codeql/mad: * [*], codeql/dataflow: not * [*] {dependency: codeql/mad@* [*] requires codeql/dataflow@2.0.14}
[2025-09-05 20:15:28] [SPAMMY] resolve library-path> [INCOMPATIBILITY] codeql/mad: * [*], codeql/util: not * [*] {dependency: codeql/mad@* [*] requires codeql/util@2.0.17}
[2025-09-05 20:15:28] [SPAMMY] resolve library-path> [DECISION 6] codeql/mad: 1.0.30
[2025-09-05 20:15:28] [SPAMMY] resolve library-path> [INCOMPATIBILITY] codeql/regex: * [*], codeql/util: not * [*] {dependency: codeql/regex@* [*] requires codeql/util@2.0.17}
[2025-09-05 20:15:28] [SPAMMY] resolve library-path> [DECISION 7] codeql/regex: 1.0.30
[2025-09-05 20:15:28] [SPAMMY] resolve library-path> [INCOMPATIBILITY] codeql/ssa: * [*], codeql/controlflow: not * [*] {dependency: codeql/ssa@* [*] requires codeql/controlflow@2.0.14}
[2025-09-05 20:15:28] [SPAMMY] resolve library-path> [INCOMPATIBILITY] codeql/ssa: * [*], codeql/util: not * [*] {dependency: codeql/ssa@* [*] requires codeql/util@2.0.17}
[2025-09-05 20:15:28] [SPAMMY] resolve library-path> [DECISION 8] codeql/ssa: 2.0.6
[2025-09-05 20:15:28] [SPAMMY] resolve library-path> [DECISION 9] codeql/threat-models: 1.0.30
[2025-09-05 20:15:28] [SPAMMY] resolve library-path> [DECISION 10] codeql/tutorial: 1.0.30
[2025-09-05 20:15:28] [SPAMMY] resolve library-path> [INCOMPATIBILITY] codeql/typetracking: * [*], codeql/util: not * [*] {dependency: codeql/typetracking@* [*] requires codeql/util@2.0.17}
[2025-09-05 20:15:28] [SPAMMY] resolve library-path> [DECISION 11] codeql/typetracking: 2.0.14
[2025-09-05 20:15:28] [SPAMMY] resolve library-path> [DECISION 12] codeql/util: 2.0.17
[2025-09-05 20:15:28] [SPAMMY] resolve library-path> [INCOMPATIBILITY] codeql/xml: * [*], codeql/util: not * [*] {dependency: codeql/xml@* [*] requires codeql/util@2.0.17}
[2025-09-05 20:15:28] [SPAMMY] resolve library-path> [DECISION 13] codeql/xml: 1.0.30
[2025-09-05 20:15:28] [SPAMMY] resolve library-path> [DECISION 14] codeql/yaml: 1.0.30
[2025-09-05 20:15:28] [DETAILS] resolve library-path> QL pack dependencies for /workspaces/demo-private/.github/codeql/ryudes-python-email resolved OK.
[2025-09-05 20:15:28] [DETAILS] resolve library-path> Found dbscheme through QL packs: /home/codespace/.codeql/packages/codeql/python-all/4.0.14/semmlecode.python.dbscheme.
[2025-09-05 20:15:28] Plumbing command codeql resolve library-path completed:
                      {
                        "libraryPath" : [
                          "/workspaces/demo-private/.github/codeql/ryudes-python-email",
                          "/home/codespace/.codeql/packages/codeql/python-all/4.0.14",
                          "/home/codespace/.codeql/packages/codeql/concepts/0.0.4",
                          "/home/codespace/.codeql/packages/codeql/dataflow/2.0.14",
                          "/home/codespace/.codeql/packages/codeql/controlflow/2.0.14",
                          "/home/codespace/.codeql/packages/codeql/mad/1.0.30",
                          "/home/codespace/.codeql/packages/codeql/regex/1.0.30",
                          "/home/codespace/.codeql/packages/codeql/ssa/2.0.6",
                          "/home/codespace/.codeql/packages/codeql/threat-models/1.0.30",
                          "/home/codespace/.codeql/packages/codeql/tutorial/1.0.30",
                          "/home/codespace/.codeql/packages/codeql/typetracking/2.0.14",
                          "/home/codespace/.codeql/packages/codeql/util/2.0.17",
                          "/home/codespace/.codeql/packages/codeql/xml/1.0.30",
                          "/home/codespace/.codeql/packages/codeql/yaml/1.0.30"
                        ],
                        "dbscheme" : "/home/codespace/.codeql/packages/codeql/python-all/4.0.14/semmlecode.python.dbscheme",
                        "compilationCache" : [
                          "/home/codespace/.codeql/compile-cache"
                        ],
                        "relativeName" : "ryudes/python-email/queries/EmailHeaderInjection.ql",
                        "qlPackName" : "ryudes/python-email"
                      }
[2025-09-05 20:15:28] [PROGRESS] execute queries> [1/1] No need to rerun /workspaces/demo-private/.github/codeql/ryudes-python-email/queries/EmailHeaderInjection.ql.
[2025-09-05 20:15:28] [PROGRESS] execute queries> Shutting down query evaluator.
[2025-09-05 20:15:28] Sequence stamp origin is -6007184680186673269
[2025-09-05 20:15:28] Pausing evaluation to close the cache at sequence stamp o+0
[2025-09-05 20:15:28] The disk cache is freshly trimmed; leave it be.
[2025-09-05 20:15:28] Unpausing evaluation
[2025-09-05 20:15:28] [PROGRESS] execute queries> Interpreting results.
[2025-09-05 20:15:28] Running plumbing command: codeql database interpret-results --format=csv -o=/workspaces/demo-private/custom-results.csv --max-paths=4 --csv-location-format=line-column --print-diagnostics-summary --print-metrics-summary --qlconfig-file=/workspaces/demo-private/qlconfig.yml -- /workspaces/demo-private/codeql-database .github/codeql/ryudes-python-email/queries/EmailHeaderInjection.ql
[2025-09-05 20:15:28] Calling plumbing command: codeql resolve queries --qlconfig-file=/workspaces/demo-private/qlconfig.yml --format=json -- .github/codeql/ryudes-python-email/queries/EmailHeaderInjection.ql
[2025-09-05 20:15:29] [PROGRESS] resolve queries> Recording pack reference ryudes/python-email at /workspaces/demo-private/.github/codeql/ryudes-python-email.
[2025-09-05 20:15:29] Plumbing command codeql resolve queries completed:
                      [
                        "/workspaces/demo-private/.github/codeql/ryudes-python-email/queries/EmailHeaderInjection.ql"
                      ]
[2025-09-05 20:15:29] [PROGRESS] database interpret-results> Resolving extensions
[2025-09-05 20:15:29] Calling plumbing command: codeql resolve extensions --qlconfig-file=/workspaces/demo-private/qlconfig.yml .github/codeql/ryudes-python-email/queries/EmailHeaderInjection.ql
[2025-09-05 20:15:29] Calling plumbing command: codeql resolve queries --qlconfig-file=/workspaces/demo-private/qlconfig.yml --allow-library-packs --format startingpacks -- .github/codeql/ryudes-python-email/queries/EmailHeaderInjection.ql
[2025-09-05 20:15:29] [PROGRESS] resolve queries> Recording pack reference ryudes/python-email at /workspaces/demo-private/.github/codeql/ryudes-python-email.
[2025-09-05 20:15:29] Plumbing command codeql resolve queries completed:
                      [
                        "/workspaces/demo-private/.github/codeql/ryudes-python-email"
                      ]
[2025-09-05 20:15:29] Calling plumbing command: codeql resolve extensions-by-pack --qlconfig-file=/workspaces/demo-private/qlconfig.yml -- /workspaces/demo-private/.github/codeql/ryudes-python-email
[2025-09-05 20:15:29] [SPAMMY] resolve extensions-by-pack> [INCOMPATIBILITY] ryudes/python-email: not 0.0.1 {root: ryudes/python-email@0.0.1}
[2025-09-05 20:15:29] [SPAMMY] resolve extensions-by-pack> [DERIVATION] ryudes/python-email: 0.0.1 {ryudes/python-email: not 0.0.1 {root: ryudes/python-email@0.0.1}}
[2025-09-05 20:15:29] [SPAMMY] resolve extensions-by-pack> [INCOMPATIBILITY] ryudes/python-email: * [*], codeql/python-all: not * [*] {dependency: ryudes/python-email@* [*] requires codeql/python-all@*}
[2025-09-05 20:15:29] [SPAMMY] resolve extensions-by-pack> [DECISION 1] ryudes/python-email: 0.0.1
[2025-09-05 20:15:29] [SPAMMY] resolve extensions-by-pack> [DERIVATION] codeql/python-all: * [*] {ryudes/python-email: * [*], codeql/python-all: not * [*] {dependency: ryudes/python-email@* [*] requires codeql/python-all@*}}
[2025-09-05 20:15:29] [SPAMMY] resolve extensions-by-pack> [INCOMPATIBILITY] codeql/python-all: * [*], codeql/concepts: not * [*] {dependency: codeql/python-all@* [*] requires codeql/concepts@0.0.4}
[2025-09-05 20:15:29] [SPAMMY] resolve extensions-by-pack> [INCOMPATIBILITY] codeql/python-all: * [*], codeql/dataflow: not * [*] {dependency: codeql/python-all@* [*] requires codeql/dataflow@2.0.14}
[2025-09-05 20:15:29] [SPAMMY] resolve extensions-by-pack> [INCOMPATIBILITY] codeql/python-all: * [*], codeql/mad: not * [*] {dependency: codeql/python-all@* [*] requires codeql/mad@1.0.30}
[2025-09-05 20:15:29] [SPAMMY] resolve extensions-by-pack> [INCOMPATIBILITY] codeql/python-all: * [*], codeql/regex: not * [*] {dependency: codeql/python-all@* [*] requires codeql/regex@1.0.30}
[2025-09-05 20:15:29] [SPAMMY] resolve extensions-by-pack> [INCOMPATIBILITY] codeql/python-all: * [*], codeql/threat-models: not * [*] {dependency: codeql/python-all@* [*] requires codeql/threat-models@1.0.30}
[2025-09-05 20:15:29] [SPAMMY] resolve extensions-by-pack> [INCOMPATIBILITY] codeql/python-all: * [*], codeql/tutorial: not * [*] {dependency: codeql/python-all@* [*] requires codeql/tutorial@1.0.30}
[2025-09-05 20:15:29] [SPAMMY] resolve extensions-by-pack> [INCOMPATIBILITY] codeql/python-all: * [*], codeql/util: not * [*] {dependency: codeql/python-all@* [*] requires codeql/util@2.0.17}
[2025-09-05 20:15:29] [SPAMMY] resolve extensions-by-pack> [INCOMPATIBILITY] codeql/python-all: * [*], codeql/xml: not * [*] {dependency: codeql/python-all@* [*] requires codeql/xml@1.0.30}
[2025-09-05 20:15:29] [SPAMMY] resolve extensions-by-pack> [INCOMPATIBILITY] codeql/python-all: * [*], codeql/yaml: not * [*] {dependency: codeql/python-all@* [*] requires codeql/yaml@1.0.30}
[2025-09-05 20:15:29] [SPAMMY] resolve extensions-by-pack> [DECISION 2] codeql/python-all: 4.0.14
[2025-09-05 20:15:29] [SPAMMY] resolve extensions-by-pack> [DERIVATION] codeql/yaml: * [*] {codeql/python-all: * [*], codeql/yaml: not * [*] {dependency: codeql/python-all@* [*] requires codeql/yaml@1.0.30}}
[2025-09-05 20:15:29] [SPAMMY] resolve extensions-by-pack> [DERIVATION] codeql/xml: * [*] {codeql/python-all: * [*], codeql/xml: not * [*] {dependency: codeql/python-all@* [*] requires codeql/xml@1.0.30}}
[2025-09-05 20:15:29] [SPAMMY] resolve extensions-by-pack> [DERIVATION] codeql/util: * [*] {codeql/python-all: * [*], codeql/util: not * [*] {dependency: codeql/python-all@* [*] requires codeql/util@2.0.17}}
[2025-09-05 20:15:29] [SPAMMY] resolve extensions-by-pack> [DERIVATION] codeql/tutorial: * [*] {codeql/python-all: * [*], codeql/tutorial: not * [*] {dependency: codeql/python-all@* [*] requires codeql/tutorial@1.0.30}}
[2025-09-05 20:15:29] [SPAMMY] resolve extensions-by-pack> [DERIVATION] codeql/threat-models: * [*] {codeql/python-all: * [*], codeql/threat-models: not * [*] {dependency: codeql/python-all@* [*] requires codeql/threat-models@1.0.30}}
[2025-09-05 20:15:29] [SPAMMY] resolve extensions-by-pack> [DERIVATION] codeql/regex: * [*] {codeql/python-all: * [*], codeql/regex: not * [*] {dependency: codeql/python-all@* [*] requires codeql/regex@1.0.30}}
[2025-09-05 20:15:29] [SPAMMY] resolve extensions-by-pack> [DERIVATION] codeql/mad: * [*] {codeql/python-all: * [*], codeql/mad: not * [*] {dependency: codeql/python-all@* [*] requires codeql/mad@1.0.30}}
[2025-09-05 20:15:29] [SPAMMY] resolve extensions-by-pack> [DERIVATION] codeql/dataflow: * [*] {codeql/python-all: * [*], codeql/dataflow: not * [*] {dependency: codeql/python-all@* [*] requires codeql/dataflow@2.0.14}}
[2025-09-05 20:15:29] [SPAMMY] resolve extensions-by-pack> [DERIVATION] codeql/concepts: * [*] {codeql/python-all: * [*], codeql/concepts: not * [*] {dependency: codeql/python-all@* [*] requires codeql/concepts@0.0.4}}
[2025-09-05 20:15:29] [SPAMMY] resolve extensions-by-pack> [INCOMPATIBILITY] codeql/concepts: * [*], codeql/dataflow: not * [*] {dependency: codeql/concepts@* [*] requires codeql/dataflow@2.0.14}
[2025-09-05 20:15:29] [SPAMMY] resolve extensions-by-pack> [INCOMPATIBILITY] codeql/concepts: * [*], codeql/util: not * [*] {dependency: codeql/concepts@* [*] requires codeql/util@2.0.17}
[2025-09-05 20:15:29] [SPAMMY] resolve extensions-by-pack> [DECISION 3] codeql/concepts: 0.0.4
[2025-09-05 20:15:29] [SPAMMY] resolve extensions-by-pack> [INCOMPATIBILITY] codeql/dataflow: * [*], codeql/controlflow: not * [*] {dependency: codeql/dataflow@* [*] requires codeql/controlflow@2.0.14}
[2025-09-05 20:15:29] [SPAMMY] resolve extensions-by-pack> [INCOMPATIBILITY] codeql/dataflow: * [*], codeql/ssa: not * [*] {dependency: codeql/dataflow@* [*] requires codeql/ssa@2.0.6}
[2025-09-05 20:15:29] [SPAMMY] resolve extensions-by-pack> [INCOMPATIBILITY] codeql/dataflow: * [*], codeql/typetracking: not * [*] {dependency: codeql/dataflow@* [*] requires codeql/typetracking@2.0.14}
[2025-09-05 20:15:29] [SPAMMY] resolve extensions-by-pack> [INCOMPATIBILITY] codeql/dataflow: * [*], codeql/util: not * [*] {dependency: codeql/dataflow@* [*] requires codeql/util@2.0.17}
[2025-09-05 20:15:29] [SPAMMY] resolve extensions-by-pack> [DECISION 4] codeql/dataflow: 2.0.14
[2025-09-05 20:15:29] [SPAMMY] resolve extensions-by-pack> [DERIVATION] codeql/typetracking: * [*] {codeql/dataflow: * [*], codeql/typetracking: not * [*] {dependency: codeql/dataflow@* [*] requires codeql/typetracking@2.0.14}}
[2025-09-05 20:15:29] [SPAMMY] resolve extensions-by-pack> [DERIVATION] codeql/ssa: * [*] {codeql/dataflow: * [*], codeql/ssa: not * [*] {dependency: codeql/dataflow@* [*] requires codeql/ssa@2.0.6}}
[2025-09-05 20:15:29] [SPAMMY] resolve extensions-by-pack> [DERIVATION] codeql/controlflow: * [*] {codeql/dataflow: * [*], codeql/controlflow: not * [*] {dependency: codeql/dataflow@* [*] requires codeql/controlflow@2.0.14}}
[2025-09-05 20:15:29] [SPAMMY] resolve extensions-by-pack> [INCOMPATIBILITY] codeql/controlflow: * [*], codeql/util: not * [*] {dependency: codeql/controlflow@* [*] requires codeql/util@2.0.17}
[2025-09-05 20:15:29] [SPAMMY] resolve extensions-by-pack> [DECISION 5] codeql/controlflow: 2.0.14
[2025-09-05 20:15:29] [SPAMMY] resolve extensions-by-pack> [INCOMPATIBILITY] codeql/mad: * [*], codeql/dataflow: not * [*] {dependency: codeql/mad@* [*] requires codeql/dataflow@2.0.14}
[2025-09-05 20:15:29] [SPAMMY] resolve extensions-by-pack> [INCOMPATIBILITY] codeql/mad: * [*], codeql/util: not * [*] {dependency: codeql/mad@* [*] requires codeql/util@2.0.17}
[2025-09-05 20:15:29] [SPAMMY] resolve extensions-by-pack> [DECISION 6] codeql/mad: 1.0.30
[2025-09-05 20:15:29] [SPAMMY] resolve extensions-by-pack> [INCOMPATIBILITY] codeql/regex: * [*], codeql/util: not * [*] {dependency: codeql/regex@* [*] requires codeql/util@2.0.17}
[2025-09-05 20:15:29] [SPAMMY] resolve extensions-by-pack> [DECISION 7] codeql/regex: 1.0.30
[2025-09-05 20:15:29] [SPAMMY] resolve extensions-by-pack> [INCOMPATIBILITY] codeql/ssa: * [*], codeql/controlflow: not * [*] {dependency: codeql/ssa@* [*] requires codeql/controlflow@2.0.14}
[2025-09-05 20:15:29] [SPAMMY] resolve extensions-by-pack> [INCOMPATIBILITY] codeql/ssa: * [*], codeql/util: not * [*] {dependency: codeql/ssa@* [*] requires codeql/util@2.0.17}
[2025-09-05 20:15:29] [SPAMMY] resolve extensions-by-pack> [DECISION 8] codeql/ssa: 2.0.6
[2025-09-05 20:15:29] [SPAMMY] resolve extensions-by-pack> [DECISION 9] codeql/threat-models: 1.0.30
[2025-09-05 20:15:29] [SPAMMY] resolve extensions-by-pack> [DECISION 10] codeql/tutorial: 1.0.30
[2025-09-05 20:15:29] [SPAMMY] resolve extensions-by-pack> [INCOMPATIBILITY] codeql/typetracking: * [*], codeql/util: not * [*] {dependency: codeql/typetracking@* [*] requires codeql/util@2.0.17}
[2025-09-05 20:15:29] [SPAMMY] resolve extensions-by-pack> [DECISION 11] codeql/typetracking: 2.0.14
[2025-09-05 20:15:29] [SPAMMY] resolve extensions-by-pack> [DECISION 12] codeql/util: 2.0.17
[2025-09-05 20:15:29] [SPAMMY] resolve extensions-by-pack> [INCOMPATIBILITY] codeql/xml: * [*], codeql/util: not * [*] {dependency: codeql/xml@* [*] requires codeql/util@2.0.17}
[2025-09-05 20:15:29] [SPAMMY] resolve extensions-by-pack> [DECISION 13] codeql/xml: 1.0.30
[2025-09-05 20:15:29] [SPAMMY] resolve extensions-by-pack> [DECISION 14] codeql/yaml: 1.0.30
[2025-09-05 20:15:29] [PROGRESS] resolve extensions-by-pack> Loading data extensions in /home/codespace/.codeql/packages/codeql/python-all/4.0.14/ext/default-threat-models-fixup.model.yml.
[2025-09-05 20:15:29] [DETAILS] resolve extensions-by-pack>   Found extension targeting codeql/threat-models:threatModelConfiguration: 1 tuples.
[2025-09-05 20:15:29] [PROGRESS] resolve extensions-by-pack> Loading data extensions in /home/codespace/.codeql/packages/codeql/python-all/4.0.14/semmle/python/frameworks/Asyncpg.model.yml.
[2025-09-05 20:15:29] [DETAILS] resolve extensions-by-pack>   Found extension targeting codeql/python-all:sinkModel: 5 tuples.
[2025-09-05 20:15:29] [DETAILS] resolve extensions-by-pack>   Found extension targeting codeql/python-all:typeModel: 6 tuples.
[2025-09-05 20:15:29] [PROGRESS] resolve extensions-by-pack> Loading data extensions in /home/codespace/.codeql/packages/codeql/python-all/4.0.14/semmle/python/frameworks/Stdlib.model.yml.
[2025-09-05 20:15:29] [DETAILS] resolve extensions-by-pack>   Found extension targeting codeql/python-all:sourceModel: 12 tuples.
[2025-09-05 20:15:29] [DETAILS] resolve extensions-by-pack>   Found extension targeting codeql/python-all:sinkModel: 1 tuples.
[2025-09-05 20:15:29] [DETAILS] resolve extensions-by-pack>   Found extension targeting codeql/python-all:summaryModel: 66 tuples.
[2025-09-05 20:15:29] [DETAILS] resolve extensions-by-pack>   Found extension targeting codeql/python-all:neutralModel: 0 tuples.
[2025-09-05 20:15:29] [DETAILS] resolve extensions-by-pack>   Found extension targeting codeql/python-all:typeModel: 0 tuples.
[2025-09-05 20:15:29] [DETAILS] resolve extensions-by-pack>   Found extension targeting codeql/python-all:typeVariableModel: 0 tuples.
[2025-09-05 20:15:29] [PROGRESS] resolve extensions-by-pack> Loading data extensions in /home/codespace/.codeql/packages/codeql/python-all/4.0.14/semmle/python/frameworks/data/internal/empty.model.yml.
[2025-09-05 20:15:29] [DETAILS] resolve extensions-by-pack>   Found extension targeting codeql/python-all:sourceModel: 0 tuples.
[2025-09-05 20:15:29] [DETAILS] resolve extensions-by-pack>   Found extension targeting codeql/python-all:sinkModel: 0 tuples.
[2025-09-05 20:15:29] [DETAILS] resolve extensions-by-pack>   Found extension targeting codeql/python-all:summaryModel: 0 tuples.
[2025-09-05 20:15:29] [DETAILS] resolve extensions-by-pack>   Found extension targeting codeql/python-all:neutralModel: 0 tuples.
[2025-09-05 20:15:29] [DETAILS] resolve extensions-by-pack>   Found extension targeting codeql/python-all:typeModel: 0 tuples.
[2025-09-05 20:15:29] [DETAILS] resolve extensions-by-pack>   Found extension targeting codeql/python-all:typeVariableModel: 0 tuples.
[2025-09-05 20:15:29] [PROGRESS] resolve extensions-by-pack> Loading data extensions in /home/codespace/.codeql/packages/codeql/python-all/4.0.14/semmle/python/frameworks/data/internal/subclass-capture/ALL.model.yml.
[2025-09-05 20:15:29] [DETAILS] resolve extensions-by-pack>   Found extension targeting codeql/python-all:typeModel: 58275 tuples.
[2025-09-05 20:15:29] [PROGRESS] resolve extensions-by-pack> Loading data extensions in /home/codespace/.codeql/packages/codeql/threat-models/1.0.30/ext/supported-threat-models.model.yml.
[2025-09-05 20:15:29] [DETAILS] resolve extensions-by-pack>   Found extension targeting codeql/threat-models:threatModelConfiguration: 1 tuples.
[2025-09-05 20:15:29] [PROGRESS] resolve extensions-by-pack> Loading data extensions in /home/codespace/.codeql/packages/codeql/threat-models/1.0.30/ext/threat-model-grouping.model.yml.
[2025-09-05 20:15:29] [DETAILS] resolve extensions-by-pack>   Found extension targeting codeql/threat-models:threatModelGrouping: 15 tuples.
[2025-09-05 20:15:29] [PROGRESS] resolve extensions-by-pack> Loading data extensions in /home/codespace/.codeql/packages/codeql/util/2.0.17/ext/default-alert-filter.yml.
[2025-09-05 20:15:29] [DETAILS] resolve extensions-by-pack>   Found extension targeting codeql/util:restrictAlertsTo: 0 tuples.
[2025-09-05 20:15:29] [DETAILS] resolve extensions-by-pack>   Found extension targeting codeql/util:restrictAlertsToExactLocation: 0 tuples.
[2025-09-05 20:15:29] Plumbing command codeql resolve extensions-by-pack completed:
                      {
                        "models" : [ ],
                        "data" : {
                          "/workspaces/demo-private/.github/codeql/ryudes-python-email" : [
                            {
                              "predicate" : "threatModelConfiguration",
                              "file" : "/home/codespace/.codeql/packages/codeql/python-all/4.0.14/ext/default-threat-models-fixup.model.yml",
                              "index" : 0,
                              "firstRowId" : 0,
                              "rowCount" : 1,
                              "predicateHasOrigin" : false
                            },
                            {
                              "predicate" : "sinkModel",
                              "file" : "/home/codespace/.codeql/packages/codeql/python-all/4.0.14/semmle/python/frameworks/Asyncpg.model.yml",
                              "index" : 0,
                              "firstRowId" : 1,
                              "rowCount" : 5,
                              "predicateHasOrigin" : true
                            },
                            {
                              "predicate" : "typeModel",
                              "file" : "/home/codespace/.codeql/packages/codeql/python-all/4.0.14/semmle/python/frameworks/Asyncpg.model.yml",
                              "index" : 1,
                              "firstRowId" : 6,
                              "rowCount" : 6,
                              "predicateHasOrigin" : false
                            },
                            {
                              "predicate" : "sourceModel",
                              "file" : "/home/codespace/.codeql/packages/codeql/python-all/4.0.14/semmle/python/frameworks/Stdlib.model.yml",
                              "index" : 0,
                              "firstRowId" : 12,
                              "rowCount" : 12,
                              "predicateHasOrigin" : true
                            },
                            {
                              "predicate" : "sinkModel",
                              "file" : "/home/codespace/.codeql/packages/codeql/python-all/4.0.14/semmle/python/frameworks/Stdlib.model.yml",
                              "index" : 1,
                              "firstRowId" : 24,
                              "rowCount" : 1,
                              "predicateHasOrigin" : true
                            },
                            {
                              "predicate" : "summaryModel",
                              "file" : "/home/codespace/.codeql/packages/codeql/python-all/4.0.14/semmle/python/frameworks/Stdlib.model.yml",
                              "index" : 2,
                              "firstRowId" : 25,
                              "rowCount" : 66,
                              "predicateHasOrigin" : true
                            },
                            {
                              "predicate" : "neutralModel",
                              "file" : "/home/codespace/.codeql/packages/codeql/python-all/4.0.14/semmle/python/frameworks/Stdlib.model.yml",
                              "index" : 3,
                              "firstRowId" : 91,
                              "rowCount" : 0,
                              "predicateHasOrigin" : false
                            },
                            {
                              "predicate" : "typeModel",
                              "file" : "/home/codespace/.codeql/packages/codeql/python-all/4.0.14/semmle/python/frameworks/Stdlib.model.yml",
                              "index" : 4,
                              "firstRowId" : 91,
                              "rowCount" : 0,
                              "predicateHasOrigin" : false
                            },
                            {
                              "predicate" : "typeVariableModel",
                              "file" : "/home/codespace/.codeql/packages/codeql/python-all/4.0.14/semmle/python/frameworks/Stdlib.model.yml",
                              "index" : 5,
                              "firstRowId" : 91,
                              "rowCount" : 0,
                              "predicateHasOrigin" : false
                            },
                            {
                              "predicate" : "sourceModel",
                              "file" : "/home/codespace/.codeql/packages/codeql/python-all/4.0.14/semmle/python/frameworks/data/internal/empty.model.yml",
                              "index" : 0,
                              "firstRowId" : 91,
                              "rowCount" : 0,
                              "predicateHasOrigin" : true
                            },
                            {
                              "predicate" : "sinkModel",
                              "file" : "/home/codespace/.codeql/packages/codeql/python-all/4.0.14/semmle/python/frameworks/data/internal/empty.model.yml",
                              "index" : 1,
                              "firstRowId" : 91,
                              "rowCount" : 0,
                              "predicateHasOrigin" : true
                            },
                            {
                              "predicate" : "summaryModel",
                              "file" : "/home/codespace/.codeql/packages/codeql/python-all/4.0.14/semmle/python/frameworks/data/internal/empty.model.yml",
                              "index" : 2,
                              "firstRowId" : 91,
                              "rowCount" : 0,
                              "predicateHasOrigin" : true
                            },
                            {
                              "predicate" : "neutralModel",
                              "file" : "/home/codespace/.codeql/packages/codeql/python-all/4.0.14/semmle/python/frameworks/data/internal/empty.model.yml",
                              "index" : 3,
                              "firstRowId" : 91,
                              "rowCount" : 0,
                              "predicateHasOrigin" : false
                            },
                            {
                              "predicate" : "typeModel",
                              "file" : "/home/codespace/.codeql/packages/codeql/python-all/4.0.14/semmle/python/frameworks/data/internal/empty.model.yml",
                              "index" : 4,
                              "firstRowId" : 91,
                              "rowCount" : 0,
                              "predicateHasOrigin" : false
                            },
                            {
                              "predicate" : "typeVariableModel",
                              "file" : "/home/codespace/.codeql/packages/codeql/python-all/4.0.14/semmle/python/frameworks/data/internal/empty.model.yml",
                              "index" : 5,
                              "firstRowId" : 91,
                              "rowCount" : 0,
                              "predicateHasOrigin" : false
                            },
                            {
                              "predicate" : "typeModel",
                              "file" : "/home/codespace/.codeql/packages/codeql/python-all/4.0.14/semmle/python/frameworks/data/internal/subclass-capture/ALL.model.yml",
                              "index" : 0,
                              "firstRowId" : 91,
                              "rowCount" : 58275,
                              "predicateHasOrigin" : false
                            },
                            {
                              "predicate" : "threatModelConfiguration",
                              "file" : "/home/codespace/.codeql/packages/codeql/threat-models/1.0.30/ext/supported-threat-models.model.yml",
                              "index" : 0,
                              "firstRowId" : 58366,
                              "rowCount" : 1,
                              "predicateHasOrigin" : false
                            },
                            {
                              "predicate" : "threatModelGrouping",
                              "file" : "/home/codespace/.codeql/packages/codeql/threat-models/1.0.30/ext/threat-model-grouping.model.yml",
                              "index" : 0,
                              "firstRowId" : 58367,
                              "rowCount" : 15,
                              "predicateHasOrigin" : false
                            },
                            {
                              "predicate" : "restrictAlertsTo",
                              "file" : "/home/codespace/.codeql/packages/codeql/util/2.0.17/ext/default-alert-filter.yml",
                              "index" : 0,
                              "firstRowId" : 58382,
                              "rowCount" : 0,
                              "predicateHasOrigin" : false
                            },
                            {
                              "predicate" : "restrictAlertsToExactLocation",
                              "file" : "/home/codespace/.codeql/packages/codeql/util/2.0.17/ext/default-alert-filter.yml",
                              "index" : 1,
                              "firstRowId" : 58382,
                              "rowCount" : 0,
                              "predicateHasOrigin" : false
                            }
                          ]
                        },
                        "threatModels" : {
                          "/workspaces/demo-private/.github/codeql/ryudes-python-email" : {
                            "extensions" : [
                              {
                                "data" : [ ],
                                "addsTo" : {
                                  "extensible" : "threatModelConfiguration",
                                  "checkPresence" : true,
                                  "packName" : "codeql/threat-models"
                                }
                              }
                            ]
                          }
                        },
                        "extensionPacks" : [ ]
                      }
[2025-09-05 20:15:29] Plumbing command codeql resolve extensions completed:
                      {
                        "models" : [ ],
                        "data" : {
                          "/workspaces/demo-private/.github/codeql/ryudes-python-email" : [
                            {
                              "predicate" : "threatModelConfiguration",
                              "file" : "/home/codespace/.codeql/packages/codeql/python-all/4.0.14/ext/default-threat-models-fixup.model.yml",
                              "index" : 0,
                              "firstRowId" : 0,
                              "rowCount" : 1,
                              "predicateHasOrigin" : false
                            },
                            {
                              "predicate" : "sinkModel",
                              "file" : "/home/codespace/.codeql/packages/codeql/python-all/4.0.14/semmle/python/frameworks/Asyncpg.model.yml",
                              "index" : 0,
                              "firstRowId" : 1,
                              "rowCount" : 5,
                              "predicateHasOrigin" : true
                            },
                            {
                              "predicate" : "typeModel",
                              "file" : "/home/codespace/.codeql/packages/codeql/python-all/4.0.14/semmle/python/frameworks/Asyncpg.model.yml",
                              "index" : 1,
                              "firstRowId" : 6,
                              "rowCount" : 6,
                              "predicateHasOrigin" : false
                            },
                            {
                              "predicate" : "sourceModel",
                              "file" : "/home/codespace/.codeql/packages/codeql/python-all/4.0.14/semmle/python/frameworks/Stdlib.model.yml",
                              "index" : 0,
                              "firstRowId" : 12,
                              "rowCount" : 12,
                              "predicateHasOrigin" : true
                            },
                            {
                              "predicate" : "sinkModel",
                              "file" : "/home/codespace/.codeql/packages/codeql/python-all/4.0.14/semmle/python/frameworks/Stdlib.model.yml",
                              "index" : 1,
                              "firstRowId" : 24,
                              "rowCount" : 1,
                              "predicateHasOrigin" : true
                            },
                            {
                              "predicate" : "summaryModel",
                              "file" : "/home/codespace/.codeql/packages/codeql/python-all/4.0.14/semmle/python/frameworks/Stdlib.model.yml",
                              "index" : 2,
                              "firstRowId" : 25,
                              "rowCount" : 66,
                              "predicateHasOrigin" : true
                            },
                            {
                              "predicate" : "neutralModel",
                              "file" : "/home/codespace/.codeql/packages/codeql/python-all/4.0.14/semmle/python/frameworks/Stdlib.model.yml",
                              "index" : 3,
                              "firstRowId" : 91,
                              "rowCount" : 0,
                              "predicateHasOrigin" : false
                            },
                            {
                              "predicate" : "typeModel",
                              "file" : "/home/codespace/.codeql/packages/codeql/python-all/4.0.14/semmle/python/frameworks/Stdlib.model.yml",
                              "index" : 4,
                              "firstRowId" : 91,
                              "rowCount" : 0,
                              "predicateHasOrigin" : false
                            },
                            {
                              "predicate" : "typeVariableModel",
                              "file" : "/home/codespace/.codeql/packages/codeql/python-all/4.0.14/semmle/python/frameworks/Stdlib.model.yml",
                              "index" : 5,
                              "firstRowId" : 91,
                              "rowCount" : 0,
                              "predicateHasOrigin" : false
                            },
                            {
                              "predicate" : "sourceModel",
                              "file" : "/home/codespace/.codeql/packages/codeql/python-all/4.0.14/semmle/python/frameworks/data/internal/empty.model.yml",
                              "index" : 0,
                              "firstRowId" : 91,
                              "rowCount" : 0,
                              "predicateHasOrigin" : true
                            },
                            {
                              "predicate" : "sinkModel",
                              "file" : "/home/codespace/.codeql/packages/codeql/python-all/4.0.14/semmle/python/frameworks/data/internal/empty.model.yml",
                              "index" : 1,
                              "firstRowId" : 91,
                              "rowCount" : 0,
                              "predicateHasOrigin" : true
                            },
                            {
                              "predicate" : "summaryModel",
                              "file" : "/home/codespace/.codeql/packages/codeql/python-all/4.0.14/semmle/python/frameworks/data/internal/empty.model.yml",
                              "index" : 2,
                              "firstRowId" : 91,
                              "rowCount" : 0,
                              "predicateHasOrigin" : true
                            },
                            {
                              "predicate" : "neutralModel",
                              "file" : "/home/codespace/.codeql/packages/codeql/python-all/4.0.14/semmle/python/frameworks/data/internal/empty.model.yml",
                              "index" : 3,
                              "firstRowId" : 91,
                              "rowCount" : 0,
                              "predicateHasOrigin" : false
                            },
                            {
                              "predicate" : "typeModel",
                              "file" : "/home/codespace/.codeql/packages/codeql/python-all/4.0.14/semmle/python/frameworks/data/internal/empty.model.yml",
                              "index" : 4,
                              "firstRowId" : 91,
                              "rowCount" : 0,
                              "predicateHasOrigin" : false
                            },
                            {
                              "predicate" : "typeVariableModel",
                              "file" : "/home/codespace/.codeql/packages/codeql/python-all/4.0.14/semmle/python/frameworks/data/internal/empty.model.yml",
                              "index" : 5,
                              "firstRowId" : 91,
                              "rowCount" : 0,
                              "predicateHasOrigin" : false
                            },
                            {
                              "predicate" : "typeModel",
                              "file" : "/home/codespace/.codeql/packages/codeql/python-all/4.0.14/semmle/python/frameworks/data/internal/subclass-capture/ALL.model.yml",
                              "index" : 0,
                              "firstRowId" : 91,
                              "rowCount" : 58275,
                              "predicateHasOrigin" : false
                            },
                            {
                              "predicate" : "threatModelConfiguration",
                              "file" : "/home/codespace/.codeql/packages/codeql/threat-models/1.0.30/ext/supported-threat-models.model.yml",
                              "index" : 0,
                              "firstRowId" : 58366,
                              "rowCount" : 1,
                              "predicateHasOrigin" : false
                            },
                            {
                              "predicate" : "threatModelGrouping",
                              "file" : "/home/codespace/.codeql/packages/codeql/threat-models/1.0.30/ext/threat-model-grouping.model.yml",
                              "index" : 0,
                              "firstRowId" : 58367,
                              "rowCount" : 15,
                              "predicateHasOrigin" : false
                            },
                            {
                              "predicate" : "restrictAlertsTo",
                              "file" : "/home/codespace/.codeql/packages/codeql/util/2.0.17/ext/default-alert-filter.yml",
                              "index" : 0,
                              "firstRowId" : 58382,
                              "rowCount" : 0,
                              "predicateHasOrigin" : false
                            },
                            {
                              "predicate" : "restrictAlertsToExactLocation",
                              "file" : "/home/codespace/.codeql/packages/codeql/util/2.0.17/ext/default-alert-filter.yml",
                              "index" : 1,
                              "firstRowId" : 58382,
                              "rowCount" : 0,
                              "predicateHasOrigin" : false
                            }
                          ]
                        },
                        "threatModels" : {
                          "/workspaces/demo-private/.github/codeql/ryudes-python-email" : {
                            "extensions" : [
                              {
                                "data" : [ ],
                                "addsTo" : {
                                  "extensible" : "threatModelConfiguration",
                                  "checkPresence" : true,
                                  "packName" : "codeql/threat-models"
                                }
                              }
                            ]
                          }
                        },
                        "extensionPacks" : [ ]
                      }
[2025-09-05 20:15:29] [PROGRESS] database interpret-results> Interpreting /workspaces/demo-private/.github/codeql/ryudes-python-email/queries/EmailHeaderInjection.ql...
[2025-09-05 20:15:29] Calling plumbing command: codeql resolve library-path --query=/workspaces/demo-private/.github/codeql/ryudes-python-email/queries/EmailHeaderInjection.ql --full-library-path=none --dbscheme=none --format=json
[2025-09-05 20:15:29] [DETAILS] resolve library-path> Resolving query at normalized path /workspaces/demo-private/.github/codeql/ryudes-python-email/queries/EmailHeaderInjection.ql.
[2025-09-05 20:15:29] [DETAILS] resolve library-path> Found enclosing pack 'ryudes/python-email' at /workspaces/demo-private/.github/codeql/ryudes-python-email.
[2025-09-05 20:15:29] [DETAILS] resolve library-path> Adding compilation cache at /home/codespace/.codeql/compile-cache.
[2025-09-05 20:15:29] [DETAILS] resolve library-path> Dbscheme was explicitly overridden as /workspaces/demo-private/none
[2025-09-05 20:15:29] [DETAILS] resolve library-path> Library path was overridden on command line.
[2025-09-05 20:15:29] Plumbing command codeql resolve library-path completed:
                      {
                        "libraryPath" : [
                          "/workspaces/demo-private/none"
                        ],
                        "dbscheme" : "/workspaces/demo-private/none",
                        "compilationCache" : [
                          "/home/codespace/.codeql/compile-cache"
                        ],
                        "relativeName" : "ryudes/python-email/queries/EmailHeaderInjection.ql",
                        "qlPackName" : "ryudes/python-email"
                      }
[2025-09-05 20:15:29] [DETAILS] database interpret-results>  ... found results file at /workspaces/demo-private/codeql-database/results/ryudes/python-email/queries/EmailHeaderInjection.bqrs.
[2025-09-05 20:15:29] Exception caught at top level: Could not process query metadata for /workspaces/demo-private/codeql-database/results/ryudes/python-email/queries/EmailHeaderInjection.bqrs.
                      Error was: Expected result pattern(s) are not present for path-problem query: Expected at least two result patterns. These should include at least an 'edges' result set (see https://codeql.github.com/docs/writing-codeql-queries/creating-path-queries/). [INVALID_RESULT_PATTERNS]
                      com.semmle.analysis.ql.QLToAnalysis.lambda$addQuery$4(QLToAnalysis.java:203)
                      java.base/java.util.Optional.map(Unknown Source)
                      com.semmle.util.data.Result.getOrThrow(Result.java:31)
                      com.semmle.analysis.ql.QLToAnalysis.addQuery(QLToAnalysis.java:197)
                      com.semmle.analysis.ql.QLToAnalysis.addQuery(QLToAnalysis.java:162)
                      com.semmle.cli2.database.InterpretResultsCommand.executeSubcommand(InterpretResultsCommand.java:322)
                      com.semmle.cli2.picocli.SubcommandCommon.lambda$executeSubcommandWithMessages$5(SubcommandCommon.java:892)
                      com.semmle.cli2.picocli.SubcommandCommon.withCompilationMessages(SubcommandCommon.java:444)
                      com.semmle.cli2.picocli.SubcommandCommon.executeSubcommandWithMessages(SubcommandCommon.java:890)
                      com.semmle.cli2.picocli.PlumbingRunner.run(PlumbingRunner.java:119)
                      com.semmle.cli2.picocli.SubcommandCommon.execPlumbingInProcess(SubcommandCommon.java:229)
                      com.semmle.cli2.database.AnalyzeCommand.continueAfterRunningQueries(AnalyzeCommand.java:198)
                      com.semmle.cli2.execute.ExecuteQueriesCommand.executeSubcommand(ExecuteQueriesCommand.java:748)
                      com.semmle.cli2.picocli.SubcommandCommon.lambda$executeSubcommandWithMessages$5(SubcommandCommon.java:892)
                      com.semmle.cli2.picocli.SubcommandCommon.withCompilationMessages(SubcommandCommon.java:444)
                      com.semmle.cli2.picocli.SubcommandCommon.executeSubcommandWithMessages(SubcommandCommon.java:890)
                      com.semmle.cli2.picocli.SubcommandCommon.toplevelMain(SubcommandCommon.java:777)
                      com.semmle.cli2.picocli.SubcommandCommon.call(SubcommandCommon.java:757)
                      com.semmle.cli2.picocli.SubcommandMaker.runMain(SubcommandMaker.java:238)
                      com.semmle.cli2.picocli.SubcommandMaker.runMain(SubcommandMaker.java:259)
                      com.semmle.cli2.CodeQL.main(CodeQL.java:113)
