[2025-09-07 14:24:42] This is codeql database create --language=python --source-root=/workspaces/demo-private /workspaces/demo-private/.codeql-db/db-py --overwrite
[2025-09-07 14:24:42] Log file was started late.
[2025-09-07 14:24:42] [PROGRESS] database create> Initializing database at /workspaces/demo-private/.codeql-db/db-py.
[2025-09-07 14:24:42] Running plumbing command: codeql database init --overwrite --language=python --extractor-options-verbosity=1 --qlconfig-file=/workspaces/demo-private/qlconfig.yml --source-root=/workspaces/demo-private --allow-missing-source-root=false --allow-already-existing -- /workspaces/demo-private/.codeql-db/db-py
[2025-09-07 14:24:42] Calling plumbing command: codeql resolve languages --extractor-options-verbosity=1 --format=betterjson
[2025-09-07 14:24:42] [DETAILS] resolve languages> Scanning for [codeql-extractor.yml] from /opt/codeql-latest/codeql/.codeqlmanifest.json
[2025-09-07 14:24:42] [DETAILS] resolve languages> Parsing /opt/codeql-latest/codeql/go/codeql-extractor.yml.
[2025-09-07 14:24:42] [DETAILS] resolve languages> Parsing /opt/codeql-latest/codeql/ruby/codeql-extractor.yml.
[2025-09-07 14:24:42] [DETAILS] resolve languages> Parsing /opt/codeql-latest/codeql/swift/codeql-extractor.yml.
[2025-09-07 14:24:42] [DETAILS] resolve languages> Parsing /opt/codeql-latest/codeql/xml/codeql-extractor.yml.
[2025-09-07 14:24:42] [DETAILS] resolve languages> Parsing /opt/codeql-latest/codeql/actions/codeql-extractor.yml.
[2025-09-07 14:24:42] [DETAILS] resolve languages> Parsing /opt/codeql-latest/codeql/html/codeql-extractor.yml.
[2025-09-07 14:24:42] [DETAILS] resolve languages> Parsing /opt/codeql-latest/codeql/javascript/codeql-extractor.yml.
[2025-09-07 14:24:42] [DETAILS] resolve languages> Parsing /opt/codeql-latest/codeql/properties/codeql-extractor.yml.
[2025-09-07 14:24:42] [DETAILS] resolve languages> Parsing /opt/codeql-latest/codeql/cpp/codeql-extractor.yml.
[2025-09-07 14:24:42] [DETAILS] resolve languages> Parsing /opt/codeql-latest/codeql/rust/codeql-extractor.yml.
[2025-09-07 14:24:42] [DETAILS] resolve languages> Parsing /opt/codeql-latest/codeql/csharp/codeql-extractor.yml.
[2025-09-07 14:24:42] [DETAILS] resolve languages> Parsing /opt/codeql-latest/codeql/csv/codeql-extractor.yml.
[2025-09-07 14:24:42] [DETAILS] resolve languages> Parsing /opt/codeql-latest/codeql/python/codeql-extractor.yml.
[2025-09-07 14:24:42] [DETAILS] resolve languages> Parsing /opt/codeql-latest/codeql/java/codeql-extractor.yml.
[2025-09-07 14:24:42] [DETAILS] resolve languages> Parsing /opt/codeql-latest/codeql/yaml/codeql-extractor.yml.
[2025-09-07 14:24:43] Plumbing command codeql resolve languages completed:
                      {
                        "aliases" : {
                          "c" : "cpp",
                          "c++" : "cpp",
                          "c-c++" : "cpp",
                          "c-cpp" : "cpp",
                          "c#" : "csharp",
                          "java-kotlin" : "java",
                          "kotlin" : "java",
                          "javascript-typescript" : "javascript",
                          "typescript" : "javascript"
                        },
                        "extractors" : {
                          "go" : [
                            {
                              "extractor_root" : "/opt/codeql-latest/codeql/go",
                              "extractor_options" : {
                                "extract_tests" : {
                                  "title" : "Whether to include Go test files in the CodeQL database.",
                                  "description" : "A value indicating whether Go test files should be included in the CodeQL database. The default is 'false'.\n",
                                  "type" : "string",
                                  "pattern" : "^(false|true)$"
                                },
                                "extract_vendor_dirs" : {
                                  "title" : "Whether to include Go vendor directories in the CodeQL database.",
                                  "description" : "A value indicating whether Go vendor directories should be included in the CodeQL database. The default is 'false'.\n",
                                  "type" : "string",
                                  "pattern" : "^(false|true)$"
                                }
                              }
                            }
                          ],
                          "ruby" : [
                            {
                              "extractor_root" : "/opt/codeql-latest/codeql/ruby",
                              "extractor_options" : {
                                "trap" : {
                                  "title" : "Options pertaining to TRAP.",
                                  "description" : "Options pertaining to TRAP.",
                                  "type" : "object",
                                  "properties" : {
                                    "compression" : {
                                      "title" : "Controls compression for the TRAP files written by the extractor.",
                                      "description" : "This option is only intended for use in debugging the extractor. Accepted values are 'gzip' (the default, to write gzip-compressed TRAP) 'zstd' (to write Zstandard-compressed TRAP) and 'none' (to write uncompressed TRAP).\n",
                                      "type" : "string",
                                      "pattern" : "^(none|gzip|zstd)$"
                                    }
                                  }
                                }
                              }
                            }
                          ],
                          "swift" : [
                            {
                              "extractor_root" : "/opt/codeql-latest/codeql/swift"
                            }
                          ],
                          "xml" : [
                            {
                              "extractor_root" : "/opt/codeql-latest/codeql/xml"
                            }
                          ],
                          "actions" : [
                            {
                              "extractor_root" : "/opt/codeql-latest/codeql/actions",
                              "extractor_options" : { }
                            }
                          ],
                          "html" : [
                            {
                              "extractor_root" : "/opt/codeql-latest/codeql/html"
                            }
                          ],
                          "javascript" : [
                            {
                              "extractor_root" : "/opt/codeql-latest/codeql/javascript",
                              "extractor_options" : {
                                "skip_types" : {
                                  "title" : "Skip type extraction for TypeScript",
                                  "description" : "Whether to skip the extraction of types in a TypeScript application",
                                  "type" : "string",
                                  "pattern" : "^(false|true)$"
                                }
                              }
                            }
                          ],
                          "properties" : [
                            {
                              "extractor_root" : "/opt/codeql-latest/codeql/properties"
                            }
                          ],
                          "cpp" : [
                            {
                              "extractor_root" : "/opt/codeql-latest/codeql/cpp",
                              "extractor_options" : {
                                "scale_timeouts" : {
                                  "title" : "Value to scale compiler introspection timeouts with",
                                  "description" : "The extractor attempts to determine what compiler the source code being extracted is compiled with. To this end the extractor makes additional calls to the compiler, some of which are expected to return within a certain fixed time (either 10s or 15s). On some systems that are under high load this time might be too short, and can be scaled up using this option.\n",
                                  "type" : "string",
                                  "pattern" : "[0-9]+"
                                },
                                "log_verbosity" : {
                                  "title" : "Verbosity of the extractor logging",
                                  "description" : "Set the verbosity of the extractor logging to 'quiet' (0), 'normal' (1), 'chatty' (2), or 'noisy' (3). The default is 'normal'.\n",
                                  "type" : "string",
                                  "pattern" : "[0-3]"
                                }
                              }
                            }
                          ],
                          "rust" : [
                            {
                              "extractor_root" : "/opt/codeql-latest/codeql/rust",
                              "extractor_options" : {
                                "trap" : {
                                  "title" : "Options pertaining to TRAP.",
                                  "description" : "Options pertaining to TRAP.",
                                  "type" : "object",
                                  "properties" : {
                                    "compression" : {
                                      "title" : "Controls compression for the TRAP files written by the extractor.",
                                      "description" : "This option is only intended for use in debugging the extractor. Accepted values are 'gzip' (to write gzip-compressed TRAP) 'zstd' (to write Zstandard-compressed TRAP) and 'none' (the default, to write uncompressed TRAP).\n",
                                      "type" : "string",
                                      "pattern" : "^(none|gzip|zstd)$"
                                    }
                                  }
                                },
                                "cargo_target_dir" : {
                                  "title" : "Directory to use for cargo output files.",
                                  "description" : "This value is an optional path to use as `CARGO_TARGET_DIR` for the internal cargo commands the extractor uses. Pointing it to a persistent directory may reduce execution time of consecutive extractor runs. By default, a new scratch directory is used for each run.\n",
                                  "type" : "string"
                                },
                                "cargo_target" : {
                                  "title" : "Target architecture",
                                  "description" : "Target architecture to use for analysis, analogous to `cargo --target`. By default the host architecture is used.\n",
                                  "type" : "string"
                                },
                                "cargo_features" : {
                                  "title" : "Cargo features to turn on",
                                  "description" : "Comma-separated list of features to turn on. By default all features are enabled. If any features are specified, then only those features are enabled. The `default` feature must be explicitly specified if only default features are desired. Can be repeated.\n",
                                  "type" : "array"
                                },
                                "cargo_cfg_overrides" : {
                                  "title" : "Cargo cfg overrides",
                                  "description" : "Comma-separated list of cfg settings to enable, or disable if prefixed with `-`. Can be repeated.\n",
                                  "type" : "array"
                                },
                                "logging" : {
                                  "title" : "Options pertaining to logging.",
                                  "description" : "Options pertaining to logging.",
                                  "type" : "object",
                                  "properties" : {
                                    "verbosity" : {
                                      "title" : "Extractor logging verbosity level.",
                                      "description" : "Controls the level of verbosity of the extractor. The supported levels are (in order of increasing verbosity):\n  - off\n  - errors\n  - warnings\n  - info or progress\n  - debug or progress+\n  - trace or progress++\n  - progress+++\n",
                                      "type" : "string",
                                      "pattern" : "^(off|errors|warnings|(info|progress)|(debug|progress\\+)|(trace|progress\\+\\+)|progress\\+\\+\\+)$"
                                    },
                                    "flamegraph" : {
                                      "title" : "[Experimental] File path for write flame graph log",
                                      "description" : "Collect flame graph data using the `tracing-flame` crate. To render a flame graph or chart, run the `inferno-flamegraph` command. See also: https://crates.io/crates/tracing-flame\n",
                                      "type" : "string"
                                    }
                                  }
                                },
                                "extract_dependencies_as_source" : {
                                  "title" : "Extract dependencies as source code",
                                  "description" : "Extract the full source code of dependencies instead of only extracting signatures.\n",
                                  "type" : "string",
                                  "pattern" : "^(false|true)$"
                                }
                              }
                            }
                          ],
                          "csharp" : [
                            {
                              "extractor_root" : "/opt/codeql-latest/codeql/csharp",
                              "extractor_options" : {
                                "trap" : {
                                  "title" : "Options pertaining to TRAP.",
                                  "description" : "Options pertaining to TRAP.",
                                  "type" : "object",
                                  "properties" : {
                                    "compression" : {
                                      "title" : "Controls compression for the TRAP files written by the extractor.",
                                      "description" : "This option is only intended for use in debugging the extractor. Accepted values are 'brotli' (the default, to write brotli-compressed TRAP), 'gzip', and 'none' (to write uncompressed TRAP).\n",
                                      "type" : "string",
                                      "pattern" : "^(none|gzip|brotli)$"
                                    }
                                  }
                                },
                                "buildless" : {
                                  "title" : "DEPRECATED - Whether to use buildless (standalone) extraction.",
                                  "description" : "DEPRECATED: Use `--build-mode none` instead.\nA value indicating, which type of extraction the autobuilder should perform. If 'true', then the standalone extractor will be used, otherwise tracing extraction will be performed. The default is 'false'. Note that buildless extraction will generally yield less accurate analysis results, and should only be used in cases where it is not possible to build the code (for example if it uses inaccessible dependencies).\n",
                                  "type" : "string",
                                  "pattern" : "^(false|true)$"
                                },
                                "logging" : {
                                  "title" : "Options pertaining to logging.",
                                  "description" : "Options pertaining to logging.",
                                  "type" : "object",
                                  "properties" : {
                                    "verbosity" : {
                                      "title" : "Extractor logging verbosity level.",
                                      "description" : "Controls the level of verbosity of the extractor. The supported levels are (in order of increasing verbosity):\n  - off\n  - errors\n  - warnings\n  - info or progress\n  - debug or progress+\n  - trace or progress++\n  - progress+++\n",
                                      "type" : "string",
                                      "pattern" : "^(off|errors|warnings|(info|progress)|(debug|progress\\+)|(trace|progress\\+\\+)|progress\\+\\+\\+)$"
                                    }
                                  }
                                },
                                "binlog" : {
                                  "title" : "Binlog",
                                  "description" : "[EXPERIMENTAL] The value is a path to the MsBuild binary log file that should be extracted. This option only works when `--build-mode none` is also specified.\n",
                                  "type" : "array"
                                }
                              }
                            }
                          ],
                          "csv" : [
                            {
                              "extractor_root" : "/opt/codeql-latest/codeql/csv"
                            }
                          ],
                          "python" : [
                            {
                              "extractor_root" : "/opt/codeql-latest/codeql/python",
                              "extractor_options" : {
                                "logging" : {
                                  "title" : "Options pertaining to logging.",
                                  "description" : "Options pertaining to logging.",
                                  "type" : "object",
                                  "properties" : {
                                    "verbosity" : {
                                      "title" : "Python extractor logging verbosity level.",
                                      "description" : "Controls the level of verbosity of the CodeQL Python extractor.\nThe supported levels are (in order of increasing verbosity):\n\n  - off\n  - errors\n  - warnings\n  - info or progress\n  - debug or progress+\n  - trace or progress++\n  - progress+++\n",
                                      "type" : "string",
                                      "pattern" : "^(off|errors|warnings|(info|progress)|(debug|progress\\+)|(trace|progress\\+\\+)|progress\\+\\+\\+)$"
                                    }
                                  }
                                },
                                "python_executable_name" : {
                                  "title" : "Controls the name of the Python executable used by the Python extractor.",
                                  "description" : "The Python extractor uses platform-dependent heuristics to determine the name of the Python executable to use. Specifying a value for this option overrides the name of the Python executable used by the extractor. Accepted values are py, python and python3. Use this setting with caution, the Python extractor requires Python 3 to run.\n",
                                  "type" : "string",
                                  "pattern" : "^(py|python|python3)$"
                                }
                              }
                            }
                          ],
                          "java" : [
                            {
                              "extractor_root" : "/opt/codeql-latest/codeql/java",
                              "extractor_options" : {
                                "exclude" : {
                                  "title" : "A glob excluding files from analysis.",
                                  "description" : "A glob indicating what files to exclude from the analysis. This accepts glob patterns that are supported by Java's 'getPathMatcher' implementation.\n",
                                  "type" : "string"
                                },
                                "add_prefer_source" : {
                                  "title" : "Whether to always prefer source files over class files.",
                                  "description" : "A value indicating whether source files should be preferred over class files. If set to 'true', the extraction adds '-Xprefer:source' to the javac command line. If set to 'false', the extraction uses the default javac behavior ('-Xprefer:newer'). The default is 'true'.\n",
                                  "type" : "string",
                                  "pattern" : "^(false|true)$"
                                },
                                "buildless" : {
                                  "title" : "Whether to use buildless (standalone) extraction (experimental).",
                                  "description" : "A value indicating, which type of extraction the autobuilder should perform. If 'true', then the standalone extractor will be used, otherwise tracing extraction will be performed. The default is 'false'. Note that buildless extraction will generally yield less accurate analysis results, and should only be used in cases where it is not possible to build the code (for example if it uses inaccessible dependencies).\n",
                                  "type" : "string",
                                  "pattern" : "^(false|true)$"
                                },
                                "buildless_dependency_dir" : {
                                  "title" : "The path where buildless (standalone) extraction should keep dependencies.",
                                  "description" : "If set, the buildless (standalone) extractor will store dependencies in this directory.\n",
                                  "type" : "string"
                                },
                                "minimize_dependency_jars" : {
                                  "title" : "Whether to rewrite and minimize downloaded JAR dependencies (experimental).",
                                  "description" : "If 'true', JAR dependencies downloaded during extraction will be rewritten to remove unneeded data, such as method bodies. The default is 'false'.\n",
                                  "type" : "string",
                                  "pattern" : "^(false|true)$"
                                }
                              }
                            }
                          ],
                          "yaml" : [
                            {
                              "extractor_root" : "/opt/codeql-latest/codeql/yaml"
                            }
                          ]
                        }
                      }
[2025-09-07 14:24:43] [PROGRESS] database init> Calculating baseline information in /workspaces/demo-private
[2025-09-07 14:24:43] [SPAMMY] database init> Ignoring the following directories when processing baseline information: .git, .hg, .svn.
[2025-09-07 14:24:43] [DETAILS] database init> Running command in /workspaces/demo-private: /opt/codeql-latest/codeql/tools/linux64/scc --by-file --exclude-dir .git,.hg,.svn --format json --no-large --no-min .
[2025-09-07 14:24:43] Using configure-baseline script /opt/codeql-latest/codeql/go/tools/configure-baseline.sh.
[2025-09-07 14:24:43] [PROGRESS] database init> Running command in /workspaces/demo-private: [/opt/codeql-latest/codeql/go/tools/configure-baseline.sh]
[2025-09-07 14:24:43] Using configure-baseline script /opt/codeql-latest/codeql/javascript/tools/configure-baseline.sh.
[2025-09-07 14:24:43] [PROGRESS] database init> Running command in /workspaces/demo-private: [/opt/codeql-latest/codeql/javascript/tools/configure-baseline.sh]
[2025-09-07 14:24:43] [SPAMMY] database init> Found 29 baseline files for go.
[2025-09-07 14:24:43] [SPAMMY] database init> Found 17 baseline files for python.
[2025-09-07 14:24:43] [SPAMMY] database init> Found 9 baseline files for csharp.
[2025-09-07 14:24:43] [SPAMMY] database init> Found 6 baseline files for javascript.
[2025-09-07 14:24:43] [SPAMMY] database init> Found 2 baseline files for java.
[2025-09-07 14:24:43] [PROGRESS] database init> Calculated baseline information for languages: csharp, go, java, javascript, python (151ms).
[2025-09-07 14:24:43] [PROGRESS] database init> Resolving extractor python.
[2025-09-07 14:24:43] [DETAILS] database init> Found candidate extractor root for python: /opt/codeql-latest/codeql/python.
[2025-09-07 14:24:43] [PROGRESS] database init> Successfully loaded extractor Python (python) from /opt/codeql-latest/codeql/python.
[2025-09-07 14:24:43] [PROGRESS] database init> Created skeleton CodeQL database at /workspaces/demo-private/.codeql-db/db-py. This in-progress database is ready to be populated by an extractor.
[2025-09-07 14:24:43] Plumbing command codeql database init completed.
[2025-09-07 14:24:43] [PROGRESS] database create> Running build command: []
[2025-09-07 14:24:43] Running plumbing command: codeql database trace-command --working-dir=/workspaces/demo-private --index-traceless-dbs --no-db-cluster -- /workspaces/demo-private/.codeql-db/db-py
[2025-09-07 14:24:43] Using autobuild script /opt/codeql-latest/codeql/python/tools/autobuild.sh.
[2025-09-07 14:24:43] [PROGRESS] database trace-command> Running command in /workspaces/demo-private: [/opt/codeql-latest/codeql/python/tools/autobuild.sh]
[2025-09-07 14:24:44] [build-stderr] /bin/sh: 1: python2: not found
[2025-09-07 14:24:44] [build-stdout] No directories containing root identifiers were found. Returning working directory as root.
[2025-09-07 14:24:44] [build-stdout] Will try to guess Python version, as it was not specified in `lgtm.yml`
[2025-09-07 14:24:44] [build-stdout] Trying to guess Python version based on Trove classifiers in setup.py
[2025-09-07 14:24:44] [build-stdout] Did not find setup.py (expected it to be at /workspaces/demo-private/setup.py)
[2025-09-07 14:24:44] [build-stdout] Trying to guess Python version based on travis file
[2025-09-07 14:24:44] [build-stdout] Did not find any travis files (expected them at either ['/workspaces/demo-private/.travis.yml', '/workspaces/demo-private/travis.yml'])
[2025-09-07 14:24:44] [build-stdout] Trying to guess Python version based on installed versions
[2025-09-07 14:24:44] [build-stdout] Wanted to run Python 2, but it is not available. Using Python 3 instead
[2025-09-07 14:24:44] [build-stdout] This script is running Python 3, but Python 2 is also available (as 'python3')
[2025-09-07 14:24:44] [build-stdout] Could not guess Python version, will use default: Python 3
[2025-09-07 14:24:44] [build-stdout] Calling python3 -S /opt/codeql-latest/codeql/python/tools/python_tracer.py --verbosity 3 -z all -c /workspaces/demo-private/.codeql-db/db-py/working/trap_cache -R /workspaces/demo-private
[2025-09-07 14:24:44] [build-stdout] INFO: The Python extractor has recently stopped extracting the standard library by default. If you encounter problems, please let us know by submitting an issue to https://github.com/github/codeql. It is possible to re-enable extraction of the standard library by setting the environment variable CODEQL_EXTRACTOR_PYTHON_EXTRACT_STDLIB.
[2025-09-07 14:24:44] [build-stdout] [INFO] Extraction will use the Python 3 standard library.
[2025-09-07 14:24:44] [build-stdout] [INFO] sys_path is: ['/opt/codeql-latest/codeql/python/tools', '/home/codespace/.python/current/lib/python312.zip', '/home/codespace/.python/current/lib/python3.12', '/home/codespace/.python/current/lib/python3.12/lib-dynload']
[2025-09-07 14:24:44] [build-stdout] [INFO] Python version 3.12.1
[2025-09-07 14:24:44] [build-stdout] [INFO] Python extractor version 7.1.3
[2025-09-07 14:24:45] [build-stdout] [INFO] [1] Extracted folder /workspaces/demo-private/src/loadgenerator in 2ms
[2025-09-07 14:24:45] [build-stdout] [INFO] [2] Extracted file /workspaces/demo-private/src/loadgenerator/locustfile.py in 140ms
[2025-09-07 14:24:45] [build-stdout] [INFO] [1] Extracted file /workspaces/demo-private/src/recommendationservice/logger.py in 74ms
[2025-09-07 14:24:45] [build-stdout] [INFO] [2] Extracted file /workspaces/demo-private/src/recommendationservice/demo_pb2.py in 95ms
[2025-09-07 14:24:45] [build-stdout] [INFO] [2] Skipped built-in file /home/codespace/.python/current/lib/python3.12/datetime.py
[2025-09-07 14:24:45] [build-stdout] [INFO] [2] Extracted folder /workspaces/demo-private/src/emailservice in 2ms
[2025-09-07 14:24:45] [build-stdout] [INFO] [2] Extracted file /workspaces/demo-private/src/emailservice/send_demo.py in 30ms
[2025-09-07 14:24:45] [build-stdout] [INFO] [2] Extracted file /workspaces/demo-private/kustomize/components/shopping-assistant/scripts/generate_sql_from_products.py in 33ms
[2025-09-07 14:24:45] [build-stdout] [INFO] [2] Extracted file /workspaces/demo-private/src/emailservice/email_server.py in 184ms
[2025-09-07 14:24:45] [build-stdout] [INFO] [2] Skipped built-in file /home/codespace/.python/current/lib/python3.12/logging/__init__.py
[2025-09-07 14:24:45] [build-stdout] [INFO] [2] Extracted folder /workspaces/demo-private/kustomize in 1ms
[2025-09-07 14:24:45] [build-stdout] [INFO] [2] Skipped built-in file /home/codespace/.python/current/lib/python3.12/os.py
[2025-09-07 14:24:45] [build-stdout] [INFO] [2] Extracted folder /workspaces/demo-private/src/shoppingassistantservice in 0ms
[2025-09-07 14:24:45] [build-stdout] [INFO] [2] Extracted folder /workspaces/demo-private/src in 0ms
[2025-09-07 14:24:45] [build-stdout] [INFO] [2] Extracted folder /home/codespace/.python/current/lib/python3.12/concurrent/futures in 1ms
[2025-09-07 14:24:45] [build-stdout] [INFO] [2] Extracted file /workspaces/demo-private/src/emailservice/mail_helpers.py in 16ms
[2025-09-07 14:24:45] [build-stdout] [INFO] [2] Extracted file /workspaces/demo-private/src/emailservice/vuln_demo.py in 20ms
[2025-09-07 14:24:45] [build-stdout] [INFO] [2] Skipped built-in file /home/codespace/.python/current/lib/python3.12/argparse.py
[2025-09-07 14:24:45] [build-stdout] [INFO] [2] Extracted folder /home/codespace/.python/current/lib/python3.12/concurrent in 1ms
[2025-09-07 14:24:45] [build-stdout] [INFO] [2] Extracted file /workspaces/demo-private/src/recommendationservice/recommendation_server.py in 163ms
[2025-09-07 14:24:45] [build-stdout] [INFO] [2] Skipped built-in file /home/codespace/.python/current/lib/python3.12/concurrent/__init__.py
[2025-09-07 14:24:45] [build-stdout] [INFO] [2] Extracted folder /home/codespace/.python/current/lib/python3.12/logging in 1ms
[2025-09-07 14:24:45] [build-stdout] [INFO] [2] Extracted folder /workspaces/demo-private/kustomize/components in 0ms
[2025-09-07 14:24:45] [build-stdout] [INFO] [2] Extracted folder /home/codespace/.python/current/lib/python3.12/json in 1ms
[2025-09-07 14:24:45] [build-stdout] [INFO] [1] Extracted file /workspaces/demo-private/src/emailservice/demo_pb2_grpc.py in 546ms
[2025-09-07 14:24:45] [build-stdout] [INFO] [1] Extracted file /workspaces/demo-private/src/emailservice/logger.py in 30ms
[2025-09-07 14:24:45] [build-stdout] [INFO] [2] Extracted file /workspaces/demo-private/src/emailservice/test_send_demo_smtp.py in 72ms
[2025-09-07 14:24:45] [build-stdout] [INFO] [2] Skipped built-in file /home/codespace/.python/current/lib/python3.12/concurrent/futures/__init__.py
[2025-09-07 14:24:45] [build-stdout] [INFO] [2] Extracted module time in 12ms
[2025-09-07 14:24:45] [build-stdout] [INFO] [2] Skipped built-in file /home/codespace/.python/current/lib/python3.12/smtplib.py
[2025-09-07 14:24:45] [build-stdout] [INFO] [2] Extracted folder /workspaces/demo-private/kustomize/components/shopping-assistant/scripts in 1ms
[2025-09-07 14:24:45] [build-stdout] [INFO] [2] Skipped built-in file /home/codespace/.python/current/lib/python3.12/email/message.py
[2025-09-07 14:24:45] [build-stdout] [INFO] [2] Skipped built-in file /home/codespace/.python/current/lib/python3.12/traceback.py
[2025-09-07 14:24:45] [build-stdout] [INFO] [2] Skipped built-in file /home/codespace/.python/current/lib/python3.12/random.py
[2025-09-07 14:24:45] [build-stdout] [INFO] [1] Extracted file /workspaces/demo-private/src/emailservice/demo_pb2.py in 107ms
[2025-09-07 14:24:45] [build-stdout] [INFO] [1] Extracted folder /workspaces/demo-private/kustomize/components/shopping-assistant in 0ms
[2025-09-07 14:24:45] [build-stdout] [INFO] [1] Extracted module builtins in 1ms
[2025-09-07 14:24:45] [build-stdout] [INFO] [1] Extracted file /workspaces/demo-private/src/shoppingassistantservice/shoppingassistantservice.py in 98ms
[2025-09-07 14:24:45] [build-stdout] [INFO] [1] Skipped built-in file /home/codespace/.python/current/lib/python3.12/email/__init__.py
[2025-09-07 14:24:45] [build-stdout] [INFO] [1] Skipped built-in file /home/codespace/.python/current/lib/python3.12/types.py
[2025-09-07 14:24:45] [build-stdout] [INFO] [1] Extracted file /workspaces/demo-private/src/recommendationservice/client.py in 33ms
[2025-09-07 14:24:45] [build-stdout] [INFO] [1] Extracted folder /home/codespace/.python/current/lib/python3.12/email in 2ms
[2025-09-07 14:24:45] [build-stdout] [INFO] [1] Extracted file /workspaces/demo-private/src/emailservice/email_client.py in 27ms
[2025-09-07 14:24:45] [build-stdout] [INFO] [1] Extracted folder /home/codespace/.python/current/lib/python3.12/urllib in 2ms
[2025-09-07 14:24:45] [build-stdout] [INFO] [1] Skipped built-in file /home/codespace/.python/current/lib/python3.12/urllib/__init__.py
[2025-09-07 14:24:45] [build-stdout] [INFO] [1] Skipped built-in file /home/codespace/.python/current/lib/python3.12/urllib/parse.py
[2025-09-07 14:24:45] [build-stdout] [INFO] [1] Extracted folder /workspaces/demo-private/src/recommendationservice in 1ms
[2025-09-07 14:24:45] [build-stdout] [INFO] [1] Skipped built-in file /home/codespace/.python/current/lib/python3.12/json/__init__.py
[2025-09-07 14:24:45] [build-stdout] [INFO] [1] Extracted module sys in 1ms
[2025-09-07 14:24:46] [build-stdout] [INFO] [2] Extracted file /workspaces/demo-private/src/recommendationservice/demo_pb2_grpc.py in 408ms
[2025-09-07 14:24:46] [build-stdout] [INFO] Processed 50 modules in 1.36s
[2025-09-07 14:24:46] Plumbing command codeql database trace-command completed.
[2025-09-07 14:24:46] [PROGRESS] database create> Finalizing database at /workspaces/demo-private/.codeql-db/db-py.
[2025-09-07 14:24:46] Running plumbing command: codeql database finalize --no-db-cluster -- /workspaces/demo-private/.codeql-db/db-py
[2025-09-07 14:24:46] Using pre-finalize script /opt/codeql-latest/codeql/python/tools/pre-finalize.sh.
[2025-09-07 14:24:46] [PROGRESS] database finalize> Running pre-finalize script /opt/codeql-latest/codeql/python/tools/pre-finalize.sh in /workspaces/demo-private.
[2025-09-07 14:24:46] Running plumbing command: codeql database trace-command --working-dir=/workspaces/demo-private --no-tracing -- /workspaces/demo-private/.codeql-db/db-py /opt/codeql-latest/codeql/python/tools/pre-finalize.sh
[2025-09-07 14:24:46] [PROGRESS] database trace-command> Running command in /workspaces/demo-private: [/opt/codeql-latest/codeql/python/tools/pre-finalize.sh]
[2025-09-07 14:24:47] [build-stderr] Scanning for files in /workspaces/demo-private...
[2025-09-07 14:24:47] [build-stderr] /workspaces/demo-private/.codeql-db/db-py: Indexing files in in /workspaces/demo-private...
[2025-09-07 14:24:47] [build-stderr] Running command in /workspaces/demo-private: [/opt/codeql-latest/codeql/yaml/tools/index-files.sh, /workspaces/demo-private/.codeql-db/db-py/working/files-to-index9278736104923014466.list]
[2025-09-07 14:24:48] Plumbing command codeql database trace-command completed.
[2025-09-07 14:24:48] [PROGRESS] database finalize> Pre-finalize script /opt/codeql-latest/codeql/python/tools/pre-finalize.sh completed in 2261 ms.
[2025-09-07 14:24:48] [PROGRESS] database finalize> Running TRAP import for CodeQL database at /workspaces/demo-private/.codeql-db/db-py...
[2025-09-07 14:24:48] Running plumbing command: codeql dataset import --dbscheme=/opt/codeql-latest/codeql/python/semmlecode.python.dbscheme -- /workspaces/demo-private/.codeql-db/db-py/db-python /workspaces/demo-private/.codeql-db/db-py/trap/python
[2025-09-07 14:24:48] Clearing disk cache since the version file /workspaces/demo-private/.codeql-db/db-py/db-python/default/cache/version does not exist
[2025-09-07 14:24:48] Tuple pool not found. Clearing relations with cached strings
[2025-09-07 14:24:48] Trimming disk cache at /workspaces/demo-private/.codeql-db/db-py/db-python/default/cache in mode clear.
[2025-09-07 14:24:48] Sequence stamp origin is -6006532857203604530
[2025-09-07 14:24:48] Pausing evaluation to hard-clear memory at sequence stamp o+0
[2025-09-07 14:24:48] Unpausing evaluation
[2025-09-07 14:24:48] Pausing evaluation to quickly trim disk at sequence stamp o+1
[2025-09-07 14:24:48] Unpausing evaluation
[2025-09-07 14:24:48] Pausing evaluation to zealously trim disk at sequence stamp o+2
[2025-09-07 14:24:48] Unpausing evaluation
[2025-09-07 14:24:48] Trimming completed (16ms): Purged everything.
[2025-09-07 14:24:48] Scanning for files in /workspaces/demo-private/.codeql-db/db-py/trap/python
[2025-09-07 14:24:48] Found 146 TRAP files (1.38 MiB)
[2025-09-07 14:24:48] [PROGRESS] dataset import> Importing TRAP files
[2025-09-07 14:24:49] Importing $files.IZjBDBRYakHJxmMsd7qrOJujTiU=.trap.gz (1 of 146)
[2025-09-07 14:24:49] Importing $files.XZswDd4tQPzYA5cz2k0GOpTgZ00=.trap.gz (2 of 146)
[2025-09-07 14:24:49] Importing $flags.HSBjP4JzjlpFmyORlVLh96JENGA=.trap.gz (3 of 146)
[2025-09-07 14:24:49] Importing $interpreter3.c1ELryPrPu6-c6Uh2L4yLnpgzA0=.trap.gz (4 of 146)
[2025-09-07 14:24:49] Importing $stdlib_33.qp1BIM_rKFKC1oicr4FLCZTnrG0=.trap (5 of 146)
[2025-09-07 14:24:49] Importing builtins.eG3wYMzIjSzXJ1LSbTM0PBTVE98=.trap.gz (6 of 146)
[2025-09-07 14:24:49] Importing client.py.CuA7ge3yGN5XmXZA3C8XudIt7XM=.trap.gz (7 of 146)
[2025-09-07 14:24:49] Importing components.rGM9mdCU8VZ_-FK3yVVp-Dvlb5U=.trap.gz (8 of 146)
[2025-09-07 14:24:49] Importing concurrent.zIX02E52FHjYDmFw0aQlHbkjpJo=.trap.gz (9 of 146)
[2025-09-07 14:24:49] Importing demo_pb2.py.HYl_iG-5j0T0cppfmJB97n_c9wQ=.trap.gz (10 of 146)
[2025-09-07 14:24:49] Importing demo_pb2.py.r4oQH4DGX9kqiQk2_Twtg7Ssy0A=.trap.gz (11 of 146)
[2025-09-07 14:24:49] Importing demo_pb2_grpc.py.ILaXqFEfaKL56ZrP0k6zt5guW7Y=.trap.gz (12 of 146)
[2025-09-07 14:24:49] Importing demo_pb2_grpc.py.LjrKgtxAcmo-caKalWz1_vUzHCU=.trap.gz (13 of 146)
[2025-09-07 14:24:49] Importing email.XRXuOhPSw-46YmZ_8SAelkZkvd8=.trap.gz (14 of 146)
[2025-09-07 14:24:49] Importing email_client.py.DGUTRsteAB0nTmTnsf4ajAKQKfY=.trap.gz (15 of 146)
[2025-09-07 14:24:49] Importing email_server.py.QUq_fCDkfV0joIlk8X4-2OxYF1A=.trap.gz (16 of 146)
[2025-09-07 14:24:49] Importing emailservice.G3IhTmOxrYpv_F5fd0_sBdgmjEM=.trap.gz (17 of 146)
[2025-09-07 14:24:49] Importing futures.GGa_3rjSla-lJxn3YTf1DwiihHI=.trap.gz (18 of 146)
[2025-09-07 14:24:49] Importing generate_sql_from_products.py.Uj6hrFAt6f5Tre48XLBMhZbRj8w=.trap.gz (19 of 146)
[2025-09-07 14:24:49] Importing json.kj8OtIvk3l4nmv7TfnxxCOPE1Bo=.trap.gz (20 of 146)
[2025-09-07 14:24:49] Importing kustomize.CQGHYWGGCAoFRUn_mY4qmqCRlMM=.trap.gz (21 of 146)
[2025-09-07 14:24:49] Importing loadgenerator.aMuvJogDRl2Q0JC2Z51rxr0w6Z0=.trap.gz (22 of 146)
[2025-09-07 14:24:49] Importing locustfile.py.8X-z4-MjPYBfsrgfbxlZ5tTUvmw=.trap.gz (23 of 146)
[2025-09-07 14:24:49] Importing logger.py.-hvEKjy2HYNgPzr_GoXETxFlegw=.trap.gz (24 of 146)
[2025-09-07 14:24:49] Importing logger.py.EbH9pHeuM_4jBXj9h96_blZlnaY=.trap.gz (25 of 146)
[2025-09-07 14:24:49] Importing logging._jag1vk5ggqarzP8F0OKMDK6A68=.trap.gz (26 of 146)
[2025-09-07 14:24:49] Importing mail_helpers.py.VNw3t2SkFkpDeXEezEdGMKDzeZ8=.trap.gz (27 of 146)
[2025-09-07 14:24:49] Importing metadata.trap.gz (28 of 146)
[2025-09-07 14:24:49] Importing recommendation_server.py.5AFq-TLjmLEmXVMEaoBkAEWdUCo=.trap.gz (29 of 146)
[2025-09-07 14:24:49] Importing recommendationservice.gyX55csVQdARPLdaeKHs8SOG1xk=.trap.gz (30 of 146)
[2025-09-07 14:24:49] Importing scripts.SMblLxsFSmrlZMP2taxmQ4N3lxQ=.trap.gz (31 of 146)
[2025-09-07 14:24:49] Importing send_demo.py.j0LQLdj7lVDXo_Wes8FcKCeFJnM=.trap.gz (32 of 146)
[2025-09-07 14:24:49] Importing shoppingassistantservice.XA6kZqlSBZgi6CHL7zcf84O_RKo=.trap.gz (33 of 146)
[2025-09-07 14:24:49] Importing shoppingassistantservice.py.sHFZ2XbZd39jbs0xs0vf1a_5xp8=.trap.gz (34 of 146)
[2025-09-07 14:24:49] Importing src.-LmoJI2l4VT53X0ROKTnAnHX-B8=.trap.gz (35 of 146)
[2025-09-07 14:24:49] Importing sys.pKE6NpwdeZFcyd1njIjqiJoNGDk=.trap.gz (36 of 146)
[2025-09-07 14:24:49] Importing test_send_demo_smtp.py.nHa1qHsY91HTZxreTqrLxE3jK08=.trap.gz (37 of 146)
[2025-09-07 14:24:49] Importing time.zzM7s9N7ouQMFrRYv4UByNvXZu0=.trap.gz (38 of 146)
[2025-09-07 14:24:49] Importing urllib.K8QkHggIu6EQ-WSw9Qv3gEf7JaI=.trap.gz (39 of 146)
[2025-09-07 14:24:49] Importing vuln_demo.py.Aa3_6k3didGCVgGUuJbccYgCvpk=.trap.gz (40 of 146)
[2025-09-07 14:24:49] Importing codeql-database.yml.trap.gz (41 of 146)
[2025-09-07 14:24:49] Importing deploystack.yaml.trap.gz (42 of 146)
[2025-09-07 14:24:49] Importing test.yaml.trap.gz (43 of 146)
[2025-09-07 14:24:49] Importing auto-approve.yml.trap.gz (44 of 146)
[2025-09-07 14:24:49] Importing codeql-pack.lock.yml.trap.gz (45 of 146)
[2025-09-07 14:24:49] Importing codeql-pack.yml.trap.gz (46 of 146)
[2025-09-07 14:24:49] Importing header-checker-lint.yml.trap.gz (47 of 146)
[2025-09-07 14:24:49] Importing backend-config.yaml.trap.gz (48 of 146)
[2025-09-07 14:24:49] Importing frontend-config.yaml.trap.gz (49 of 146)
[2025-09-07 14:24:49] Importing frontend-ingress.yaml.trap.gz (50 of 146)
[2025-09-07 14:24:49] Importing frontend-service.yaml.trap.gz (51 of 146)
[2025-09-07 14:24:49] Importing managed-cert.yaml.trap.gz (52 of 146)
[2025-09-07 14:24:49] Importing snippet-bot.yml.trap.gz (53 of 146)
[2025-09-07 14:24:49] Importing ci-main.yaml.trap.gz (54 of 146)
[2025-09-07 14:24:49] Importing ci-pr.yaml.trap.gz (55 of 146)
[2025-09-07 14:24:49] Importing cleanup.yaml.trap.gz (56 of 146)
[2025-09-07 14:24:50] Importing codeql.yml.trap.gz (57 of 146)
[2025-09-07 14:24:50] Importing helm-chart-ci.yaml.trap.gz (58 of 146)
[2025-09-07 14:24:50] Importing kubevious-manifests-ci.yaml.trap.gz (59 of 146)
[2025-09-07 14:24:50] Importing kustomize-build-ci.yaml.trap.gz (60 of 146)
[2025-09-07 14:24:50] Importing terraform-validate-ci.yaml.trap.gz (61 of 146)
[2025-09-07 14:24:50] Importing cloudbuild.yaml.trap.gz (62 of 146)
[2025-09-07 14:24:50] Importing codeql-database.yml.trap.gz (63 of 146)
[2025-09-07 14:24:50] Importing Chart.yaml.trap.gz (64 of 146)
[2025-09-07 14:24:50] Importing adservice.yaml.trap.gz (65 of 146)
[2025-09-07 14:24:50] Importing cartservice.yaml.trap.gz (66 of 146)
[2025-09-07 14:24:50] Importing checkoutservice.yaml.trap.gz (67 of 146)
[2025-09-07 14:24:50] Importing common.yaml.trap.gz (68 of 146)
[2025-09-07 14:24:50] Importing currencyservice.yaml.trap.gz (69 of 146)
[2025-09-07 14:24:50] Importing emailservice.yaml.trap.gz (70 of 146)
[2025-09-07 14:24:50] Importing frontend.yaml.trap.gz (71 of 146)
[2025-09-07 14:24:50] Importing loadgenerator.yaml.trap.gz (72 of 146)
[2025-09-07 14:24:50] Importing opentelemetry-collector.yaml.trap.gz (73 of 146)
[2025-09-07 14:24:50] Importing paymentservice.yaml.trap.gz (74 of 146)
[2025-09-07 14:24:50] Importing productcatalogservice.yaml.trap.gz (75 of 146)
[2025-09-07 14:24:50] Importing recommendationservice.yaml.trap.gz (76 of 146)
[2025-09-07 14:24:50] Importing shippingservice.yaml.trap.gz (77 of 146)
[2025-09-07 14:24:50] Importing values.yaml.trap.gz (78 of 146)
[2025-09-07 14:24:50] Importing allow-egress-googleapis.yaml.trap.gz (79 of 146)
[2025-09-07 14:24:50] Importing frontend-gateway.yaml.trap.gz (80 of 146)
[2025-09-07 14:24:50] Importing frontend.yaml.trap.gz (81 of 146)
[2025-09-07 14:24:50] Importing adservice.yaml.trap.gz (82 of 146)
[2025-09-07 14:24:50] Importing cartservice.yaml.trap.gz (83 of 146)
[2025-09-07 14:24:50] Importing checkoutservice.yaml.trap.gz (84 of 146)
[2025-09-07 14:24:50] Importing currencyservice.yaml.trap.gz (85 of 146)
[2025-09-07 14:24:50] Importing emailservice.yaml.trap.gz (86 of 146)
[2025-09-07 14:24:50] Importing frontend.yaml.trap.gz (87 of 146)
[2025-09-07 14:24:50] Importing kustomization.yaml.trap.gz (88 of 146)
[2025-09-07 14:24:50] Importing loadgenerator.yaml.trap.gz (89 of 146)
[2025-09-07 14:24:50] Importing paymentservice.yaml.trap.gz (90 of 146)
[2025-09-07 14:24:50] Importing productcatalogservice.yaml.trap.gz (91 of 146)
[2025-09-07 14:24:50] Importing recommendationservice.yaml.trap.gz (92 of 146)
[2025-09-07 14:24:50] Importing shippingservice.yaml.trap.gz (93 of 146)
[2025-09-07 14:24:50] Importing adservice.yaml.trap.gz (94 of 146)
[2025-09-07 14:24:50] Importing cartservice.yaml.trap.gz (95 of 146)
[2025-09-07 14:24:50] Importing checkoutservice.yaml.trap.gz (96 of 146)
[2025-09-07 14:24:50] Importing currencyservice.yaml.trap.gz (97 of 146)
[2025-09-07 14:24:50] Importing emailservice.yaml.trap.gz (98 of 146)
[2025-09-07 14:24:50] Importing frontend.yaml.trap.gz (99 of 146)
[2025-09-07 14:24:50] Importing kustomization.yaml.trap.gz (100 of 146)
[2025-09-07 14:24:50] Importing loadgenerator.yaml.trap.gz (101 of 146)
[2025-09-07 14:24:50] Importing paymentservice.yaml.trap.gz (102 of 146)
[2025-09-07 14:24:50] Importing productcatalogservice.yaml.trap.gz (103 of 146)
[2025-09-07 14:24:50] Importing recommendationservice.yaml.trap.gz (104 of 146)
[2025-09-07 14:24:50] Importing shippingservice.yaml.trap.gz (105 of 146)
[2025-09-07 14:24:50] Importing kustomization.yaml.trap.gz (106 of 146)
[2025-09-07 14:24:50] Importing kustomization.yaml.trap.gz (107 of 146)
[2025-09-07 14:24:50] Importing kustomization.yaml.trap.gz (108 of 146)
[2025-09-07 14:24:50] Importing kustomization.yaml.trap.gz (109 of 146)
[2025-09-07 14:24:50] Importing kustomization.yaml.trap.gz (110 of 146)
[2025-09-07 14:24:50] Importing kustomization.yaml.trap.gz (111 of 146)
[2025-09-07 14:24:50] Importing kustomization.yaml.trap.gz (112 of 146)
[2025-09-07 14:24:50] Importing otel-collector.yaml.trap.gz (113 of 146)
[2025-09-07 14:24:50] Importing kustomization.yaml.trap.gz (114 of 146)
[2025-09-07 14:24:50] Importing kustomization.yaml.trap.gz (115 of 146)
[2025-09-07 14:24:50] Importing network-policy-adservice.yaml.trap.gz (116 of 146)
[2025-09-07 14:24:50] Importing network-policy-cartservice.yaml.trap.gz (117 of 146)
[2025-09-07 14:24:50] Importing network-policy-checkoutservice.yaml.trap.gz (118 of 146)
[2025-09-07 14:24:50] Importing network-policy-currencyservice.yaml.trap.gz (119 of 146)
[2025-09-07 14:24:50] Importing network-policy-deny-all.yaml.trap.gz (120 of 146)
[2025-09-07 14:24:50] Importing network-policy-emailservice.yaml.trap.gz (121 of 146)
[2025-09-07 14:24:50] Importing network-policy-frontend.yaml.trap.gz (122 of 146)
[2025-09-07 14:24:50] Importing network-policy-loadgenerator.yaml.trap.gz (123 of 146)
[2025-09-07 14:24:50] Importing network-policy-paymentservice.yaml.trap.gz (124 of 146)
[2025-09-07 14:24:50] Importing network-policy-productcatalogservice.yaml.trap.gz (125 of 146)
[2025-09-07 14:24:50] Importing network-policy-recommendationservice.yaml.trap.gz (126 of 146)
[2025-09-07 14:24:50] Importing network-policy-redis.yaml.trap.gz (127 of 146)
[2025-09-07 14:24:50] Importing network-policy-shippingservice.yaml.trap.gz (128 of 146)
[2025-09-07 14:24:50] Importing kustomization.yaml.trap.gz (129 of 146)
[2025-09-07 14:24:50] Importing allow-egress-googleapis.yaml.trap.gz (130 of 146)
[2025-09-07 14:24:50] Importing frontend-gateway.yaml.trap.gz (131 of 146)
[2025-09-07 14:24:50] Importing frontend.yaml.trap.gz (132 of 146)
[2025-09-07 14:24:50] Importing kustomization.yaml.trap.gz (133 of 146)
[2025-09-07 14:24:50] Importing kustomization.yaml.trap.gz (134 of 146)
[2025-09-07 14:24:50] Importing shoppingassistantservice.yaml.trap.gz (135 of 146)
[2025-09-07 14:24:50] Importing kustomization.yaml.trap.gz (136 of 146)
[2025-09-07 14:24:50] Importing kustomization.yaml.trap.gz (137 of 146)
[2025-09-07 14:24:50] Importing delete-loadgenerator.patch.yaml.trap.gz (138 of 146)
[2025-09-07 14:24:50] Importing kustomization.yaml.trap.gz (139 of 146)
[2025-09-07 14:24:50] Importing kustomization.yaml.trap.gz (140 of 146)
[2025-09-07 14:24:50] Importing kustomization.yaml.trap.gz (141 of 146)
[2025-09-07 14:24:50] Importing kustomization.yaml.trap.gz (142 of 146)
[2025-09-07 14:24:50] Importing kustomization.yaml.trap.gz (143 of 146)
[2025-09-07 14:24:50] Importing istio-manifests.yaml.trap.gz (144 of 146)
[2025-09-07 14:24:50] Importing kubernetes-manifests.yaml.trap.gz (145 of 146)
[2025-09-07 14:24:50] Importing skaffold.yaml.trap.gz (146 of 146)
[2025-09-07 14:24:50] [PROGRESS] dataset import> Merging relations
[2025-09-07 14:24:50] Merging 1 fragment for 'files'.
[2025-09-07 14:24:50] Merged 306 bytes for 'files'.
[2025-09-07 14:24:50] Merging 1 fragment for 'folders'.
[2025-09-07 14:24:50] Merged 164 bytes for 'folders'.
[2025-09-07 14:24:50] Merging 1 fragment for 'containerparent'.
[2025-09-07 14:24:50] Merged 393 bytes for 'containerparent'.
[2025-09-07 14:24:50] Merging 1 fragment for 'py_flags_versioned'.
[2025-09-07 14:24:50] Merged 182 bytes for 'py_flags_versioned'.
[2025-09-07 14:24:50] Merging 1 fragment for 'py_cobjects'.
[2025-09-07 14:24:50] Merged 5132 bytes (5.01 KiB) for 'py_cobjects'.
[2025-09-07 14:24:50] Merging 1 fragment for 'py_cobjecttypes'.
[2025-09-07 14:24:50] Merged 6212 bytes (6.07 KiB) for 'py_cobjecttypes'.
[2025-09-07 14:24:50] Merging 1 fragment for 'py_cobject_sources'.
[2025-09-07 14:24:50] Merged 7305 bytes (7.13 KiB) for 'py_cobject_sources'.
[2025-09-07 14:24:50] Merging 1 fragment for 'py_cobjectnames'.
[2025-09-07 14:24:50] Merged 7071 bytes (6.91 KiB) for 'py_cobjectnames'.
[2025-09-07 14:24:50] Merging 1 fragment for 'py_cmembers_versioned'.
[2025-09-07 14:24:50] Merged 6799 bytes (6.64 KiB) for 'py_cmembers_versioned'.
[2025-09-07 14:24:50] Merging 1 fragment for 'py_special_objects'.
[2025-09-07 14:24:50] Merged 135 bytes for 'py_special_objects'.
[2025-09-07 14:24:50] Merging 1 fragment for 'py_citems'.
[2025-09-07 14:24:50] Merged 477 bytes for 'py_citems'.
[2025-09-07 14:24:50] Merging 1 fragment for 'ext_rettype'.
[2025-09-07 14:24:50] Merged 4038 bytes (3.94 KiB) for 'ext_rettype'.
[2025-09-07 14:24:50] Merging 1 fragment for 'ext_argtype'.
[2025-09-07 14:24:50] Merged 6820 bytes (6.66 KiB) for 'ext_argtype'.
[2025-09-07 14:24:50] Merging 1 fragment for 'ext_argreturn'.
[2025-09-07 14:24:50] Merged 41 bytes for 'ext_argreturn'.
[2025-09-07 14:24:50] Merging 1 fragment for 'ext_proptype'.
[2025-09-07 14:24:50] Merged 343 bytes for 'ext_proptype'.
[2025-09-07 14:24:50] Merging 1 fragment for 'py_Modules'.
[2025-09-07 14:24:50] Merged 48 bytes for 'py_Modules'.
[2025-09-07 14:24:50] Merging 1 fragment for 'py_module_path'.
[2025-09-07 14:24:50] Merged 99 bytes for 'py_module_path'.
[2025-09-07 14:24:50] Merging 1 fragment for 'variable'.
[2025-09-07 14:24:50] Merged 4492 bytes (4.39 KiB) for 'variable'.
[2025-09-07 14:24:50] Merging 1 fragment for 'py_extracted_version'.
[2025-09-07 14:24:50] Merged 45 bytes for 'py_extracted_version'.
[2025-09-07 14:24:50] Merging 1 fragment for 'py_stmt_lists'.
[2025-09-07 14:24:50] Merged 1167 bytes (1.14 KiB) for 'py_stmt_lists'.
[2025-09-07 14:24:50] Merging 1 fragment for 'py_stmts'.
[2025-09-07 14:24:50] Merged 4338 bytes (4.24 KiB) for 'py_stmts'.
[2025-09-07 14:24:50] Merging 1 fragment for 'py_scopes'.
[2025-09-07 14:24:50] Merged 8846 bytes (8.64 KiB) for 'py_scopes'.
[2025-09-07 14:24:50] Merging 1 fragment for 'py_alias_lists'.
[2025-09-07 14:24:50] Merged 243 bytes for 'py_alias_lists'.
[2025-09-07 14:24:50] Merging 1 fragment for 'py_aliases'.
[2025-09-07 14:24:50] Merged 297 bytes for 'py_aliases'.
[2025-09-07 14:24:50] Merging 1 fragment for 'py_exprs'.
[2025-09-07 14:24:50] Merged 23890 bytes (23.33 KiB) for 'py_exprs'.
[2025-09-07 14:24:50] Merging 1 fragment for 'py_ints'.
[2025-09-07 14:24:50] Merged 145 bytes for 'py_ints'.
[2025-09-07 14:24:50] Merging 1 fragment for 'py_strs'.
[2025-09-07 14:24:50] Merged 7345 bytes (7.17 KiB) for 'py_strs'.
[2025-09-07 14:24:50] Merging 1 fragment for 'py_bools'.
[2025-09-07 14:24:50] Merged 165 bytes for 'py_bools'.
[2025-09-07 14:24:50] Merging 1 fragment for 'py_variables'.
[2025-09-07 14:24:50] Merged 6296 bytes (6.15 KiB) for 'py_variables'.
[2025-09-07 14:24:50] Merging 1 fragment for 'py_expr_contexts'.
[2025-09-07 14:24:50] Merged 10605 bytes (10.36 KiB) for 'py_expr_contexts'.
[2025-09-07 14:24:50] Merging 1 fragment for 'py_expr_lists'.
[2025-09-07 14:24:50] Merged 4507 bytes (4.40 KiB) for 'py_expr_lists'.
[2025-09-07 14:24:50] Merging 1 fragment for 'py_cmpop_lists'.
[2025-09-07 14:24:50] Merged 102 bytes for 'py_cmpop_lists'.
[2025-09-07 14:24:50] Merging 1 fragment for 'py_cmpops'.
[2025-09-07 14:24:50] Merged 147 bytes for 'py_cmpops'.
[2025-09-07 14:24:50] Merging 1 fragment for 'py_numbers'.
[2025-09-07 14:24:50] Merged 1607 bytes (1.57 KiB) for 'py_numbers'.
[2025-09-07 14:24:50] Merging 1 fragment for 'py_operators'.
[2025-09-07 14:24:50] Merged 115 bytes for 'py_operators'.
[2025-09-07 14:24:50] Merging 1 fragment for 'py_dict_item_lists'.
[2025-09-07 14:24:50] Merged 369 bytes for 'py_dict_item_lists'.
[2025-09-07 14:24:50] Merging 1 fragment for 'py_dict_items'.
[2025-09-07 14:24:50] Merged 1130 bytes (1.10 KiB) for 'py_dict_items'.
[2025-09-07 14:24:50] Merging 1 fragment for 'py_exports'.
[2025-09-07 14:24:50] Merged 221 bytes for 'py_exports'.
[2025-09-07 14:24:50] Merging 1 fragment for 'py_flow_bb_node'.
[2025-09-07 14:24:50] Merged 21872 bytes (21.36 KiB) for 'py_flow_bb_node'.
[2025-09-07 14:24:50] Merging 1 fragment for 'py_scope_flow'.
[2025-09-07 14:24:50] Merged 3060 bytes (2.99 KiB) for 'py_scope_flow'.
[2025-09-07 14:24:50] Merging 1 fragment for 'py_successors'.
[2025-09-07 14:24:50] Merged 13548 bytes (13.23 KiB) for 'py_successors'.
[2025-09-07 14:24:50] Merging 1 fragment for 'py_true_successors'.
[2025-09-07 14:24:50] Merged 128 bytes for 'py_true_successors'.
[2025-09-07 14:24:50] Merging 1 fragment for 'py_false_successors'.
[2025-09-07 14:24:50] Merged 129 bytes for 'py_false_successors'.
[2025-09-07 14:24:50] Merging 1 fragment for 'py_idoms'.
[2025-09-07 14:24:50] Merged 13034 bytes (12.73 KiB) for 'py_idoms'.
[2025-09-07 14:24:50] Merging 1 fragment for 'py_ssa_var'.
[2025-09-07 14:24:50] Merged 2380 bytes (2.32 KiB) for 'py_ssa_var'.
[2025-09-07 14:24:50] Merging 1 fragment for 'py_ssa_defn'.
[2025-09-07 14:24:50] Merged 1980 bytes (1.93 KiB) for 'py_ssa_defn'.
[2025-09-07 14:24:50] Merging 1 fragment for 'py_ssa_use'.
[2025-09-07 14:24:50] Merged 2914 bytes (2.85 KiB) for 'py_ssa_use'.
[2025-09-07 14:24:50] Merging 1 fragment for 'py_ssa_phi'.
[2025-09-07 14:24:50] Merged 177 bytes for 'py_ssa_phi'.
[2025-09-07 14:24:50] Merging 1 fragment for 'locations_ast'.
[2025-09-07 14:24:50] Merged 36467 bytes (35.61 KiB) for 'locations_ast'.
[2025-09-07 14:24:50] Merging 1 fragment for 'py_scope_location'.
[2025-09-07 14:24:50] Merged 624 bytes for 'py_scope_location'.
[2025-09-07 14:24:50] Merging 1 fragment for 'py_comments'.
[2025-09-07 14:24:50] Merged 878 bytes for 'py_comments'.
[2025-09-07 14:24:50] Merging 1 fragment for 'py_codelines'.
[2025-09-07 14:24:50] Merged 532 bytes for 'py_codelines'.
[2025-09-07 14:24:50] Merging 1 fragment for 'py_commentlines'.
[2025-09-07 14:24:50] Merged 312 bytes for 'py_commentlines'.
[2025-09-07 14:24:50] Merging 1 fragment for 'py_docstringlines'.
[2025-09-07 14:24:50] Merged 443 bytes for 'py_docstringlines'.
[2025-09-07 14:24:50] Merging 1 fragment for 'py_alllines'.
[2025-09-07 14:24:50] Merged 517 bytes for 'py_alllines'.
[2025-09-07 14:24:50] Merging 1 fragment for 'numlines'.
[2025-09-07 14:24:50] Merged 135 bytes for 'numlines'.
[2025-09-07 14:24:50] Merging 1 fragment for 'py_locations'.
[2025-09-07 14:24:50] Merged 14601 bytes (14.26 KiB) for 'py_locations'.
[2025-09-07 14:24:50] Merging 1 fragment for 'py_Classes'.
[2025-09-07 14:24:50] Merged 245 bytes for 'py_Classes'.
[2025-09-07 14:24:50] Merging 1 fragment for 'py_arguments'.
[2025-09-07 14:24:50] Merged 398 bytes for 'py_arguments'.
[2025-09-07 14:24:50] Merging 1 fragment for 'py_Functions'.
[2025-09-07 14:24:50] Merged 406 bytes for 'py_Functions'.
[2025-09-07 14:24:50] Merging 1 fragment for 'py_parameter_lists'.
[2025-09-07 14:24:50] Merged 389 bytes for 'py_parameter_lists'.
[2025-09-07 14:24:50] Merging 1 fragment for 'py_exception_successors'.
[2025-09-07 14:24:50] Merged 425 bytes for 'py_exception_successors'.
[2025-09-07 14:24:50] Merging 1 fragment for 'py_unaryops'.
[2025-09-07 14:24:50] Merged 48 bytes for 'py_unaryops'.
[2025-09-07 14:24:50] Merging 1 fragment for 'py_boolops'.
[2025-09-07 14:24:50] Merged 53 bytes for 'py_boolops'.
[2025-09-07 14:24:50] Merging 1 fragment for 'sourceLocationPrefix'.
[2025-09-07 14:24:50] Merged 17 bytes for 'sourceLocationPrefix'.
[2025-09-07 14:24:50] Merging 1 fragment for 'py_StringPart_lists'.
[2025-09-07 14:24:50] Merged 33 bytes for 'py_StringPart_lists'.
[2025-09-07 14:24:50] Merging 1 fragment for 'py_StringParts'.
[2025-09-07 14:24:50] Merged 47 bytes for 'py_StringParts'.
[2025-09-07 14:24:50] Merging 1 fragment for 'yaml_scalars'.
[2025-09-07 14:24:50] Merged 19648 bytes (19.19 KiB) for 'yaml_scalars'.
[2025-09-07 14:24:50] Merging 1 fragment for 'yaml'.
[2025-09-07 14:24:50] Merged 62426 bytes (60.96 KiB) for 'yaml'.
[2025-09-07 14:24:50] Merging 1 fragment for 'locations_default'.
[2025-09-07 14:24:50] Merged 50230 bytes (49.05 KiB) for 'locations_default'.
[2025-09-07 14:24:50] Merging 1 fragment for 'yaml_locations'.
[2025-09-07 14:24:50] Merged 18591 bytes (18.16 KiB) for 'yaml_locations'.
[2025-09-07 14:24:50] Merging 1 fragment for 'yaml_errors'.
[2025-09-07 14:24:50] Merged 45 bytes for 'yaml_errors'.
[2025-09-07 14:24:50] Saving string and id pools to disk.
[2025-09-07 14:24:50] Finished importing TRAP files.
[2025-09-07 14:24:50] Read 5.75 MiB of uncompressed TRAP data.
[2025-09-07 14:24:50] Uncompressed relation data size: 1.57 MiB
[2025-09-07 14:24:50] Relation data size: 379.27 KiB (merge rate: 1.72 MiB/s)
[2025-09-07 14:24:50] String pool size: 2.13 MiB
[2025-09-07 14:24:50] ID pool size: 1.38 MiB
[2025-09-07 14:24:50] [PROGRESS] dataset import> Finished writing database (relations: 379.27 KiB; string pool: 2.13 MiB).
[2025-09-07 14:24:50] Pausing evaluation to close the cache at sequence stamp o+147
[2025-09-07 14:24:50] The disk cache is freshly trimmed; leave it be.
[2025-09-07 14:24:50] Unpausing evaluation
[2025-09-07 14:24:50] Plumbing command codeql dataset import completed.
[2025-09-07 14:24:50] [PROGRESS] database finalize> TRAP import complete (2.2s).
[2025-09-07 14:24:50] Running plumbing command: codeql database cleanup -- /workspaces/demo-private/.codeql-db/db-py
[2025-09-07 14:24:50] [PROGRESS] database cleanup> Cleaning up existing TRAP files after import...
[2025-09-07 14:24:50] [PROGRESS] database cleanup> TRAP files cleaned up (8ms).
[2025-09-07 14:24:50] [PROGRESS] database cleanup> Cleaning up scratch directory...
[2025-09-07 14:24:50] [PROGRESS] database cleanup> Scratch directory cleaned up (3ms).
[2025-09-07 14:24:50] Running plumbing command: codeql dataset cleanup -- /workspaces/demo-private/.codeql-db/db-py/db-python
[2025-09-07 14:24:50] [PROGRESS] dataset cleanup> Cleaning up dataset in /workspaces/demo-private/.codeql-db/db-py/db-python.
[2025-09-07 14:24:50] Trimming disk cache at /workspaces/demo-private/.codeql-db/db-py/db-python/default/cache in mode trim.
[2025-09-07 14:24:50] Sequence stamp origin is -6006532848056650758
[2025-09-07 14:24:50] Pausing evaluation to quickly trim memory at sequence stamp o+0
[2025-09-07 14:24:50] Unpausing evaluation
[2025-09-07 14:24:50] Pausing evaluation to zealously trim disk at sequence stamp o+1
[2025-09-07 14:24:50] Unpausing evaluation
[2025-09-07 14:24:50] Trimming completed (5ms): Trimmed disposable data from cache.
[2025-09-07 14:24:50] Pausing evaluation to close the cache at sequence stamp o+2
[2025-09-07 14:24:50] The disk cache is freshly trimmed; leave it be.
[2025-09-07 14:24:50] Unpausing evaluation
[2025-09-07 14:24:50] [PROGRESS] dataset cleanup> Trimmed disposable data from cache.
[2025-09-07 14:24:50] [PROGRESS] dataset cleanup> Finalizing dataset in /workspaces/demo-private/.codeql-db/db-py/db-python
[2025-09-07 14:24:50] [DETAILS] dataset cleanup> Finished deleting ID pool from /workspaces/demo-private/.codeql-db/db-py/db-python (1ms).
[2025-09-07 14:24:50] Plumbing command codeql dataset cleanup completed.
[2025-09-07 14:24:50] Plumbing command codeql database cleanup completed with status 0.
[2025-09-07 14:24:50] [PROGRESS] database finalize> Finished zipping source archive (137.18 KiB).
[2025-09-07 14:24:50] Plumbing command codeql database finalize completed.
[2025-09-07 14:24:50] [PROGRESS] database create> Successfully created database at /workspaces/demo-private/.codeql-db/db-py.
[2025-09-07 14:24:50] Terminating normally.
